2025.12.17 17:03:29,698	INFO	3	org.l2jmobius.commons.util.IXmlReader	Network Config: ipconfig.xml exists, using manual configuration...
2025.12.17 17:03:29,789	INFO	3	org.l2jmobius.gameserver.config.ServerConfig	Loaded 6 Filter Words.
2025.12.17 17:03:29,833	WARNING	3	org.l2jmobius.commons.util.ConfigReader	Config 'bufftime' not found in file 'Custom.ini', using default: 14400.
2025.12.17 17:03:29,834	INFO	3	org.l2jmobius.gameserver.GameServer	------------------------------------------------=[ Database ]
2025.12.17 17:03:29,938	INFO	3	org.l2jmobius.commons.database.DatabaseFactory	Database: HikariCP pool initialized successfully.
2025.12.17 17:03:30,066	INFO	3	org.l2jmobius.commons.database.DatabaseFactory	Database: Initialized with a valid connection.
2025.12.17 17:03:30,073	INFO	3	org.l2jmobius.gameserver.GameServer	----------------------------------------------=[ ThreadPool ]
2025.12.17 17:03:30,073	INFO	3	org.l2jmobius.commons.threads.ThreadPool	ThreadPool: Initializing.
2025.12.17 17:03:30,074	INFO	3	org.l2jmobius.commons.threads.ThreadPool	...scheduled pool executor with 16 high priority threads.
2025.12.17 17:03:30,078	INFO	3	org.l2jmobius.commons.threads.ThreadPool	...scheduled pool executor with 64 total threads.
2025.12.17 17:03:30,078	INFO	3	org.l2jmobius.commons.threads.ThreadPool	...instant pool executor with 32 total threads.
2025.12.17 17:03:30,079	INFO	3	org.l2jmobius.gameserver.GameServer	-----------------------------------------------=[ IdManager ]
2025.12.17 17:03:30,099	INFO	3	org.l2jmobius.gameserver.managers.DatabaseIdManager	DatabaseIdManager: Cleaned 0 elements in 0 seconds.
2025.12.17 17:03:30,101	INFO	3	org.l2jmobius.gameserver.managers.DatabaseIdManager	DatabaseIdManager: Updated character online status.
2025.12.17 17:03:30,107	INFO	3	org.l2jmobius.gameserver.managers.DatabaseIdManager	DatabaseIdManager: Cleaned 0 expired timestamps.
2025.12.17 17:03:30,121	INFO	3	org.l2jmobius.gameserver.managers.IdManager	IdManager: 102912 ids available.
2025.12.17 17:03:30,121	INFO	3	org.l2jmobius.gameserver.GameServer	----------------------------------------=[ Scripting Engine ]
2025.12.17 17:03:30,166	INFO	3	org.l2jmobius.gameserver.scripting.ScriptEngine	Loaded 921 files to exclude.
2025.12.17 17:03:30,166	INFO	3	org.l2jmobius.gameserver.GameServer	---------------------------------------------------=[ World ]
2025.12.17 17:03:30,306	INFO	3	org.l2jmobius.gameserver.managers.MapRegionManager	MapRegionManager: Loaded 60 map regions.
2025.12.17 17:03:30,310	INFO	3	org.l2jmobius.gameserver.managers.ZoneManager	ZoneManager 19 by 18 Zone Region Grid set up.
2025.12.17 17:03:30,579	INFO	3	org.l2jmobius.gameserver.managers.ZoneManager	ZoneManager: Loaded 35 zone classes and 2793 zones.
2025.12.17 17:03:30,585	INFO	3	org.l2jmobius.gameserver.managers.ZoneManager	ZoneManager: Last static id 202209.
2025.12.17 17:03:30,754	INFO	3	org.l2jmobius.gameserver.data.xml.DoorData	DoorData: Loaded 1257 doors.
2025.12.17 17:03:30,761	INFO	3	FenceData	FenceData: Loaded 1 fences.
2025.12.17 17:03:30,767	INFO	3	org.l2jmobius.gameserver.managers.GlobalVariablesManager	GlobalVariablesManager: Loaded 10 variables.
2025.12.17 17:03:30,769	INFO	3	org.l2jmobius.gameserver.GameServer	----------------------------------------------------=[ Data ]
2025.12.17 17:03:30,775	INFO	3	org.l2jmobius.gameserver.data.xml.ActionData	ActionData: Loaded 222 player actions.
2025.12.17 17:03:30,782	INFO	3	org.l2jmobius.gameserver.data.xml.CategoryData	CategoryData: Loaded 44 categories.
2025.12.17 17:03:30,790	INFO	3	org.l2jmobius.gameserver.data.xml.SecondaryAuthData	SecondaryAuthData: Loaded 328 forbidden passwords.
2025.12.17 17:03:30,793	INFO	3	org.l2jmobius.gameserver.data.xml.SayuneData	SayuneData: Loaded 0 maps.
2025.12.17 17:03:30,806	INFO	3	org.l2jmobius.gameserver.data.xml.ClanRewardData	ClanRewardData: Loaded 4 rewards for members online.
2025.12.17 17:03:30,806	INFO	3	org.l2jmobius.gameserver.data.xml.ClanRewardData	ClanRewardData: Loaded 4 rewards for hunting monsters.
2025.12.17 17:03:30,815	INFO	3	org.l2jmobius.gameserver.data.xml.MissionLevel	MissionLevel: Loaded 8 seasons.
2025.12.17 17:03:31,473	INFO	3	handlers.DailyMissionMasterHandler	DailyMissionMasterHandler: Loaded 14 handlers.
2025.12.17 17:03:31,487	INFO	3	org.l2jmobius.gameserver.data.xml.DailyMissionData	DailyMissionData: Loaded 76 one day rewards.
2025.12.17 17:03:31,494	INFO	3	org.l2jmobius.gameserver.data.xml.ElementalSpiritData	ElementalSpiritData: Loaded 4 elemental spirit templates.
2025.12.17 17:03:31,503	INFO	3	org.l2jmobius.gameserver.data.xml.SubjugationData	SubjugationData: Loaded 9 data.
2025.12.17 17:03:31,506	INFO	3	org.l2jmobius.gameserver.data.xml.SubjugationGacha	SubjugationGacha: Loaded 6 data.
2025.12.17 17:03:31,511	INFO	3	org.l2jmobius.gameserver.GameServer	-----------------------------------------=[ Aden Laboratory ]
2025.12.17 17:03:31,523	INFO	3	org.l2jmobius.gameserver.data.xml.AdenLaboratoryData	AdenLaboratoryData: Loaded 1 boss and 27 stages.
2025.12.17 17:03:31,544	INFO	3	org.l2jmobius.gameserver.GameServer	--------------------------------------------------=[ Skills ]
2025.12.17 17:03:33,287	INFO	3	handlers.EffectMasterHandler	EffectMasterHandler: Loaded 457 effect handlers.
2025.12.17 17:03:33,408	INFO	3	org.l2jmobius.gameserver.data.xml.TransformData	TransformData: Loaded 60 transform templates.
2025.12.17 17:03:33,550	INFO	3	org.l2jmobius.gameserver.data.xml.SkillEnchantData	SkillEnchantData: Loaded 4 star levels.
2025.12.17 17:03:33,551	INFO	3	org.l2jmobius.gameserver.data.xml.SkillEnchantData	SkillEnchantData: Loaded 5 enchant items.
2025.12.17 17:03:33,551	INFO	3	org.l2jmobius.gameserver.data.xml.SkillEnchantData	SkillEnchantData: Loaded 99 skill enchants.
2025.12.17 17:03:33,564	INFO	3	org.l2jmobius.gameserver.data.xml.EnchantSkillGroupsData	EnchantSkillGroupsData: Loaded 30 enchant routes, max enchant set to 30.
2025.12.17 17:03:35,392	INFO	3	org.l2jmobius.gameserver.data.xml.SkillData	SkillData: Loaded 80175 Skills.
2025.12.17 17:03:35,722	INFO	3	org.l2jmobius.gameserver.data.xml.SkillTreeData	SkillTreeData: Loaded 20212 Class skills for 147 class skill trees.
2025.12.17 17:03:35,723	INFO	3	org.l2jmobius.gameserver.data.xml.SkillTreeData	SkillTreeData: Loaded 0 sub-class skills.
2025.12.17 17:03:35,723	INFO	3	org.l2jmobius.gameserver.data.xml.SkillTreeData	SkillTreeData: Loaded 0 dual-class skills.
2025.12.17 17:03:35,723	INFO	3	org.l2jmobius.gameserver.data.xml.SkillTreeData	SkillTreeData: Loaded 0 transfer skills for 0 transfer skill trees.
2025.12.17 17:03:35,723	INFO	3	org.l2jmobius.gameserver.data.xml.SkillTreeData	SkillTreeData: Loaded 0 race skills for 0 race skill trees.
2025.12.17 17:03:35,723	INFO	3	org.l2jmobius.gameserver.data.xml.SkillTreeData	SkillTreeData: Loaded 18 fishing skills, 8 Dwarven only fishing skills.
2025.12.17 17:03:35,723	INFO	3	org.l2jmobius.gameserver.data.xml.SkillTreeData	SkillTreeData: Loaded 0 collect skills.
2025.12.17 17:03:35,724	INFO	3	org.l2jmobius.gameserver.data.xml.SkillTreeData	SkillTreeData: Loaded 78 clan skills, 47 for clan and 31 residential.
2025.12.17 17:03:35,724	INFO	3	org.l2jmobius.gameserver.data.xml.SkillTreeData	SkillTreeData: Loaded 18 sub-pledge skills.
2025.12.17 17:03:35,724	INFO	3	org.l2jmobius.gameserver.data.xml.SkillTreeData	SkillTreeData: Loaded 0 transform skills.
2025.12.17 17:03:35,724	INFO	3	org.l2jmobius.gameserver.data.xml.SkillTreeData	SkillTreeData: Loaded 1 noble skills.
2025.12.17 17:03:35,724	INFO	3	org.l2jmobius.gameserver.data.xml.SkillTreeData	SkillTreeData: Loaded 1 hero skills.
2025.12.17 17:03:35,724	INFO	3	org.l2jmobius.gameserver.data.xml.SkillTreeData	SkillTreeData: Loaded 34 game master skills.
2025.12.17 17:03:35,724	INFO	3	org.l2jmobius.gameserver.data.xml.SkillTreeData	SkillTreeData: Loaded 1 game master aura skills.
2025.12.17 17:03:35,724	INFO	3	org.l2jmobius.gameserver.data.xml.SkillTreeData	SkillTreeData: Loaded 0 ability skills.
2025.12.17 17:03:35,724	INFO	3	org.l2jmobius.gameserver.data.xml.SkillTreeData	SkillTreeData: Loaded 0 alchemy skills.
2025.12.17 17:03:35,725	INFO	3	org.l2jmobius.gameserver.data.xml.SkillTreeData	SkillTreeData: Loaded 0 class awaken save skills.
2025.12.17 17:03:35,725	INFO	3	org.l2jmobius.gameserver.data.xml.SkillTreeData	SkillTreeData: Loaded 0 Revelation skills.
2025.12.17 17:03:35,733	INFO	3	org.l2jmobius.gameserver.data.xml.PetSkillData	PetSkillData: Loaded 898 skills.
2025.12.17 17:03:35,739	INFO	3	org.l2jmobius.gameserver.data.xml.PetAcquireList	PetAcquireList: Loaded 10 pet skills.
2025.12.17 17:03:35,739	INFO	3	org.l2jmobius.gameserver.GameServer	---------------------------------------------------=[ Items ]
2025.12.17 17:03:36,373	INFO	3	org.l2jmobius.gameserver.data.xml.ItemData	ItemData: Highest item id used: 110000
2025.12.17 17:03:36,380	INFO	3	org.l2jmobius.gameserver.data.xml.ItemData	ItemData: Loaded 19165 etc items.
2025.12.17 17:03:36,380	INFO	3	org.l2jmobius.gameserver.data.xml.ItemData	ItemData: Loaded 3416 armor items.
2025.12.17 17:03:36,380	INFO	3	org.l2jmobius.gameserver.data.xml.ItemData	ItemData: Loaded 2582 weapon items.
2025.12.17 17:03:36,380	INFO	3	org.l2jmobius.gameserver.data.xml.ItemData	ItemData: Loaded 25163 items in total.
2025.12.17 17:03:36,386	INFO	3	org.l2jmobius.gameserver.data.xml.EnchantItemGroupsData	EnchantItemGroupsData: Loaded 33 item group templates.
2025.12.17 17:03:36,386	INFO	3	org.l2jmobius.gameserver.data.xml.EnchantItemGroupsData	EnchantItemGroupsData: Loaded 5 scroll group templates.
2025.12.17 17:03:36,386	INFO	3	org.l2jmobius.gameserver.data.xml.EnchantItemGroupsData	EnchantItemGroupsData: Max weapon enchant is set to 30.
2025.12.17 17:03:36,386	INFO	3	org.l2jmobius.gameserver.data.xml.EnchantItemGroupsData	EnchantItemGroupsData: Max armor enchant is set to 10.
2025.12.17 17:03:36,386	INFO	3	org.l2jmobius.gameserver.data.xml.EnchantItemGroupsData	EnchantItemGroupsData: Max accessory enchant is set to 10.
2025.12.17 17:03:36,391	INFO	3	org.l2jmobius.gameserver.data.xml.EnchantItemData	EnchantItemData: Loaded 137 enchant scrolls.
2025.12.17 17:03:36,391	INFO	3	org.l2jmobius.gameserver.data.xml.EnchantItemData	EnchantItemData: Loaded 0 support items.
2025.12.17 17:03:36,752	INFO	3	org.l2jmobius.gameserver.data.xml.OptionData	OptionData: Loaded 20909 options.
2025.12.17 17:03:36,756	INFO	3	org.l2jmobius.gameserver.data.xml.EnchantItemOptionsData	EnchantItemOptionsData: Loaded 56 items and 598 options.
2025.12.17 17:03:36,759	INFO	3	org.l2jmobius.gameserver.data.xml.EnchantChallengePointData	EnchantChallengePointData: Loaded 3 groups and 6 options.
2025.12.17 17:03:36,762	INFO	3	org.l2jmobius.commons.util.IXmlReader	ElementalAttributeData: Loaded 0 elemental attribute items.
2025.12.17 17:03:36,765	INFO	3	org.l2jmobius.gameserver.data.xml.ItemCrystallizationData	ItemCrystallizationData: Loaded 12 crystallization templates.
2025.12.17 17:03:36,828	INFO	3	VariationData	VariationData: Loaded 34 item groups.
2025.12.17 17:03:36,828	INFO	3	VariationData	VariationData: Loaded 37 variations.
2025.12.17 17:03:36,828	INFO	3	VariationData	VariationData: Loaded 1617 fees.
2025.12.17 17:03:36,848	INFO	3	org.l2jmobius.gameserver.data.xml.EnsoulData	EnsoulData: Loaded 260 fees.
2025.12.17 17:03:36,848	INFO	3	org.l2jmobius.gameserver.data.xml.EnsoulData	EnsoulData: Loaded 955 options.
2025.12.17 17:03:36,848	INFO	3	org.l2jmobius.gameserver.data.xml.EnsoulData	EnsoulData: Loaded 260 stones.
2025.12.17 17:03:36,851	INFO	3	org.l2jmobius.gameserver.data.xml.EnchantItemHPBonusData	EnchantItemHPBonusData: Loaded 11 enchant HP bonuses.
2025.12.17 17:03:37,122	INFO	3	org.l2jmobius.gameserver.data.xml.BuyListData	BuyListData: Loaded 457 buyLists.
2025.12.17 17:03:37,659	INFO	3	org.l2jmobius.gameserver.data.xml.MultisellData	MultisellData: Loaded 808 multisell lists.
2025.12.17 17:03:37,680	INFO	3	org.l2jmobius.gameserver.data.xml.CombinationItemsData	CombinationItemsData: Loaded 1891 combinations.
2025.12.17 17:03:37,683	INFO	3	org.l2jmobius.gameserver.data.xml.EquipmentUpgradeData	EquipmentUpgradeData: Loaded 74 upgrade equipment data.
2025.12.17 17:03:37,710	INFO	3	org.l2jmobius.gameserver.data.xml.EquipmentUpgradeNormalData	EquipmentUpgradeNormalData: Loaded 1140 upgrade-normal equipment data. Adena commission is 100.
2025.12.17 17:03:37,715	INFO	3	org.l2jmobius.gameserver.data.xml.AgathionData	AgathionData: Loaded 60 agathion data.
2025.12.17 17:03:37,717	INFO	3	org.l2jmobius.gameserver.data.xml.RaidTeleportListData	RaidTeleportListData: Loaded 47 teleports.
2025.12.17 17:03:37,733	INFO	3	org.l2jmobius.gameserver.data.xml.RecipeData	RecipeData: Loaded 594 recipes.
2025.12.17 17:03:37,749	INFO	3	org.l2jmobius.gameserver.data.xml.ArmorSetData	ArmorSetData: Loaded 51 armor sets.
2025.12.17 17:03:37,752	INFO	3	org.l2jmobius.gameserver.data.xml.FishingData	FishingData: Loaded 2 bait and 2 rod data.
2025.12.17 17:03:37,763	INFO	3	org.l2jmobius.gameserver.data.xml.HennaData	HennaData: Loaded 578 henna data.
2025.12.17 17:03:37,771	INFO	3	org.l2jmobius.gameserver.data.xml.HennaCombinationData	HennaCombinationData: Loaded 721 henna combinations.
2025.12.17 17:03:37,774	INFO	3	org.l2jmobius.gameserver.data.xml.HennaPatternPotentialData	HennaPatternPotentialData: Loaded 1 dye pattern fee data.
2025.12.17 17:03:37,777	INFO	3	org.l2jmobius.gameserver.data.xml.PrimeShopData	PrimeShopData: System is disabled.
2025.12.17 17:03:37,782	INFO	3	org.l2jmobius.gameserver.data.xml.LimitShopData	LimitShopData: Loaded 101 items.
2025.12.17 17:03:37,784	INFO	3	org.l2jmobius.gameserver.data.xml.LimitShopData	LimitShopCraftData: System is disabled.
2025.12.17 17:03:37,785	INFO	3	org.l2jmobius.gameserver.data.xml.LimitShopClanData	LimitShopClanData: System is disabled.
2025.12.17 17:03:37,790	INFO	3	org.l2jmobius.gameserver.data.xml.CollectionData	CollectionData: Loaded 528 collections.
2025.12.17 17:03:37,798	INFO	3	org.l2jmobius.gameserver.data.xml.RelicData	RelicData: Loaded 181 relics.
2025.12.17 17:03:37,799	INFO	3	org.l2jmobius.gameserver.data.xml.RelicCollectionData	RelicCollectionData: Loaded 90 relic collections.
2025.12.17 17:03:37,809	INFO	3	org.l2jmobius.gameserver.data.xml.RelicCouponData	RelicCouponData: Loaded 230 relic coupon data.
2025.12.17 17:03:37,812	INFO	3	org.l2jmobius.gameserver.data.xml.RaidDropAnnounceData	RaidDropAnnounceData: Loaded 258 raid drop announce data.
2025.12.17 17:03:37,816	INFO	3	org.l2jmobius.gameserver.data.xml.AppearanceItemData	AppearanceItemData: Loaded 2 stones.
2025.12.17 17:03:37,825	INFO	3	org.l2jmobius.gameserver.managers.PrivateStoreHistoryManager	PrivateStoreHistoryManager: Loaded 0 items history.
2025.12.17 17:03:37,829	INFO	3	org.l2jmobius.commons.util.IXmlReader	LuckyGameData: Loaded 2 lucky game data.
2025.12.17 17:03:37,832	INFO	3	org.l2jmobius.gameserver.data.xml.MableGameData	MableGameData: Disabled
2025.12.17 17:03:37,833	INFO	3	org.l2jmobius.gameserver.data.xml.AttendanceRewardData	AttendanceRewardData: Disabled.
2025.12.17 17:03:37,835	INFO	3	org.l2jmobius.gameserver.data.xml.MagicLampData	MagicLampData: Loaded 20 magic lamps exp types.
2025.12.17 17:03:37,843	INFO	3	org.l2jmobius.commons.util.IXmlReader	RandomCraftData: Loaded 1931 extraction data.
2025.12.17 17:03:37,846	INFO	3	org.l2jmobius.commons.util.IXmlReader	RandomCraftData: Loaded 922 rewards.
2025.12.17 17:03:37,851	INFO	3	org.l2jmobius.gameserver.data.xml.VipData	VipData: Loaded 11 vips.
2025.12.17 17:03:37,851	INFO	3	org.l2jmobius.gameserver.GameServer	----------------------------------------------=[ Characters ]
2025.12.17 17:03:37,854	INFO	3	org.l2jmobius.gameserver.data.xml.ClassListData	ClassListData: Loaded 147 class data.
2025.12.17 17:03:37,857	INFO	3	org.l2jmobius.gameserver.data.xml.InitialEquipmentData	InitialEquipmentData: Loaded 22 initial equipment data.
2025.12.17 17:03:37,861	INFO	3	org.l2jmobius.gameserver.data.xml.InitialShortcutData	InitialShortcutData: Loaded 6 initial global shortcut data.
2025.12.17 17:03:37,862	INFO	3	org.l2jmobius.gameserver.data.xml.InitialShortcutData	InitialShortcutData: Loaded 6 initial shortcut data.
2025.12.17 17:03:37,862	INFO	3	org.l2jmobius.gameserver.data.xml.InitialShortcutData	InitialShortcutData: Loaded 1 macro presets.
2025.12.17 17:03:37,863	INFO	3	org.l2jmobius.gameserver.data.xml.ExperienceData	ExperienceData: Loaded 100 levels.
2025.12.17 17:03:37,864	INFO	3	org.l2jmobius.gameserver.data.xml.ExperienceData	ExperienceData: Max Player Level is 99.
2025.12.17 17:03:37,864	INFO	3	org.l2jmobius.gameserver.data.xml.ExperienceData	ExperienceData: Max Pet Level is 99.
2025.12.17 17:03:37,865	INFO	3	org.l2jmobius.gameserver.data.xml.ExperienceLossData	ExperienceLossData: Loaded 99 levels.
2025.12.17 17:03:37,867	INFO	3	org.l2jmobius.gameserver.data.xml.KarmaLossData	KarmaLossData: Loaded 99 modifiers.
2025.12.17 17:03:37,868	INFO	3	org.l2jmobius.gameserver.data.xml.HitConditionBonusData	HitConditionBonusData: Loaded hit condition bonuses.
2025.12.17 17:03:38,070	INFO	3	org.l2jmobius.gameserver.data.xml.PlayerTemplateData	PlayerTemplateData: Loaded 147 player templates.
2025.12.17 17:03:38,071	INFO	3	org.l2jmobius.gameserver.data.xml.PlayerTemplateData	PlayerTemplateData: Loaded 87318 level up gain records.
2025.12.17 17:03:38,072	INFO	3	org.l2jmobius.gameserver.data.sql.CharInfoTable	CharInfoTable: Loaded 3 char names.
2025.12.17 17:03:38,074	INFO	3	org.l2jmobius.gameserver.data.sql.PartyMatchingHistoryTable	PartyMatchingHistoryTable: Loaded 0 party matching history data.
2025.12.17 17:03:38,076	INFO	3	org.l2jmobius.gameserver.data.xml.AdminData	AdminData: Loaded 10 access levels.
2025.12.17 17:03:38,079	INFO	3	org.l2jmobius.gameserver.data.xml.AdminData	AdminData: Loaded 469 access commands.
2025.12.17 17:03:38,277	INFO	3	org.l2jmobius.gameserver.data.xml.PetDataTable	PetDataTable: Loaded 54 pets.
2025.12.17 17:03:38,280	INFO	3	org.l2jmobius.gameserver.data.xml.PetTypeData	PetTypeData: Loaded 323 pet types.
2025.12.17 17:03:38,284	INFO	3	org.l2jmobius.gameserver.data.xml.PetExtractData	PetExtractData: Loaded 7 pet extraction data.
2025.12.17 17:03:38,306	INFO	3	org.l2jmobius.gameserver.data.xml.CubicData	CubicData: Loaded 24 cubics.
2025.12.17 17:03:38,318	INFO	3	org.l2jmobius.commons.util.IXmlReader	CharacterStylesData: Loaded 4 Character Styles.
2025.12.17 17:03:38,318	INFO	3	org.l2jmobius.commons.util.IXmlReader	CharacterStylesData:   CHAT_BACKGROUND -> 4 styles.
2025.12.17 17:03:38,318	INFO	3	org.l2jmobius.commons.util.IXmlReader	CharacterStylesData:   APPEARANCE_ARMOR -> 5 styles.
2025.12.17 17:03:38,319	INFO	3	org.l2jmobius.commons.util.IXmlReader	CharacterStylesData:   APPEARANCE_WEAPON -> 115 styles.
2025.12.17 17:03:38,319	INFO	3	org.l2jmobius.commons.util.IXmlReader	CharacterStylesData:   KILL_EFFECT -> 12 styles.
2025.12.17 17:03:38,319	INFO	3	org.l2jmobius.commons.util.IXmlReader	CharacterStylesData: Cached 115 Weapon Styles.
2025.12.17 17:03:38,319	INFO	3	org.l2jmobius.commons.util.IXmlReader	CharacterStylesData: Cached 12 Kill Effect Styles.
2025.12.17 17:03:38,320	INFO	3	org.l2jmobius.gameserver.data.xml.WuxianData	無限成長系統: 已載入 0 筆人物加成數據.
2025.12.17 17:03:38,320	INFO	3	org.l2jmobius.gameserver.GameServer	---------------------------------------------------=[ Clans ]
2025.12.17 17:03:38,322	INFO	3	org.l2jmobius.gameserver.data.xml.ClanLevelData	ClanLevelData: Loaded 15 clan level data.
2025.12.17 17:03:38,329	INFO	3	org.l2jmobius.gameserver.communitybbs.Manager.ForumsBBSManager	ForumsBBSManager: Loaded 5 forums. Last forum id used: 5
2025.12.17 17:03:38,339	INFO	3	org.l2jmobius.gameserver.data.sql.ClanTable	ClanTable: Restored 1 clans from the database.
2025.12.17 17:03:38,343	INFO	3	org.l2jmobius.gameserver.data.xml.ResidenceFunctionsData	ResidenceFunctionsData: Loaded 8 functions.
2025.12.17 17:03:38,418	INFO	3	org.l2jmobius.gameserver.data.xml.ClanHallData	ClanHallData: Succesfully loaded 46 clan halls.
2025.12.17 17:03:38,419	INFO	3	org.l2jmobius.gameserver.managers.ClanHallAuctionManager	ClanHallAuctionManager: Clan Hall Auction has started!
2025.12.17 17:03:38,433	INFO	3	org.l2jmobius.gameserver.managers.ClanEntryManager	ClanEntryManager: Loaded 0 clan entries.
2025.12.17 17:03:38,433	INFO	3	org.l2jmobius.gameserver.managers.ClanEntryManager	ClanEntryManager: Loaded 0 players in waiting list.
2025.12.17 17:03:38,433	INFO	3	org.l2jmobius.gameserver.managers.ClanEntryManager	ClanEntryManager: Loaded 0 player applications.
2025.12.17 17:03:38,434	INFO	3	org.l2jmobius.gameserver.GameServer	-------------------------------------------------=[ Geodata ]
2025.12.17 17:03:38,442	INFO	3	org.l2jmobius.gameserver.geoengine.GeoEngine	GeoEngine: Loaded 0 regions.
2025.12.17 17:03:38,442	INFO	3	org.l2jmobius.gameserver.geoengine.GeoEngine	GeoEngine: Pathfinding is disabled.
2025.12.17 17:03:38,442	INFO	3	org.l2jmobius.gameserver.GameServer	----------------------------------------------------=[ NPCs ]
2025.12.17 17:03:39,200	INFO	3	org.l2jmobius.gameserver.data.xml.NpcData	NpcData: Loaded 9723 NPCs.
2025.12.17 17:03:39,224	INFO	3	org.l2jmobius.gameserver.data.xml.NpcData	NpcData: Loaded 76 custom NPCs.
2025.12.17 17:03:39,530	INFO	3	org.l2jmobius.gameserver.data.xml.SpawnData	SpawnData: Loaded 40738 spawns
2025.12.17 17:03:39,534	INFO	3	org.l2jmobius.gameserver.managers.WalkingManager	WalkingManager: Loaded 1 walking routes.
2025.12.17 17:03:39,542	INFO	3	org.l2jmobius.gameserver.data.xml.StaticObjectData	StaticObjectData: Loaded 86 static object templates.
2025.12.17 17:03:39,542	INFO	3	org.l2jmobius.gameserver.managers.ItemAuctionManager	ItemAuctionManager: Disabled.
2025.12.17 17:03:39,564	INFO	3	org.l2jmobius.gameserver.managers.InstanceManager	InstanceManager: Loaded 117 instance names.
2025.12.17 17:03:39,616	WARNING	3	org.l2jmobius.gameserver.managers.InstanceManager	InstanceManager: Instance template with ID 229 already exists
2025.12.17 17:03:39,618	WARNING	3	org.l2jmobius.gameserver.managers.InstanceManager	InstanceManager: Instance template with ID 1032 already exists
2025.12.17 17:03:39,631	INFO	3	org.l2jmobius.gameserver.managers.InstanceManager	InstanceManager: Loaded 26 instance templates.
2025.12.17 17:03:39,632	INFO	3	org.l2jmobius.gameserver.managers.InstanceManager	InstanceManager: Loaded instance reenter times for 0 players.
2025.12.17 17:03:39,635	INFO	3	org.l2jmobius.gameserver.managers.CastleManager	CastleManager: Loaded 2 castles.
2025.12.17 17:03:39,640	INFO	3	org.l2jmobius.gameserver.data.SchemeBufferTable	SchemeBufferTable: Loaded 0 players schemes and 60 available buffs.
2025.12.17 17:03:39,645	INFO	3	org.l2jmobius.gameserver.managers.GrandBossManager	GrandBossManager: 巨蟻女王(29001) status is 0
2025.12.17 17:03:39,645	INFO	3	org.l2jmobius.gameserver.managers.GrandBossManager	GrandBossManager: 核心(29006) status is 0
2025.12.17 17:03:39,645	INFO	3	org.l2jmobius.gameserver.managers.GrandBossManager	GrandBossManager: 奧爾芬(29014) status is 0
2025.12.17 17:03:39,645	INFO	3	org.l2jmobius.gameserver.managers.GrandBossManager	GrandBossManager: 巴溫(29020) status is 0
2025.12.17 17:03:39,645	INFO	3	org.l2jmobius.gameserver.managers.GrandBossManager	GrandBossManager: 札肯(29022) status is 0
2025.12.17 17:03:39,645	INFO	3	org.l2jmobius.gameserver.managers.GrandBossManager	GrandBossManager: Loaded 5 instances.
2025.12.17 17:03:39,648	INFO	3	org.l2jmobius.gameserver.GameServer	------------------------------------------------=[ Instance ]
2025.12.17 17:03:39,648	INFO	3	org.l2jmobius.gameserver.GameServer	------------------------------------------------=[ Olympiad ]
2025.12.17 17:03:39,651	INFO	3	org.l2jmobius.gameserver.model.olympiad.Olympiad	Disabled.
2025.12.17 17:03:39,653	INFO	3	org.l2jmobius.gameserver.GameServer	---------------------------------------------------=[ Cache ]
2025.12.17 17:03:39,654	INFO	3	org.l2jmobius.gameserver.cache.HtmCache	Cache[HTML]: Running lazy cache.
2025.12.17 17:03:39,655	INFO	3	org.l2jmobius.gameserver.data.sql.CrestTable	CrestTable: Loaded 0 Crests.
2025.12.17 17:03:39,659	INFO	3	org.l2jmobius.gameserver.data.xml.TeleportListData	TeleportListData: Loaded 215 teleports.
2025.12.17 17:03:39,660	INFO	3	org.l2jmobius.gameserver.managers.SharedTeleportManager	SharedTeleportManager: initialized.
2025.12.17 17:03:42,196	INFO	3	org.l2jmobius.gameserver.data.xml.TeleporterData	TeleporterData: Loaded 112 npc teleporters.
2025.12.17 17:03:42,198	INFO	3	org.l2jmobius.gameserver.data.xml.TimedHuntingZoneData	TimedHuntingZoneData: Loaded 6 timed hunting zones.
2025.12.17 17:03:42,203	INFO	3	org.l2jmobius.gameserver.data.BotReportTable	BotReportTable: Loaded 0 bot reports
2025.12.17 17:03:42,206	INFO	3	org.l2jmobius.gameserver.GameServer	-------------------------------------------------=[ Scripts ]
2025.12.17 17:03:42,223	INFO	3	org.l2jmobius.gameserver.data.xml.NewQuestData	NewQuestData: Loaded 387 new quest data.
2025.12.17 17:03:42,226	INFO	3	org.l2jmobius.gameserver.managers.AirShipManager	AirShipManager: Loaded 0 private airships
2025.12.17 17:03:42,232	INFO	3	org.l2jmobius.gameserver.data.xml.ShuttleData	ShuttleData: Loaded 3 shuttles.
2025.12.17 17:03:42,232	INFO	3	org.l2jmobius.gameserver.GameServer	GameServer: Loading server scripts:
2025.12.17 17:03:43,390	INFO	3	handlers.MasterHandler	Loading Handlers...
2025.12.17 17:03:43,450	INFO	3	handlers.MasterHandler	ActionHandler: Loaded 10 handlers.
2025.12.17 17:03:43,450	INFO	3	handlers.MasterHandler	ActionShiftHandler: Loaded 6 handlers.
2025.12.17 17:03:43,450	INFO	3	handlers.MasterHandler	AdminCommandHandler: Loaded 465 handlers.
2025.12.17 17:03:43,450	INFO	3	handlers.MasterHandler	BypassHandler: Loaded 33 handlers.
2025.12.17 17:03:43,450	INFO	3	handlers.MasterHandler	ChatHandler: Loaded 15 handlers.
2025.12.17 17:03:43,451	INFO	3	handlers.MasterHandler	CommunityBoardHandler: Loaded 24 handlers.
2025.12.17 17:03:43,451	INFO	3	handlers.MasterHandler	ItemHandler: Loaded 41 handlers.
2025.12.17 17:03:43,451	INFO	3	handlers.MasterHandler	PunishmentHandler: Loaded 3 handlers.
2025.12.17 17:03:43,451	INFO	3	handlers.MasterHandler	UserCommandHandler: Loaded 16 handlers.
2025.12.17 17:03:43,451	INFO	3	handlers.MasterHandler	VoicedCommandHandler: Loaded 14 handlers.
2025.12.17 17:03:43,451	INFO	3	handlers.MasterHandler	TargetHandler: Loaded 24 handlers.
2025.12.17 17:03:43,451	INFO	3	handlers.MasterHandler	AffectObjectHandler: Loaded 11 handlers.
2025.12.17 17:03:43,451	INFO	3	handlers.MasterHandler	AffectScopeHandler: Loaded 19 handlers.
2025.12.17 17:03:43,451	INFO	3	handlers.MasterHandler	PlayerActionHandler: Loaded 24 handlers.
2025.12.17 17:03:43,451	INFO	3	handlers.MasterHandler	Handlers Loaded...
2025.12.17 17:03:46,353	INFO	3	ai.areas.FairyInvadedLands.FairyInvadedLands	精靈入侵領地: 設定的檢查時間點 - 06:00, 12:00, 18:00, 00:00
2025.12.17 17:03:46,353	INFO	3	ai.areas.FairyInvadedLands.FairyInvadedLands	精靈入侵領地: 每 60 秒檢查一次時間
2025.12.17 17:03:46,490	INFO	3	org.l2jmobius.gameserver.managers.GrandBossManager	GrandBossManager: Updated 札肯(29022) status to 0.
2025.12.17 17:03:46,509	INFO	3	ai.others.ClassMaster.ClassMaster	ClassMaster: Loaded 3 class change options.
2025.12.17 17:03:46,566	INFO	3	custom.RunMerchant.RunMerchant	[RunMerchant] 已加載城市倍率
2025.12.17 17:03:46,566	INFO	3	custom.RunMerchant.RunMerchant	[RunMerchant] 跑商系統已啟動
2025.12.17 17:03:46,572	SEVERE	3	org.l2jmobius.gameserver.model.script.Quest	Transmog: Found addStartNpc for non existing NPC: 9000009!
2025.12.17 17:03:46,572	SEVERE	3	org.l2jmobius.gameserver.model.script.Quest	Transmog: Found addTalkId for non existing NPC: 9000009!
2025.12.17 17:03:46,572	SEVERE	3	org.l2jmobius.gameserver.model.script.Quest	Transmog: Found addFirstTalkId for non existing NPC: 9000009!
2025.12.17 17:03:46,582	INFO	3	org.l2jmobius.gameserver.model.script.Quest	Event Balthus Festival has passed... Ignored 
2025.12.17 17:03:46,594	INFO	3	org.l2jmobius.gameserver.model.script.Quest	Event Battle With Keber has passed... Ignored 
2025.12.17 17:03:46,597	INFO	3	org.l2jmobius.gameserver.model.script.Quest	Event Black Coupon has passed... Ignored 
2025.12.17 17:03:46,599	INFO	3	org.l2jmobius.gameserver.model.script.Quest	Event Blossom Festival has passed... Ignored 
2025.12.17 17:03:46,601	INFO	3	org.l2jmobius.gameserver.model.script.Quest	Event Chef Monkey Event has passed... Ignored 
2025.12.17 17:03:46,605	INFO	3	org.l2jmobius.gameserver.model.script.Quest	Event Cross Event has passed... Ignored 
2025.12.17 17:03:46,608	INFO	3	org.l2jmobius.gameserver.model.script.Quest	Event DefeatTheQueen has passed... Ignored 
2025.12.17 17:03:46,611	INFO	3	org.l2jmobius.gameserver.model.script.Quest	Event Eve the Fortune Teller has passed... Ignored 
2025.12.17 17:03:46,613	INFO	3	org.l2jmobius.gameserver.model.script.Quest	Event Blossom Festival has passed... Ignored 
2025.12.17 17:03:46,615	INFO	3	org.l2jmobius.gameserver.model.script.Quest	Event 世界掉落 has passed... Ignored 
2025.12.17 17:03:46,615	SEVERE	3	org.l2jmobius.gameserver.model.script.Quest	GlobalDrop: Found addStartNpc for non existing NPC: 4306!
2025.12.17 17:03:46,615	SEVERE	3	org.l2jmobius.gameserver.model.script.Quest	GlobalDrop: Found addFirstTalkId for non existing NPC: 4306!
2025.12.17 17:03:46,615	SEVERE	3	org.l2jmobius.gameserver.model.script.Quest	GlobalDrop: Found addTalkId for non existing NPC: 4306!
2025.12.17 17:03:46,618	INFO	3	org.l2jmobius.gameserver.model.script.Quest	Event Golden Wheel has passed... Ignored 
2025.12.17 17:03:46,622	INFO	3	org.l2jmobius.gameserver.model.script.Quest	Event Holiday out of Schedule has passed... Ignored 
2025.12.17 17:03:46,623	INFO	3	org.l2jmobius.gameserver.model.script.Quest	Event LegendOfTheWaterTemple has passed... Ignored 
2025.12.17 17:03:46,626	INFO	3	org.l2jmobius.gameserver.model.script.Quest	Event Leona's Dungeon Event has passed... Ignored 
2025.12.17 17:03:46,628	INFO	3	org.l2jmobius.gameserver.model.script.Quest	Event Letter Collector has passed... Ignored 
2025.12.17 17:03:46,631	INFO	3	org.l2jmobius.gameserver.model.script.Quest	Event Merry Squashmas Event has passed... Ignored 
2025.12.17 17:03:46,637	INFO	3	events.SecretShop.SecretShop	Added time period: 18:00 - 23:59
2025.12.17 17:03:46,638	WARNING	3	events.SecretShop.SecretShop	SecretShop: Loaded 7 secret shop entries with 1 time periods.
2025.12.17 17:03:46,640	WARNING	3	org.l2jmobius.gameserver.managers.events.SecretShopEventManager	SecretShopEventManager: Activated
2025.12.17 17:03:46,640	WARNING	3	org.l2jmobius.gameserver.managers.events.SecretShopEventManager	SecretShopEventManager: Scheduled start in 3373360 ms.
2025.12.17 17:03:46,646	INFO	3	org.l2jmobius.gameserver.model.script.Quest	Event Secret Shop active till Tue Dec 01 00:00:00 CST 2026
2025.12.17 17:03:46,648	INFO	3	org.l2jmobius.gameserver.model.script.Quest	Event Squash Event has passed... Ignored 
2025.12.17 17:03:46,651	INFO	3	org.l2jmobius.gameserver.model.script.Quest	Event The Power Of Love has passed... Ignored 
2025.12.17 17:03:46,653	INFO	3	org.l2jmobius.gameserver.model.script.Quest	Event Total Recall has passed... Ignored 
2025.12.17 17:03:46,655	INFO	3	org.l2jmobius.gameserver.model.script.Quest	Event Unique Gacha has passed... Ignored 
2025.12.17 17:03:46,659	INFO	3	org.l2jmobius.gameserver.model.script.Quest	Event Watermelon Ninja has passed... Ignored 
2025.12.17 17:03:46,956	WARNING	3	org.l2jmobius.gameserver.scripting.ScriptEngine	ScriptEngine: E:\L2J_Mobius_541_武魂\dist\game\data\scripts\ai\others\Subjugation\GiantCavePurge.java failed execution! null
2025.12.17 17:03:46,956	WARNING	3	org.l2jmobius.gameserver.scripting.ScriptEngine	ScriptEngine: E:\L2J_Mobius_541_武魂\dist\game\data\scripts\ai\others\Subjugation\CrumaTowerPurge.java failed execution! null
2025.12.17 17:03:46,956	WARNING	3	org.l2jmobius.gameserver.scripting.ScriptEngine	ScriptEngine: E:\L2J_Mobius_541_武魂\dist\game\data\scripts\ai\others\Subjugation\GoddardTerritoryPurge.java failed execution! null
2025.12.17 17:03:46,956	WARNING	3	org.l2jmobius.gameserver.scripting.ScriptEngine	ScriptEngine: E:\L2J_Mobius_541_武魂\dist\game\data\scripts\ai\others\Subjugation\OrcBarracksPurge.java failed execution! null
2025.12.17 17:03:46,956	WARNING	3	org.l2jmobius.gameserver.scripting.ScriptEngine	ScriptEngine: E:\L2J_Mobius_541_武魂\dist\game\data\scripts\ai\others\Subjugation\SelMahumBasePurge.java failed execution! null
2025.12.17 17:03:46,956	WARNING	3	org.l2jmobius.gameserver.scripting.ScriptEngine	ScriptEngine: E:\L2J_Mobius_541_武魂\dist\game\data\scripts\ai\others\Subjugation\DragonValleyPurge.java failed execution! null
2025.12.17 17:03:46,957	WARNING	3	org.l2jmobius.gameserver.scripting.ScriptEngine	ScriptEngine: E:\L2J_Mobius_541_武魂\dist\game\data\scripts\ai\others\Subjugation\SilentValleyPurge.java failed execution! null
2025.12.17 17:03:46,957	WARNING	3	org.l2jmobius.gameserver.scripting.ScriptEngine	ScriptEngine: E:\L2J_Mobius_541_武魂\dist\game\data\scripts\ai\others\Subjugation\TowerOfInsolencePurge.java failed execution! null
2025.12.17 17:03:46,957	WARNING	3	org.l2jmobius.gameserver.scripting.ScriptEngine	ScriptEngine: E:\L2J_Mobius_541_武魂\dist\game\data\scripts\ai\others\Subjugation\PlainsOfTheLizardmenPurge.java failed execution! null
2025.12.17 17:03:46,957	INFO	3	org.l2jmobius.gameserver.data.xml.SpawnData	SpawnData: Initializing spawns...
2025.12.17 17:03:47,561	INFO	3	org.l2jmobius.gameserver.managers.DatabaseSpawnManager	DatabaseSpawnManager: Loaded 35 instances.
2025.12.17 17:03:47,561	INFO	3	org.l2jmobius.gameserver.managers.DatabaseSpawnManager	DatabaseSpawnManager: Scheduled 0 instances.
2025.12.17 17:03:49,153	INFO	3	org.l2jmobius.gameserver.data.xml.SpawnData	SpawnData: All spawns has been initialized!
2025.12.17 17:03:49,154	INFO	3	org.l2jmobius.gameserver.GameServer	---------------------------------------------------=[ Siege ]
2025.12.17 17:03:49,160	INFO	3	org.l2jmobius.gameserver.data.xml.SiegeScheduleData	SiegeScheduleData: Loaded 2 siege schedulers.
2025.12.17 17:03:49,160	INFO	3	org.l2jmobius.gameserver.model.siege.Siege	Siege of Giran: Sun Dec 28 20:00:00 CST 2025
2025.12.17 17:03:49,161	INFO	3	org.l2jmobius.gameserver.model.siege.Siege	Siege of Goddard: Sun Dec 28 20:00:00 CST 2025
2025.12.17 17:03:49,168	INFO	3	org.l2jmobius.gameserver.managers.FortManager	FortManager: Loaded 1 fortress.
2025.12.17 17:03:49,177	INFO	3	org.l2jmobius.gameserver.managers.CastleManorManager	CastleManorManager: Manor system is deactivated.
2025.12.17 17:03:49,181	INFO	3	org.l2jmobius.gameserver.managers.SiegeGuardManager	SiegeGuardManager: Loaded 0 siege guards tickets.
2025.12.17 17:03:49,182	INFO	3	org.l2jmobius.gameserver.managers.ScriptManager	ScriptManager: Loaded 300 quests.
2025.12.17 17:03:49,182	INFO	3	org.l2jmobius.gameserver.managers.ScriptManager	ScriptManager: Loaded 238 scripts.
2025.12.17 17:03:49,184	INFO	3	org.l2jmobius.gameserver.managers.DailyResetManager	DailyResetManager: Next schedule at 18/12/2025 06:30:00.
2025.12.17 17:03:49,189	INFO	3	org.l2jmobius.gameserver.managers.MailManager	MailManager: Loaded 0 messages.
2025.12.17 17:03:49,192	INFO	3	org.l2jmobius.gameserver.managers.PunishmentManager	PunishmentManager: Loaded 0 active and 0 expired punishments.
2025.12.17 17:03:49,195	INFO	3	org.l2jmobius.gameserver.GameServer	IdManager: Free ObjectID's remaining: 1878981727
2025.12.17 17:03:49,196	INFO	3	org.l2jmobius.gameserver.data.sql.OfflineTraderTable	OfflineTraderTable: Loading offline traders...
2025.12.17 17:03:49,196	INFO	3	org.l2jmobius.gameserver.data.sql.OfflineTraderTable	OfflineTraderTable: Loaded 0 offline traders.
2025.12.17 17:03:49,197	INFO	180	org.l2jmobius.commons.util.DeadlockWatcher	DeadlockWatcher: Thread started.
2025.12.17 17:03:50,912	INFO	3	org.l2jmobius.gameserver.GameServer	GameServer: Started, using 1348 of 6144 MB total memory.
2025.12.17 17:03:50,913	INFO	3	org.l2jmobius.gameserver.GameServer	GameServer: Maximum number of connected players is 2000.
2025.12.17 17:03:50,913	INFO	3	org.l2jmobius.gameserver.GameServer	GameServer: Server loaded in 21 seconds.
2025.12.17 17:03:50,927	INFO	190	org.l2jmobius.gameserver.LoginServerThread	LoginServerThread: Connecting to login on 127.0.0.1:9014
2025.12.17 17:03:50,973	INFO	190	org.l2jmobius.gameserver.LoginServerThread	LoginServerThread: Registered on login as Server 112: Server #112
2025.12.17 17:09:04,982	INFO	196	org.l2jmobius.gameserver.network.PacketLogger	[C] ProtocolVersion
2025.12.17 17:09:04,988	INFO	197	org.l2jmobius.gameserver.network.PacketLogger	[S] KeyPacket
2025.12.17 17:09:05,007	INFO	200	org.l2jmobius.gameserver.network.PacketLogger	[C] AuthLogin
2025.12.17 17:09:05,008	INFO	190	org.l2jmobius.gameserver.network.PacketLogger	[S] LoginFail
2025.12.17 17:09:05,014	INFO	190	org.l2jmobius.gameserver.network.PacketLogger	[S] CharSelectionInfo
2025.12.17 17:09:05,110	INFO	203	org.l2jmobius.gameserver.network.PacketLogger	[C EX] RequestBRVersion
2025.12.17 17:09:05,111	INFO	206	org.l2jmobius.gameserver.network.PacketLogger	[S EX] ExBRVersion
2025.12.17 17:09:05,973	INFO	211	org.l2jmobius.gameserver.network.PacketLogger	[C] CharacterSelect
2025.12.17 17:09:06,001	WARNING	212	org.l2jmobius.gameserver.model.actor.Creature	Master access level set for character 測試人員! Just a warning to be careful ;)
2025.12.17 17:09:06,031	INFO	212	org.l2jmobius.gameserver.network.PacketLogger	[S] CharSelected
2025.12.17 17:09:06,301	INFO	116	org.l2jmobius.gameserver.network.PacketLogger	[S] SkillList
2025.12.17 17:09:07,020	INFO	94	org.l2jmobius.gameserver.network.PacketLogger	[S EX] ExItemScore
2025.12.17 17:09:10,171	INFO	225	org.l2jmobius.gameserver.network.PacketLogger	[C EX] RequestKeyMapping
2025.12.17 17:09:10,172	INFO	226	org.l2jmobius.gameserver.network.PacketLogger	[S EX] ExUISetting
2025.12.17 17:09:14,094	INFO	245	org.l2jmobius.gameserver.network.PacketLogger	[C] EnterWorld
2025.12.17 17:09:14,099	INFO	247	org.l2jmobius.gameserver.network.PacketLogger	[S] EtcStatusUpdate
2025.12.17 17:09:14,100	INFO	249	org.l2jmobius.gameserver.network.PacketLogger	[S EX] ExUserViewInfoParameter
2025.12.17 17:09:14,102	INFO	251	org.l2jmobius.gameserver.network.PacketLogger	[S] CreatureSay
2025.12.17 17:09:14,102	INFO	252	org.l2jmobius.gameserver.network.PacketLogger	[S] CreatureSay
2025.12.17 17:09:14,102	INFO	253	org.l2jmobius.gameserver.network.PacketLogger	[S] CreatureSay
2025.12.17 17:09:14,102	INFO	254	org.l2jmobius.gameserver.network.PacketLogger	[S EX] ExPledgeContributionList
2025.12.17 17:09:14,103	INFO	255	org.l2jmobius.gameserver.network.PacketLogger	[S EX] ExEnterWorld
2025.12.17 17:09:14,103	INFO	256	org.l2jmobius.gameserver.network.PacketLogger	[S] SendMacroList
2025.12.17 17:09:14,103	INFO	257	org.l2jmobius.gameserver.network.PacketLogger	[S] SendMacroList
2025.12.17 17:09:14,104	INFO	258	org.l2jmobius.gameserver.network.PacketLogger	[S EX] ExGetBookMarkInfoPacket
2025.12.17 17:09:14,104	INFO	259	org.l2jmobius.gameserver.network.PacketLogger	[S] ItemList
2025.12.17 17:09:14,104	INFO	260	org.l2jmobius.gameserver.network.PacketLogger	[S] ItemList
2025.12.17 17:09:14,106	INFO	261	org.l2jmobius.gameserver.network.PacketLogger	[S EX] ExQuestItemList
2025.12.17 17:09:14,106	INFO	262	org.l2jmobius.gameserver.network.PacketLogger	[S EX] ExQuestItemList
2025.12.17 17:09:14,107	INFO	263	org.l2jmobius.gameserver.network.PacketLogger	[S] ShortcutInit
2025.12.17 17:09:14,107	INFO	263	org.l2jmobius.gameserver.network.PacketLogger	[S EX] ExBasicActionList
2025.12.17 17:09:14,107	INFO	263	org.l2jmobius.gameserver.network.PacketLogger	[S] SkillList
2025.12.17 17:09:14,107	INFO	263	org.l2jmobius.gameserver.network.PacketLogger	[S] HennaInfo
2025.12.17 17:09:14,107	INFO	263	org.l2jmobius.gameserver.network.PacketLogger	[S] EtcStatusUpdate
2025.12.17 17:09:14,107	INFO	263	org.l2jmobius.gameserver.network.PacketLogger	[S] PledgeShowMemberListUpdate
2025.12.17 17:09:14,107	INFO	263	org.l2jmobius.gameserver.network.PacketLogger	[S] PledgeShowMemberListAll
2025.12.17 17:09:14,108	INFO	263	org.l2jmobius.gameserver.network.PacketLogger	[S EX] ExPledgeCount
2025.12.17 17:09:14,108	INFO	262	org.l2jmobius.gameserver.network.PacketLogger	[C] RequestPledgeInfo
2025.12.17 17:09:14,108	INFO	263	org.l2jmobius.gameserver.network.PacketLogger	[S EX] PledgeSkillList
2025.12.17 17:09:14,108	INFO	262	org.l2jmobius.gameserver.network.PacketLogger	[S EX] ExSubjobInfo
2025.12.17 17:09:14,108	INFO	262	org.l2jmobius.gameserver.network.PacketLogger	[S EX] ExUserInfoInvenWeight
2025.12.17 17:09:14,108	INFO	262	org.l2jmobius.gameserver.network.PacketLogger	[S EX] ExAdenaInvenCount
2025.12.17 17:09:14,108	INFO	262	org.l2jmobius.gameserver.network.PacketLogger	[S EX] ExBloodyCoinCount
2025.12.17 17:09:14,108	INFO	262	org.l2jmobius.gameserver.network.PacketLogger	[S EX] ExPledgeCoinInfo
2025.12.17 17:09:14,108	INFO	262	org.l2jmobius.gameserver.network.PacketLogger	[S EX] ExBrPremiumState
2025.12.17 17:09:14,108	INFO	262	org.l2jmobius.gameserver.network.PacketLogger	[S EX] ExEnchantChallengePointInfo
2025.12.17 17:09:14,111	INFO	263	org.l2jmobius.gameserver.network.PacketLogger	[S] PledgeInfo
2025.12.17 17:09:14,112	INFO	263	org.l2jmobius.gameserver.network.PacketLogger	[S EX] ExSetCompassZoneCode
2025.12.17 17:09:14,112	INFO	263	org.l2jmobius.gameserver.network.PacketLogger	[S EX] ExRotation
2025.12.17 17:09:14,112	INFO	263	org.l2jmobius.gameserver.network.PacketLogger	[S] L2FriendList
2025.12.17 17:09:14,112	INFO	246	org.l2jmobius.gameserver.model.actor.Creature	玩家 測試人員 收藏品封包發送完成：成功 0 個，跳過 0 個
2025.12.17 17:09:14,112	INFO	263	org.l2jmobius.gameserver.network.PacketLogger	[S] SystemMessage
2025.12.17 17:09:14,112	INFO	263	org.l2jmobius.gameserver.network.PacketLogger	[S] CreatureSay
2025.12.17 17:09:14,113	INFO	263	org.l2jmobius.gameserver.network.PacketLogger	[S] CreatureSay
2025.12.17 17:09:14,113	INFO	263	org.l2jmobius.gameserver.network.PacketLogger	[S] CreatureSay
2025.12.17 17:09:14,113	INFO	263	org.l2jmobius.gameserver.network.PacketLogger	[S] CreatureSay
2025.12.17 17:09:14,113	INFO	263	org.l2jmobius.gameserver.network.PacketLogger	[S] CreatureSay
2025.12.17 17:09:14,113	INFO	263	org.l2jmobius.gameserver.network.PacketLogger	[S] CreatureSay
2025.12.17 17:09:14,113	INFO	263	org.l2jmobius.gameserver.network.PacketLogger	[S] CreatureSay
2025.12.17 17:09:14,113	INFO	263	org.l2jmobius.gameserver.network.PacketLogger	[S] CreatureSay
2025.12.17 17:09:14,113	INFO	263	org.l2jmobius.gameserver.network.PacketLogger	[S] CreatureSay
2025.12.17 17:09:14,113	INFO	263	org.l2jmobius.gameserver.network.PacketLogger	[S] CreatureSay
2025.12.17 17:09:14,114	INFO	263	org.l2jmobius.gameserver.network.PacketLogger	[S] CreatureSay
2025.12.17 17:09:14,114	INFO	263	org.l2jmobius.gameserver.network.PacketLogger	[S] CreatureSay
2025.12.17 17:09:14,114	INFO	263	org.l2jmobius.gameserver.network.PacketLogger	[S EX] ExCollectionSummary
2025.12.17 17:09:14,114	INFO	263	org.l2jmobius.gameserver.network.PacketLogger	[S EX] ExVoteSystemInfo
2025.12.17 17:09:14,114	INFO	263	org.l2jmobius.gameserver.network.PacketLogger	[S EX] ExShowScreenMessage
2025.12.17 17:09:14,114	INFO	263	org.l2jmobius.gameserver.network.PacketLogger	[S EX] ExFestivalBmTopItemInfo
2025.12.17 17:09:14,114	INFO	263	org.l2jmobius.gameserver.network.PacketLogger	[S EX] ExOlympiadInfo
2025.12.17 17:09:14,115	INFO	263	org.l2jmobius.gameserver.network.PacketLogger	[S EX] ExUserViewInfoParameter
2025.12.17 17:09:14,115	INFO	263	org.l2jmobius.gameserver.network.PacketLogger	[S EX] ExBeautyItemList
2025.12.17 17:09:14,115	INFO	263	org.l2jmobius.gameserver.network.PacketLogger	[S EX] ExWorldChatCnt
2025.12.17 17:09:14,115	INFO	263	org.l2jmobius.gameserver.network.PacketLogger	[S] SystemMessage
2025.12.17 17:09:14,115	INFO	263	org.l2jmobius.gameserver.network.PacketLogger	[S] SystemMessage
2025.12.17 17:09:14,130	INFO	246	org.l2jmobius.gameserver.network.PacketLogger	[S EX] ExConnectedTimeAndGettableReward
2025.12.17 17:09:14,155	INFO	246	org.l2jmobius.gameserver.network.PacketLogger	[S EX] ExOneDayReceiveRewardList
2025.12.17 17:09:14,163	INFO	263	org.l2jmobius.gameserver.network.PacketLogger	[S EX] ExAutoPlaySettingSend
2025.12.17 17:09:14,164	INFO	246	org.l2jmobius.gameserver.network.PacketLogger	[S EX] ExItemAnnounceSetting
2025.12.17 17:09:14,164	INFO	246	org.l2jmobius.gameserver.network.PacketLogger	[S EX] ExChatBackgroundList
2025.12.17 17:09:14,164	INFO	263	org.l2jmobius.gameserver.network.PacketLogger	[S EX] ExChatBackGroundSettingNotification
2025.12.17 17:09:14,164	INFO	263	org.l2jmobius.gameserver.network.PacketLogger	[S EX] ExVitalityEffectInfo
2025.12.17 17:09:14,164	INFO	263	org.l2jmobius.gameserver.network.PacketLogger	[S EX] ExMagicLampInfo
2025.12.17 17:09:14,164	INFO	263	org.l2jmobius.gameserver.network.PacketLogger	[S EX] ExCraftInfo
2025.12.17 17:09:14,164	INFO	263	org.l2jmobius.gameserver.network.PacketLogger	[S EX] ExSteadyBoxUiInit
2025.12.17 17:09:14,166	INFO	263	org.l2jmobius.gameserver.network.PacketLogger	[S EX] ExCollectionActiveEvent
2025.12.17 17:09:14,166	INFO	263	org.l2jmobius.gameserver.network.PacketLogger	[S EX] ExSubjugationSidebar
2025.12.17 17:09:14,166	INFO	263	org.l2jmobius.gameserver.network.PacketLogger	[S EX] ExRelicsList
2025.12.17 17:09:14,166	INFO	263	org.l2jmobius.gameserver.network.PacketLogger	[S EX] ExRelicsCollectionInfo
2025.12.17 17:09:14,166	INFO	263	org.l2jmobius.gameserver.network.PacketLogger	[S EX] ItemDeletionInfo
2025.12.17 17:09:14,166	INFO	263	org.l2jmobius.gameserver.network.PacketLogger	[S EX] ExDualInventorySwap
2025.12.17 17:09:14,212	INFO	262	org.l2jmobius.gameserver.network.PacketLogger	[C EX] ExAutoPlaySetting
2025.12.17 17:09:14,220	INFO	262	org.l2jmobius.gameserver.network.PacketLogger	[C] RequestSkillCoolTime
2025.12.17 17:09:14,221	INFO	262	org.l2jmobius.gameserver.network.PacketLogger	[C] RequestSkillCoolTime
2025.12.17 17:09:14,222	INFO	263	org.l2jmobius.gameserver.network.PacketLogger	[C EX] RequestGetPledgeCrestPreset
2025.12.17 17:09:14,222	INFO	268	org.l2jmobius.gameserver.network.PacketLogger	[S EX] GetPledgeCrestPreset
2025.12.17 17:09:14,223	INFO	263	org.l2jmobius.gameserver.network.PacketLogger	[C EX] RequestExPledgeDonationInfo
2025.12.17 17:09:14,224	INFO	269	org.l2jmobius.gameserver.network.PacketLogger	[S EX] ExPledgeDonationInfo
2025.12.17 17:09:14,231	INFO	263	org.l2jmobius.gameserver.network.PacketLogger	[C EX] ExRequestClassChangeVerifying
2025.12.17 17:09:14,401	INFO	263	org.l2jmobius.gameserver.network.PacketLogger	[S EX] ExVitalityEffectInfo
2025.12.17 17:09:14,404	INFO	75	org.l2jmobius.gameserver.network.PacketLogger	[S] SkillList
2025.12.17 17:09:14,422	INFO	263	org.l2jmobius.gameserver.network.PacketLogger	[C] RequestSkillCoolTime
2025.12.17 17:09:15,105	INFO	97	org.l2jmobius.gameserver.network.PacketLogger	[S EX] ExItemScore
2025.12.17 17:09:18,167	INFO	105	org.l2jmobius.gameserver.network.PacketLogger	[S EX] ElementalSpiritInfo
2025.12.17 17:09:18,167	INFO	263	org.l2jmobius.gameserver.network.PacketLogger	[S EX] ExElementalSpiritAttackType
2025.12.17 17:09:19,150	INFO	262	org.l2jmobius.gameserver.network.PacketLogger	[C] Action
2025.12.17 17:09:19,151	INFO	272	org.l2jmobius.gameserver.network.PacketLogger	[S] SystemMessage
2025.12.17 17:09:19,151	INFO	272	org.l2jmobius.gameserver.network.PacketLogger	[S] ValidateLocation
2025.12.17 17:09:19,151	INFO	272	org.l2jmobius.gameserver.network.PacketLogger	[S] MyTargetSelected
2025.12.17 17:09:19,151	INFO	272	org.l2jmobius.gameserver.network.PacketLogger	[S EX] ExAbnormalStatusUpdateFromTarget
2025.12.17 17:09:19,155	INFO	272	org.l2jmobius.gameserver.network.PacketLogger	[S] CreatureSay
2025.12.17 17:09:19,161	INFO	272	org.l2jmobius.gameserver.network.PacketLogger	[S] NpcHtmlMessage
2025.12.17 17:09:19,163	INFO	272	org.l2jmobius.gameserver.network.PacketLogger	[S] ActionFailed
2025.12.17 17:11:40,690	INFO	262	org.l2jmobius.gameserver.network.PacketLogger	[C EX] RequestSubjugationRanking
2025.12.17 17:11:40,692	INFO	279	org.l2jmobius.gameserver.network.PacketLogger	[S EX] ExSubjugationRanking
2025.12.17 17:11:40,693	INFO	262	org.l2jmobius.gameserver.network.PacketLogger	[C EX] RequestSubjugationList
2025.12.17 17:11:40,693	INFO	280	org.l2jmobius.gameserver.network.PacketLogger	[S EX] ExSubjugationList
2025.12.17 17:11:40,720	INFO	262	org.l2jmobius.gameserver.network.PacketLogger	[C EX] RequestSubjugationRanking
2025.12.17 17:11:40,721	INFO	281	org.l2jmobius.gameserver.network.PacketLogger	[S EX] ExSubjugationRanking
2025.12.17 17:11:41,650	INFO	262	org.l2jmobius.gameserver.network.PacketLogger	[C EX] RequestSubjugationGachaUI
2025.12.17 17:11:41,651	INFO	282	org.l2jmobius.gameserver.network.PacketLogger	[S EX] ExSubjugationGachaUI
2025.12.17 17:11:41,651	INFO	282	org.l2jmobius.gameserver.network.serverpackets.subjugation.ExSubjugationGachaUI	[ExSubjugationGachaUI] Category: 11, KeyCount: 0
2025.12.17 17:11:41,651	INFO	282	org.l2jmobius.gameserver.network.serverpackets.subjugation.ExSubjugationGachaUI	[ExSubjugationGachaUI] Writing 6 items
2025.12.17 17:11:41,653	INFO	282	org.l2jmobius.gameserver.network.serverpackets.subjugation.ExSubjugationGachaUI	[ExSubjugationGachaUI] ItemId: 97623, Chance: 10.0 -> 100000
2025.12.17 17:11:41,653	INFO	282	org.l2jmobius.gameserver.network.serverpackets.subjugation.ExSubjugationGachaUI	[ExSubjugationGachaUI] ItemId: 97628, Chance: 10.0 -> 100000
2025.12.17 17:11:41,653	INFO	282	org.l2jmobius.gameserver.network.serverpackets.subjugation.ExSubjugationGachaUI	[ExSubjugationGachaUI] ItemId: 102837, Chance: 10.0 -> 100000
2025.12.17 17:11:41,653	INFO	282	org.l2jmobius.gameserver.network.serverpackets.subjugation.ExSubjugationGachaUI	[ExSubjugationGachaUI] ItemId: 102847, Chance: 20.0 -> 200000
2025.12.17 17:11:41,653	INFO	282	org.l2jmobius.gameserver.network.serverpackets.subjugation.ExSubjugationGachaUI	[ExSubjugationGachaUI] ItemId: 102857, Chance: 20.0 -> 200000
2025.12.17 17:11:41,653	INFO	282	org.l2jmobius.gameserver.network.serverpackets.subjugation.ExSubjugationGachaUI	[ExSubjugationGachaUI] ItemId: 102867, Chance: 20.0 -> 200000
2025.12.17 17:11:43,692	INFO	262	org.l2jmobius.gameserver.network.PacketLogger	[C] RequestItemList
2025.12.17 17:11:43,945	INFO	69	org.l2jmobius.gameserver.network.PacketLogger	[S] ItemList
2025.12.17 17:11:43,945	INFO	262	org.l2jmobius.gameserver.network.PacketLogger	[S] ItemList
2025.12.17 17:11:43,945	INFO	262	org.l2jmobius.gameserver.network.PacketLogger	[S EX] ExQuestItemList
2025.12.17 17:11:43,945	INFO	262	org.l2jmobius.gameserver.network.PacketLogger	[S EX] ExQuestItemList
2025.12.17 17:11:43,962	INFO	262	org.l2jmobius.gameserver.network.PacketLogger	[C EX] RequestNewHennaList
2025.12.17 17:11:43,962	INFO	284	org.l2jmobius.gameserver.network.PacketLogger	[S EX] NewHennaList
2025.12.17 17:11:44,746	INFO	77	org.l2jmobius.gameserver.network.PacketLogger	[S EX] ExAdenaInvenCount
2025.12.17 17:11:44,746	INFO	262	org.l2jmobius.gameserver.network.PacketLogger	[S EX] ExUserInfoInvenWeight
2025.12.17 17:11:44,767	INFO	263	org.l2jmobius.gameserver.network.PacketLogger	[C EX] RequestMultisellList
2025.12.17 17:11:44,768	INFO	285	org.l2jmobius.gameserver.network.PacketLogger	[S] MultiSellList
2025.12.17 17:11:44,768	INFO	263	org.l2jmobius.gameserver.network.PacketLogger	[C EX] RequestSaveInventoryOrder
2025.12.17 17:11:46,189	INFO	262	org.l2jmobius.gameserver.network.PacketLogger	[C EX] RequestMultisellList
2025.12.17 17:11:46,190	INFO	287	org.l2jmobius.gameserver.network.PacketLogger	[S] MultiSellList
2025.12.17 17:11:46,767	INFO	262	org.l2jmobius.gameserver.network.PacketLogger	[C EX] RequestMultisellList
2025.12.17 17:11:46,767	INFO	288	org.l2jmobius.gameserver.network.PacketLogger	[S] MultiSellList
2025.12.17 17:11:47,170	INFO	263	org.l2jmobius.gameserver.network.PacketLogger	[C EX] RequestMultisellList
2025.12.17 17:11:47,171	INFO	289	org.l2jmobius.gameserver.network.PacketLogger	[S] MultiSellList
2025.12.17 17:11:47,506	INFO	263	org.l2jmobius.gameserver.network.PacketLogger	[C EX] RequestMultisellList
2025.12.17 17:11:47,507	INFO	290	org.l2jmobius.gameserver.network.PacketLogger	[S] MultiSellList
2025.12.17 17:11:47,846	INFO	262	org.l2jmobius.gameserver.network.PacketLogger	[C EX] RequestCreateItemProbList
2025.12.17 17:11:47,846	INFO	291	org.l2jmobius.gameserver.network.PacketLogger	[S EX] CreateItemProbList
2025.12.17 17:11:48,246	INFO	262	org.l2jmobius.gameserver.network.PacketLogger	[C EX] RequestCreateItemProbList
2025.12.17 17:11:48,246	INFO	292	org.l2jmobius.gameserver.network.PacketLogger	[S EX] CreateItemProbList
2025.12.17 17:11:48,434	INFO	262	org.l2jmobius.gameserver.network.PacketLogger	[C EX] RequestCreateItemProbList
2025.12.17 17:11:48,434	INFO	293	org.l2jmobius.gameserver.network.PacketLogger	[S EX] CreateItemProbList
2025.12.17 17:11:48,585	INFO	263	org.l2jmobius.gameserver.network.PacketLogger	[C EX] RequestCreateItemProbList
2025.12.17 17:11:48,586	INFO	294	org.l2jmobius.gameserver.network.PacketLogger	[S EX] CreateItemProbList
2025.12.17 17:11:48,740	INFO	263	org.l2jmobius.gameserver.network.PacketLogger	[C EX] RequestCreateItemProbList
2025.12.17 17:11:48,740	INFO	295	org.l2jmobius.gameserver.network.PacketLogger	[S EX] CreateItemProbList
2025.12.17 17:11:48,867	INFO	263	org.l2jmobius.gameserver.network.PacketLogger	[C EX] RequestCreateItemProbList
2025.12.17 17:11:48,868	INFO	296	org.l2jmobius.gameserver.network.PacketLogger	[S EX] CreateItemProbList
2025.12.17 17:11:49,013	INFO	263	org.l2jmobius.gameserver.network.PacketLogger	[C EX] RequestCreateItemProbList
2025.12.17 17:11:49,014	INFO	297	org.l2jmobius.gameserver.network.PacketLogger	[S EX] CreateItemProbList
2025.12.17 17:11:49,143	INFO	263	org.l2jmobius.gameserver.network.PacketLogger	[C EX] RequestCreateItemProbList
2025.12.17 17:11:49,143	INFO	298	org.l2jmobius.gameserver.network.PacketLogger	[S EX] CreateItemProbList
2025.12.17 17:11:49,282	INFO	263	org.l2jmobius.gameserver.network.PacketLogger	[C EX] RequestCreateItemProbList
2025.12.17 17:11:49,282	INFO	299	org.l2jmobius.gameserver.network.PacketLogger	[S EX] CreateItemProbList
2025.12.17 17:11:49,420	INFO	262	org.l2jmobius.gameserver.network.PacketLogger	[C EX] RequestCreateItemProbList
2025.12.17 17:11:49,420	INFO	300	org.l2jmobius.gameserver.network.PacketLogger	[S EX] CreateItemProbList
2025.12.17 17:11:49,555	INFO	263	org.l2jmobius.gameserver.network.PacketLogger	[C EX] RequestCreateItemProbList
2025.12.17 17:11:49,556	INFO	301	org.l2jmobius.gameserver.network.PacketLogger	[S EX] CreateItemProbList
2025.12.17 17:11:49,684	INFO	263	org.l2jmobius.gameserver.network.PacketLogger	[C EX] RequestCreateItemProbList
2025.12.17 17:11:49,685	INFO	302	org.l2jmobius.gameserver.network.PacketLogger	[S EX] CreateItemProbList
2025.12.17 17:11:49,825	INFO	262	org.l2jmobius.gameserver.network.PacketLogger	[C EX] RequestCreateItemProbList
2025.12.17 17:11:49,825	INFO	303	org.l2jmobius.gameserver.network.PacketLogger	[S EX] CreateItemProbList
2025.12.17 17:11:50,468	INFO	262	org.l2jmobius.gameserver.network.PacketLogger	[C EX] RequestCreateItemProbList
2025.12.17 17:11:50,469	INFO	304	org.l2jmobius.gameserver.network.PacketLogger	[S EX] CreateItemProbList
2025.12.17 17:11:50,634	INFO	262	org.l2jmobius.gameserver.network.PacketLogger	[C EX] RequestCreateItemProbList
2025.12.17 17:11:50,635	INFO	305	org.l2jmobius.gameserver.network.PacketLogger	[S EX] CreateItemProbList
2025.12.17 17:11:50,772	INFO	262	org.l2jmobius.gameserver.network.PacketLogger	[C EX] RequestCreateItemProbList
2025.12.17 17:11:50,772	INFO	306	org.l2jmobius.gameserver.network.PacketLogger	[S EX] CreateItemProbList
2025.12.17 17:11:50,889	INFO	262	org.l2jmobius.gameserver.network.PacketLogger	[C EX] RequestCreateItemProbList
2025.12.17 17:11:50,890	INFO	307	org.l2jmobius.gameserver.network.PacketLogger	[S EX] CreateItemProbList
2025.12.17 17:11:51,848	INFO	262	org.l2jmobius.gameserver.network.PacketLogger	[C EX] RequestCreateItemProbList
2025.12.17 17:11:51,848	INFO	308	org.l2jmobius.gameserver.network.PacketLogger	[S EX] CreateItemProbList
2025.12.17 17:11:52,014	INFO	263	org.l2jmobius.gameserver.network.PacketLogger	[C EX] RequestCreateItemProbList
2025.12.17 17:11:52,015	INFO	309	org.l2jmobius.gameserver.network.PacketLogger	[S EX] CreateItemProbList
2025.12.17 17:11:52,170	INFO	263	org.l2jmobius.gameserver.network.PacketLogger	[C EX] RequestCreateItemProbList
2025.12.17 17:11:52,171	INFO	310	org.l2jmobius.gameserver.network.PacketLogger	[S EX] CreateItemProbList
2025.12.17 17:11:52,305	INFO	263	org.l2jmobius.gameserver.network.PacketLogger	[C EX] RequestCreateItemProbList
2025.12.17 17:11:52,306	INFO	311	org.l2jmobius.gameserver.network.PacketLogger	[S EX] CreateItemProbList
2025.12.17 17:11:52,451	INFO	263	org.l2jmobius.gameserver.network.PacketLogger	[C EX] RequestCreateItemProbList
2025.12.17 17:11:52,452	INFO	312	org.l2jmobius.gameserver.network.PacketLogger	[S EX] CreateItemProbList
2025.12.17 17:11:52,575	INFO	262	org.l2jmobius.gameserver.network.PacketLogger	[C EX] RequestCreateItemProbList
2025.12.17 17:11:52,576	INFO	313	org.l2jmobius.gameserver.network.PacketLogger	[S EX] CreateItemProbList
2025.12.17 17:11:52,735	INFO	262	org.l2jmobius.gameserver.network.PacketLogger	[C EX] RequestCreateItemProbList
2025.12.17 17:11:52,735	INFO	314	org.l2jmobius.gameserver.network.PacketLogger	[S EX] CreateItemProbList
2025.12.17 17:11:52,861	INFO	262	org.l2jmobius.gameserver.network.PacketLogger	[C EX] RequestCreateItemProbList
2025.12.17 17:11:52,862	INFO	315	org.l2jmobius.gameserver.network.PacketLogger	[S EX] CreateItemProbList
2025.12.17 17:11:52,998	INFO	262	org.l2jmobius.gameserver.network.PacketLogger	[C EX] RequestCreateItemProbList
2025.12.17 17:11:52,998	INFO	316	org.l2jmobius.gameserver.network.PacketLogger	[S EX] CreateItemProbList
2025.12.17 17:11:53,168	INFO	263	org.l2jmobius.gameserver.network.PacketLogger	[C EX] RequestCreateItemProbList
2025.12.17 17:11:53,168	INFO	317	org.l2jmobius.gameserver.network.PacketLogger	[S EX] CreateItemProbList
2025.12.17 17:11:53,312	INFO	263	org.l2jmobius.gameserver.network.PacketLogger	[C EX] RequestCreateItemProbList
2025.12.17 17:11:53,313	INFO	318	org.l2jmobius.gameserver.network.PacketLogger	[S EX] CreateItemProbList
2025.12.17 17:11:56,184	WARNING	59	org.l2jmobius.gameserver.Shutdown	Server scheduled restart issued shutdown command. Restart in 1 seconds!
2025.12.17 17:11:56,184	INFO	321	org.l2jmobius.gameserver.network.PacketLogger	[S] SystemMessage
2025.12.17 17:11:57,186	WARNING	321	org.l2jmobius.gameserver.Shutdown	GM shutdown countdown is over. restarting NOW!
2025.12.17 17:11:57,202	INFO	321	org.l2jmobius.gameserver.network.PacketLogger	[S] ServerClose
2025.12.17 17:11:57,202	INFO	321	org.l2jmobius.gameserver.Shutdown	All players disconnected and saved(16ms).
2025.12.17 17:11:57,202	INFO	321	org.l2jmobius.gameserver.Shutdown	Black Coupon Manager: Destroyed items saved(0ms).
2025.12.17 17:11:57,202	INFO	321	org.l2jmobius.gameserver.Shutdown	Game Time Task Manager: Thread interruped(0ms).
2025.12.17 17:11:57,202	INFO	321	org.l2jmobius.commons.threads.ThreadPool	ThreadPool: Shutting down all thread pools.
2025.12.17 17:11:57,205	INFO	321	org.l2jmobius.gameserver.Shutdown	Thread Pool Manager: Manager has been shut down(3ms).
2025.12.17 17:11:57,205	INFO	321	org.l2jmobius.gameserver.Shutdown	Login Server Thread: Thread interruped(0ms).
2025.12.17 17:11:57,205	INFO	321	org.l2jmobius.gameserver.Shutdown	GM restart received. Restarting NOW!
2025.12.17 17:11:57,216	INFO	321	org.l2jmobius.gameserver.Shutdown	RaidBossSpawnManager: All raidboss info saved(11ms).
2025.12.17 17:11:57,218	INFO	321	org.l2jmobius.gameserver.Shutdown	GrandBossManager: All Grand Boss info saved(2ms).
2025.12.17 17:11:57,218	INFO	321	org.l2jmobius.gameserver.Shutdown	Item Auction Manager: All tasks stopped(0ms).
2025.12.17 17:11:57,218	INFO	321	org.l2jmobius.gameserver.Shutdown	Olympiad System: Data saved(0ms).
2025.12.17 17:11:57,219	INFO	321	org.l2jmobius.gameserver.Shutdown	Hero System: Data saved(1ms).
2025.12.17 17:11:57,219	INFO	321	org.l2jmobius.gameserver.Shutdown	Clan System: Data saved(0ms).
2025.12.17 17:11:57,226	INFO	321	org.l2jmobius.gameserver.Shutdown	Revenge History Manager: Data saved(7ms).
2025.12.17 17:11:57,226	INFO	321	org.l2jmobius.gameserver.Shutdown	Cursed Weapons Manager: Data saved(0ms).
2025.12.17 17:11:57,227	INFO	321	org.l2jmobius.gameserver.Shutdown	Castle Manor Manager: Data saved(1ms).
2025.12.17 17:11:57,227	INFO	321	org.l2jmobius.gameserver.Shutdown	Script Manager: Data saved(0ms).
2025.12.17 17:11:57,233	INFO	321	org.l2jmobius.gameserver.managers.GlobalVariablesManager	GlobalVariablesManager: Stored 10 variables.
2025.12.17 17:11:57,234	INFO	321	org.l2jmobius.gameserver.Shutdown	Global Variables Manager: Variables saved(6ms).
2025.12.17 17:11:57,234	INFO	321	org.l2jmobius.gameserver.Shutdown	Party Matching History Table: Data saved(1ms).
2025.12.17 17:11:57,240	INFO	321	org.l2jmobius.gameserver.Shutdown	SchemeBufferTable data has been saved.
2025.12.17 17:11:57,240	INFO	321	org.l2jmobius.gameserver.Shutdown	World Exchange Manager: Data saved(6ms).
2025.12.17 17:11:57,240	INFO	321	org.l2jmobius.gameserver.Shutdown	Bot Report Table: Successfully saved reports to database!
2025.12.17 17:12:02,244	INFO	321	org.l2jmobius.commons.database.DatabaseFactory	Database: HikariCP pool closed successfully.
2025.12.17 17:12:02,245	INFO	321	org.l2jmobius.gameserver.Shutdown	Database Factory: Database connection has been shut down(2ms).
2025.12.17 17:12:02,245	INFO	321	org.l2jmobius.gameserver.Shutdown	The server has been successfully shut down in 5seconds.
