2025.12.17 17:12:04,001	INFO	3	org.l2jmobius.commons.util.IXmlReader	Network Config: ipconfig.xml exists, using manual configuration...
2025.12.17 17:12:04,089	INFO	3	org.l2jmobius.gameserver.config.ServerConfig	Loaded 6 Filter Words.
2025.12.17 17:12:04,133	WARNING	3	org.l2jmobius.commons.util.ConfigReader	Config 'bufftime' not found in file 'Custom.ini', using default: 14400.
2025.12.17 17:12:04,133	INFO	3	org.l2jmobius.gameserver.GameServer	------------------------------------------------=[ Database ]
2025.12.17 17:12:04,234	INFO	3	org.l2jmobius.commons.database.DatabaseFactory	Database: HikariCP pool initialized successfully.
2025.12.17 17:12:04,361	INFO	3	org.l2jmobius.commons.database.DatabaseFactory	Database: Initialized with a valid connection.
2025.12.17 17:12:04,367	INFO	3	org.l2jmobius.gameserver.GameServer	----------------------------------------------=[ ThreadPool ]
2025.12.17 17:12:04,368	INFO	3	org.l2jmobius.commons.threads.ThreadPool	ThreadPool: Initializing.
2025.12.17 17:12:04,369	INFO	3	org.l2jmobius.commons.threads.ThreadPool	...scheduled pool executor with 16 high priority threads.
2025.12.17 17:12:04,373	INFO	3	org.l2jmobius.commons.threads.ThreadPool	...scheduled pool executor with 64 total threads.
2025.12.17 17:12:04,373	INFO	3	org.l2jmobius.commons.threads.ThreadPool	...instant pool executor with 32 total threads.
2025.12.17 17:12:04,374	INFO	3	org.l2jmobius.gameserver.GameServer	-----------------------------------------------=[ IdManager ]
2025.12.17 17:12:04,394	INFO	3	org.l2jmobius.gameserver.managers.DatabaseIdManager	DatabaseIdManager: Cleaned 0 elements in 0 seconds.
2025.12.17 17:12:04,396	INFO	3	org.l2jmobius.gameserver.managers.DatabaseIdManager	DatabaseIdManager: Updated character online status.
2025.12.17 17:12:04,401	INFO	3	org.l2jmobius.gameserver.managers.DatabaseIdManager	DatabaseIdManager: Cleaned 0 expired timestamps.
2025.12.17 17:12:04,415	INFO	3	org.l2jmobius.gameserver.managers.IdManager	IdManager: 102912 ids available.
2025.12.17 17:12:04,415	INFO	3	org.l2jmobius.gameserver.GameServer	----------------------------------------=[ Scripting Engine ]
2025.12.17 17:12:04,472	INFO	3	org.l2jmobius.gameserver.scripting.ScriptEngine	Loaded 921 files to exclude.
2025.12.17 17:12:04,472	INFO	3	org.l2jmobius.gameserver.GameServer	---------------------------------------------------=[ World ]
2025.12.17 17:12:04,623	INFO	3	org.l2jmobius.gameserver.managers.MapRegionManager	MapRegionManager: Loaded 60 map regions.
2025.12.17 17:12:04,627	INFO	3	org.l2jmobius.gameserver.managers.ZoneManager	ZoneManager 19 by 18 Zone Region Grid set up.
2025.12.17 17:12:04,930	INFO	3	org.l2jmobius.gameserver.managers.ZoneManager	ZoneManager: Loaded 35 zone classes and 2793 zones.
2025.12.17 17:12:04,937	INFO	3	org.l2jmobius.gameserver.managers.ZoneManager	ZoneManager: Last static id 202209.
2025.12.17 17:12:05,129	INFO	3	org.l2jmobius.gameserver.data.xml.DoorData	DoorData: Loaded 1257 doors.
2025.12.17 17:12:05,137	INFO	3	FenceData	FenceData: Loaded 1 fences.
2025.12.17 17:12:05,146	INFO	3	org.l2jmobius.gameserver.managers.GlobalVariablesManager	GlobalVariablesManager: Loaded 10 variables.
2025.12.17 17:12:05,149	INFO	3	org.l2jmobius.gameserver.GameServer	----------------------------------------------------=[ Data ]
2025.12.17 17:12:05,156	INFO	3	org.l2jmobius.gameserver.data.xml.ActionData	ActionData: Loaded 222 player actions.
2025.12.17 17:12:05,164	INFO	3	org.l2jmobius.gameserver.data.xml.CategoryData	CategoryData: Loaded 44 categories.
2025.12.17 17:12:05,176	INFO	3	org.l2jmobius.gameserver.data.xml.SecondaryAuthData	SecondaryAuthData: Loaded 328 forbidden passwords.
2025.12.17 17:12:05,179	INFO	3	org.l2jmobius.gameserver.data.xml.SayuneData	SayuneData: Loaded 0 maps.
2025.12.17 17:12:05,193	INFO	3	org.l2jmobius.gameserver.data.xml.ClanRewardData	ClanRewardData: Loaded 4 rewards for members online.
2025.12.17 17:12:05,193	INFO	3	org.l2jmobius.gameserver.data.xml.ClanRewardData	ClanRewardData: Loaded 4 rewards for hunting monsters.
2025.12.17 17:12:05,205	INFO	3	org.l2jmobius.gameserver.data.xml.MissionLevel	MissionLevel: Loaded 8 seasons.
2025.12.17 17:12:05,855	INFO	3	handlers.DailyMissionMasterHandler	DailyMissionMasterHandler: Loaded 14 handlers.
2025.12.17 17:12:05,871	INFO	3	org.l2jmobius.gameserver.data.xml.DailyMissionData	DailyMissionData: Loaded 76 one day rewards.
2025.12.17 17:12:05,879	INFO	3	org.l2jmobius.gameserver.data.xml.ElementalSpiritData	ElementalSpiritData: Loaded 4 elemental spirit templates.
2025.12.17 17:12:05,886	INFO	3	org.l2jmobius.gameserver.data.xml.SubjugationData	SubjugationData: Loaded 9 data.
2025.12.17 17:12:05,890	INFO	3	org.l2jmobius.gameserver.data.xml.SubjugationGacha	SubjugationGacha: Loaded 6 data.
2025.12.17 17:12:05,896	INFO	3	org.l2jmobius.gameserver.GameServer	-----------------------------------------=[ Aden Laboratory ]
2025.12.17 17:12:05,911	INFO	3	org.l2jmobius.gameserver.data.xml.AdenLaboratoryData	AdenLaboratoryData: Loaded 1 boss and 27 stages.
2025.12.17 17:12:05,930	INFO	3	org.l2jmobius.gameserver.GameServer	--------------------------------------------------=[ Skills ]
2025.12.17 17:12:07,931	INFO	3	handlers.EffectMasterHandler	EffectMasterHandler: Loaded 457 effect handlers.
2025.12.17 17:12:08,059	INFO	3	org.l2jmobius.gameserver.data.xml.TransformData	TransformData: Loaded 60 transform templates.
2025.12.17 17:12:08,199	INFO	3	org.l2jmobius.gameserver.data.xml.SkillEnchantData	SkillEnchantData: Loaded 4 star levels.
2025.12.17 17:12:08,199	INFO	3	org.l2jmobius.gameserver.data.xml.SkillEnchantData	SkillEnchantData: Loaded 5 enchant items.
2025.12.17 17:12:08,199	INFO	3	org.l2jmobius.gameserver.data.xml.SkillEnchantData	SkillEnchantData: Loaded 99 skill enchants.
2025.12.17 17:12:08,214	INFO	3	org.l2jmobius.gameserver.data.xml.EnchantSkillGroupsData	EnchantSkillGroupsData: Loaded 30 enchant routes, max enchant set to 30.
2025.12.17 17:12:10,078	INFO	3	org.l2jmobius.gameserver.data.xml.SkillData	SkillData: Loaded 80175 Skills.
2025.12.17 17:12:10,385	INFO	3	org.l2jmobius.gameserver.data.xml.SkillTreeData	SkillTreeData: Loaded 20212 Class skills for 147 class skill trees.
2025.12.17 17:12:10,385	INFO	3	org.l2jmobius.gameserver.data.xml.SkillTreeData	SkillTreeData: Loaded 0 sub-class skills.
2025.12.17 17:12:10,385	INFO	3	org.l2jmobius.gameserver.data.xml.SkillTreeData	SkillTreeData: Loaded 0 dual-class skills.
2025.12.17 17:12:10,385	INFO	3	org.l2jmobius.gameserver.data.xml.SkillTreeData	SkillTreeData: Loaded 0 transfer skills for 0 transfer skill trees.
2025.12.17 17:12:10,385	INFO	3	org.l2jmobius.gameserver.data.xml.SkillTreeData	SkillTreeData: Loaded 0 race skills for 0 race skill trees.
2025.12.17 17:12:10,385	INFO	3	org.l2jmobius.gameserver.data.xml.SkillTreeData	SkillTreeData: Loaded 18 fishing skills, 8 Dwarven only fishing skills.
2025.12.17 17:12:10,385	INFO	3	org.l2jmobius.gameserver.data.xml.SkillTreeData	SkillTreeData: Loaded 0 collect skills.
2025.12.17 17:12:10,387	INFO	3	org.l2jmobius.gameserver.data.xml.SkillTreeData	SkillTreeData: Loaded 78 clan skills, 47 for clan and 31 residential.
2025.12.17 17:12:10,387	INFO	3	org.l2jmobius.gameserver.data.xml.SkillTreeData	SkillTreeData: Loaded 18 sub-pledge skills.
2025.12.17 17:12:10,387	INFO	3	org.l2jmobius.gameserver.data.xml.SkillTreeData	SkillTreeData: Loaded 0 transform skills.
2025.12.17 17:12:10,387	INFO	3	org.l2jmobius.gameserver.data.xml.SkillTreeData	SkillTreeData: Loaded 1 noble skills.
2025.12.17 17:12:10,387	INFO	3	org.l2jmobius.gameserver.data.xml.SkillTreeData	SkillTreeData: Loaded 1 hero skills.
2025.12.17 17:12:10,387	INFO	3	org.l2jmobius.gameserver.data.xml.SkillTreeData	SkillTreeData: Loaded 34 game master skills.
2025.12.17 17:12:10,387	INFO	3	org.l2jmobius.gameserver.data.xml.SkillTreeData	SkillTreeData: Loaded 1 game master aura skills.
2025.12.17 17:12:10,387	INFO	3	org.l2jmobius.gameserver.data.xml.SkillTreeData	SkillTreeData: Loaded 0 ability skills.
2025.12.17 17:12:10,387	INFO	3	org.l2jmobius.gameserver.data.xml.SkillTreeData	SkillTreeData: Loaded 0 alchemy skills.
2025.12.17 17:12:10,387	INFO	3	org.l2jmobius.gameserver.data.xml.SkillTreeData	SkillTreeData: Loaded 0 class awaken save skills.
2025.12.17 17:12:10,388	INFO	3	org.l2jmobius.gameserver.data.xml.SkillTreeData	SkillTreeData: Loaded 0 Revelation skills.
2025.12.17 17:12:10,396	INFO	3	org.l2jmobius.gameserver.data.xml.PetSkillData	PetSkillData: Loaded 898 skills.
2025.12.17 17:12:10,401	INFO	3	org.l2jmobius.gameserver.data.xml.PetAcquireList	PetAcquireList: Loaded 10 pet skills.
2025.12.17 17:12:10,401	INFO	3	org.l2jmobius.gameserver.GameServer	---------------------------------------------------=[ Items ]
2025.12.17 17:12:11,066	INFO	3	org.l2jmobius.gameserver.data.xml.ItemData	ItemData: Highest item id used: 110000
2025.12.17 17:12:11,072	INFO	3	org.l2jmobius.gameserver.data.xml.ItemData	ItemData: Loaded 19165 etc items.
2025.12.17 17:12:11,072	INFO	3	org.l2jmobius.gameserver.data.xml.ItemData	ItemData: Loaded 3416 armor items.
2025.12.17 17:12:11,073	INFO	3	org.l2jmobius.gameserver.data.xml.ItemData	ItemData: Loaded 2582 weapon items.
2025.12.17 17:12:11,073	INFO	3	org.l2jmobius.gameserver.data.xml.ItemData	ItemData: Loaded 25163 items in total.
2025.12.17 17:12:11,078	INFO	3	org.l2jmobius.gameserver.data.xml.EnchantItemGroupsData	EnchantItemGroupsData: Loaded 33 item group templates.
2025.12.17 17:12:11,079	INFO	3	org.l2jmobius.gameserver.data.xml.EnchantItemGroupsData	EnchantItemGroupsData: Loaded 5 scroll group templates.
2025.12.17 17:12:11,079	INFO	3	org.l2jmobius.gameserver.data.xml.EnchantItemGroupsData	EnchantItemGroupsData: Max weapon enchant is set to 30.
2025.12.17 17:12:11,079	INFO	3	org.l2jmobius.gameserver.data.xml.EnchantItemGroupsData	EnchantItemGroupsData: Max armor enchant is set to 10.
2025.12.17 17:12:11,079	INFO	3	org.l2jmobius.gameserver.data.xml.EnchantItemGroupsData	EnchantItemGroupsData: Max accessory enchant is set to 10.
2025.12.17 17:12:11,084	INFO	3	org.l2jmobius.gameserver.data.xml.EnchantItemData	EnchantItemData: Loaded 137 enchant scrolls.
2025.12.17 17:12:11,084	INFO	3	org.l2jmobius.gameserver.data.xml.EnchantItemData	EnchantItemData: Loaded 0 support items.
2025.12.17 17:12:11,482	INFO	3	org.l2jmobius.gameserver.data.xml.OptionData	OptionData: Loaded 20909 options.
2025.12.17 17:12:11,487	INFO	3	org.l2jmobius.gameserver.data.xml.EnchantItemOptionsData	EnchantItemOptionsData: Loaded 56 items and 598 options.
2025.12.17 17:12:11,492	INFO	3	org.l2jmobius.gameserver.data.xml.EnchantChallengePointData	EnchantChallengePointData: Loaded 3 groups and 6 options.
2025.12.17 17:12:11,495	INFO	3	org.l2jmobius.commons.util.IXmlReader	ElementalAttributeData: Loaded 0 elemental attribute items.
2025.12.17 17:12:11,499	INFO	3	org.l2jmobius.gameserver.data.xml.ItemCrystallizationData	ItemCrystallizationData: Loaded 12 crystallization templates.
2025.12.17 17:12:11,563	INFO	3	VariationData	VariationData: Loaded 34 item groups.
2025.12.17 17:12:11,563	INFO	3	VariationData	VariationData: Loaded 37 variations.
2025.12.17 17:12:11,563	INFO	3	VariationData	VariationData: Loaded 1617 fees.
2025.12.17 17:12:11,583	INFO	3	org.l2jmobius.gameserver.data.xml.EnsoulData	EnsoulData: Loaded 260 fees.
2025.12.17 17:12:11,583	INFO	3	org.l2jmobius.gameserver.data.xml.EnsoulData	EnsoulData: Loaded 955 options.
2025.12.17 17:12:11,583	INFO	3	org.l2jmobius.gameserver.data.xml.EnsoulData	EnsoulData: Loaded 260 stones.
2025.12.17 17:12:11,586	INFO	3	org.l2jmobius.gameserver.data.xml.EnchantItemHPBonusData	EnchantItemHPBonusData: Loaded 11 enchant HP bonuses.
2025.12.17 17:12:11,934	INFO	3	org.l2jmobius.gameserver.data.xml.BuyListData	BuyListData: Loaded 457 buyLists.
2025.12.17 17:12:12,681	INFO	3	org.l2jmobius.gameserver.data.xml.MultisellData	MultisellData: Loaded 808 multisell lists.
2025.12.17 17:12:12,701	INFO	3	org.l2jmobius.gameserver.data.xml.CombinationItemsData	CombinationItemsData: Loaded 1891 combinations.
2025.12.17 17:12:12,704	INFO	3	org.l2jmobius.gameserver.data.xml.EquipmentUpgradeData	EquipmentUpgradeData: Loaded 74 upgrade equipment data.
2025.12.17 17:12:12,731	INFO	3	org.l2jmobius.gameserver.data.xml.EquipmentUpgradeNormalData	EquipmentUpgradeNormalData: Loaded 1140 upgrade-normal equipment data. Adena commission is 100.
2025.12.17 17:12:12,736	INFO	3	org.l2jmobius.gameserver.data.xml.AgathionData	AgathionData: Loaded 60 agathion data.
2025.12.17 17:12:12,739	INFO	3	org.l2jmobius.gameserver.data.xml.RaidTeleportListData	RaidTeleportListData: Loaded 47 teleports.
2025.12.17 17:12:12,754	INFO	3	org.l2jmobius.gameserver.data.xml.RecipeData	RecipeData: Loaded 594 recipes.
2025.12.17 17:12:12,764	INFO	3	org.l2jmobius.gameserver.data.xml.ArmorSetData	ArmorSetData: Loaded 51 armor sets.
2025.12.17 17:12:12,767	INFO	3	org.l2jmobius.gameserver.data.xml.FishingData	FishingData: Loaded 2 bait and 2 rod data.
2025.12.17 17:12:12,779	INFO	3	org.l2jmobius.gameserver.data.xml.HennaData	HennaData: Loaded 578 henna data.
2025.12.17 17:12:12,787	INFO	3	org.l2jmobius.gameserver.data.xml.HennaCombinationData	HennaCombinationData: Loaded 721 henna combinations.
2025.12.17 17:12:12,790	INFO	3	org.l2jmobius.gameserver.data.xml.HennaPatternPotentialData	HennaPatternPotentialData: Loaded 1 dye pattern fee data.
2025.12.17 17:12:12,793	INFO	3	org.l2jmobius.gameserver.data.xml.PrimeShopData	PrimeShopData: System is disabled.
2025.12.17 17:12:12,796	INFO	3	org.l2jmobius.gameserver.data.xml.LimitShopData	LimitShopData: Loaded 101 items.
2025.12.17 17:12:12,797	INFO	3	org.l2jmobius.gameserver.data.xml.LimitShopData	LimitShopCraftData: System is disabled.
2025.12.17 17:12:12,799	INFO	3	org.l2jmobius.gameserver.data.xml.LimitShopClanData	LimitShopClanData: System is disabled.
2025.12.17 17:12:12,804	INFO	3	org.l2jmobius.gameserver.data.xml.CollectionData	CollectionData: Loaded 528 collections.
2025.12.17 17:12:12,813	INFO	3	org.l2jmobius.gameserver.data.xml.RelicData	RelicData: Loaded 181 relics.
2025.12.17 17:12:12,814	INFO	3	org.l2jmobius.gameserver.data.xml.RelicCollectionData	RelicCollectionData: Loaded 90 relic collections.
2025.12.17 17:12:12,824	INFO	3	org.l2jmobius.gameserver.data.xml.RelicCouponData	RelicCouponData: Loaded 230 relic coupon data.
2025.12.17 17:12:12,826	INFO	3	org.l2jmobius.gameserver.data.xml.RaidDropAnnounceData	RaidDropAnnounceData: Loaded 258 raid drop announce data.
2025.12.17 17:12:12,830	INFO	3	org.l2jmobius.gameserver.data.xml.AppearanceItemData	AppearanceItemData: Loaded 2 stones.
2025.12.17 17:12:12,838	INFO	3	org.l2jmobius.gameserver.managers.PrivateStoreHistoryManager	PrivateStoreHistoryManager: Loaded 0 items history.
2025.12.17 17:12:12,842	INFO	3	org.l2jmobius.commons.util.IXmlReader	LuckyGameData: Loaded 2 lucky game data.
2025.12.17 17:12:12,845	INFO	3	org.l2jmobius.gameserver.data.xml.MableGameData	MableGameData: Disabled
2025.12.17 17:12:12,846	INFO	3	org.l2jmobius.gameserver.data.xml.AttendanceRewardData	AttendanceRewardData: Disabled.
2025.12.17 17:12:12,849	INFO	3	org.l2jmobius.gameserver.data.xml.MagicLampData	MagicLampData: Loaded 20 magic lamps exp types.
2025.12.17 17:12:12,858	INFO	3	org.l2jmobius.commons.util.IXmlReader	RandomCraftData: Loaded 1931 extraction data.
2025.12.17 17:12:12,863	INFO	3	org.l2jmobius.commons.util.IXmlReader	RandomCraftData: Loaded 922 rewards.
2025.12.17 17:12:12,870	INFO	3	org.l2jmobius.gameserver.data.xml.VipData	VipData: Loaded 11 vips.
2025.12.17 17:12:12,870	INFO	3	org.l2jmobius.gameserver.GameServer	----------------------------------------------=[ Characters ]
2025.12.17 17:12:12,873	INFO	3	org.l2jmobius.gameserver.data.xml.ClassListData	ClassListData: Loaded 147 class data.
2025.12.17 17:12:12,878	INFO	3	org.l2jmobius.gameserver.data.xml.InitialEquipmentData	InitialEquipmentData: Loaded 22 initial equipment data.
2025.12.17 17:12:12,882	INFO	3	org.l2jmobius.gameserver.data.xml.InitialShortcutData	InitialShortcutData: Loaded 6 initial global shortcut data.
2025.12.17 17:12:12,882	INFO	3	org.l2jmobius.gameserver.data.xml.InitialShortcutData	InitialShortcutData: Loaded 6 initial shortcut data.
2025.12.17 17:12:12,882	INFO	3	org.l2jmobius.gameserver.data.xml.InitialShortcutData	InitialShortcutData: Loaded 1 macro presets.
2025.12.17 17:12:12,884	INFO	3	org.l2jmobius.gameserver.data.xml.ExperienceData	ExperienceData: Loaded 100 levels.
2025.12.17 17:12:12,884	INFO	3	org.l2jmobius.gameserver.data.xml.ExperienceData	ExperienceData: Max Player Level is 99.
2025.12.17 17:12:12,884	INFO	3	org.l2jmobius.gameserver.data.xml.ExperienceData	ExperienceData: Max Pet Level is 99.
2025.12.17 17:12:12,885	INFO	3	org.l2jmobius.gameserver.data.xml.ExperienceLossData	ExperienceLossData: Loaded 99 levels.
2025.12.17 17:12:12,887	INFO	3	org.l2jmobius.gameserver.data.xml.KarmaLossData	KarmaLossData: Loaded 99 modifiers.
2025.12.17 17:12:12,888	INFO	3	org.l2jmobius.gameserver.data.xml.HitConditionBonusData	HitConditionBonusData: Loaded hit condition bonuses.
2025.12.17 17:12:13,100	INFO	3	org.l2jmobius.gameserver.data.xml.PlayerTemplateData	PlayerTemplateData: Loaded 147 player templates.
2025.12.17 17:12:13,100	INFO	3	org.l2jmobius.gameserver.data.xml.PlayerTemplateData	PlayerTemplateData: Loaded 87318 level up gain records.
2025.12.17 17:12:13,102	INFO	3	org.l2jmobius.gameserver.data.sql.CharInfoTable	CharInfoTable: Loaded 3 char names.
2025.12.17 17:12:13,103	INFO	3	org.l2jmobius.gameserver.data.sql.PartyMatchingHistoryTable	PartyMatchingHistoryTable: Loaded 0 party matching history data.
2025.12.17 17:12:13,106	INFO	3	org.l2jmobius.gameserver.data.xml.AdminData	AdminData: Loaded 10 access levels.
2025.12.17 17:12:13,108	INFO	3	org.l2jmobius.gameserver.data.xml.AdminData	AdminData: Loaded 469 access commands.
2025.12.17 17:12:13,302	INFO	3	org.l2jmobius.gameserver.data.xml.PetDataTable	PetDataTable: Loaded 54 pets.
2025.12.17 17:12:13,305	INFO	3	org.l2jmobius.gameserver.data.xml.PetTypeData	PetTypeData: Loaded 323 pet types.
2025.12.17 17:12:13,309	INFO	3	org.l2jmobius.gameserver.data.xml.PetExtractData	PetExtractData: Loaded 7 pet extraction data.
2025.12.17 17:12:13,330	INFO	3	org.l2jmobius.gameserver.data.xml.CubicData	CubicData: Loaded 24 cubics.
2025.12.17 17:12:13,342	INFO	3	org.l2jmobius.commons.util.IXmlReader	CharacterStylesData: Loaded 4 Character Styles.
2025.12.17 17:12:13,343	INFO	3	org.l2jmobius.commons.util.IXmlReader	CharacterStylesData:   CHAT_BACKGROUND -> 4 styles.
2025.12.17 17:12:13,343	INFO	3	org.l2jmobius.commons.util.IXmlReader	CharacterStylesData:   APPEARANCE_ARMOR -> 5 styles.
2025.12.17 17:12:13,343	INFO	3	org.l2jmobius.commons.util.IXmlReader	CharacterStylesData:   APPEARANCE_WEAPON -> 115 styles.
2025.12.17 17:12:13,343	INFO	3	org.l2jmobius.commons.util.IXmlReader	CharacterStylesData:   KILL_EFFECT -> 12 styles.
2025.12.17 17:12:13,343	INFO	3	org.l2jmobius.commons.util.IXmlReader	CharacterStylesData: Cached 115 Weapon Styles.
2025.12.17 17:12:13,343	INFO	3	org.l2jmobius.commons.util.IXmlReader	CharacterStylesData: Cached 12 Kill Effect Styles.
2025.12.17 17:12:13,344	INFO	3	org.l2jmobius.gameserver.data.xml.WuxianData	無限成長系統: 已載入 0 筆人物加成數據.
2025.12.17 17:12:13,344	INFO	3	org.l2jmobius.gameserver.GameServer	---------------------------------------------------=[ Clans ]
2025.12.17 17:12:13,346	INFO	3	org.l2jmobius.gameserver.data.xml.ClanLevelData	ClanLevelData: Loaded 15 clan level data.
2025.12.17 17:12:13,352	INFO	3	org.l2jmobius.gameserver.communitybbs.Manager.ForumsBBSManager	ForumsBBSManager: Loaded 5 forums. Last forum id used: 5
2025.12.17 17:12:13,362	INFO	3	org.l2jmobius.gameserver.data.sql.ClanTable	ClanTable: Restored 1 clans from the database.
2025.12.17 17:12:13,364	INFO	3	org.l2jmobius.gameserver.data.xml.ResidenceFunctionsData	ResidenceFunctionsData: Loaded 8 functions.
2025.12.17 17:12:13,448	INFO	3	org.l2jmobius.gameserver.data.xml.ClanHallData	ClanHallData: Succesfully loaded 46 clan halls.
2025.12.17 17:12:13,449	INFO	3	org.l2jmobius.gameserver.managers.ClanHallAuctionManager	ClanHallAuctionManager: Clan Hall Auction has started!
2025.12.17 17:12:13,461	INFO	3	org.l2jmobius.gameserver.managers.ClanEntryManager	ClanEntryManager: Loaded 0 clan entries.
2025.12.17 17:12:13,462	INFO	3	org.l2jmobius.gameserver.managers.ClanEntryManager	ClanEntryManager: Loaded 0 players in waiting list.
2025.12.17 17:12:13,462	INFO	3	org.l2jmobius.gameserver.managers.ClanEntryManager	ClanEntryManager: Loaded 0 player applications.
2025.12.17 17:12:13,462	INFO	3	org.l2jmobius.gameserver.GameServer	-------------------------------------------------=[ Geodata ]
2025.12.17 17:12:13,469	INFO	3	org.l2jmobius.gameserver.geoengine.GeoEngine	GeoEngine: Loaded 0 regions.
2025.12.17 17:12:13,469	INFO	3	org.l2jmobius.gameserver.geoengine.GeoEngine	GeoEngine: Pathfinding is disabled.
2025.12.17 17:12:13,469	INFO	3	org.l2jmobius.gameserver.GameServer	----------------------------------------------------=[ NPCs ]
2025.12.17 17:12:14,232	INFO	3	org.l2jmobius.gameserver.data.xml.NpcData	NpcData: Loaded 9723 NPCs.
2025.12.17 17:12:14,257	INFO	3	org.l2jmobius.gameserver.data.xml.NpcData	NpcData: Loaded 76 custom NPCs.
2025.12.17 17:12:14,573	INFO	3	org.l2jmobius.gameserver.data.xml.SpawnData	SpawnData: Loaded 40738 spawns
2025.12.17 17:12:14,577	INFO	3	org.l2jmobius.gameserver.managers.WalkingManager	WalkingManager: Loaded 1 walking routes.
2025.12.17 17:12:14,584	INFO	3	org.l2jmobius.gameserver.data.xml.StaticObjectData	StaticObjectData: Loaded 86 static object templates.
2025.12.17 17:12:14,585	INFO	3	org.l2jmobius.gameserver.managers.ItemAuctionManager	ItemAuctionManager: Disabled.
2025.12.17 17:12:14,610	INFO	3	org.l2jmobius.gameserver.managers.InstanceManager	InstanceManager: Loaded 117 instance names.
2025.12.17 17:12:14,668	WARNING	3	org.l2jmobius.gameserver.managers.InstanceManager	InstanceManager: Instance template with ID 229 already exists
2025.12.17 17:12:14,671	WARNING	3	org.l2jmobius.gameserver.managers.InstanceManager	InstanceManager: Instance template with ID 1032 already exists
2025.12.17 17:12:14,683	INFO	3	org.l2jmobius.gameserver.managers.InstanceManager	InstanceManager: Loaded 26 instance templates.
2025.12.17 17:12:14,684	INFO	3	org.l2jmobius.gameserver.managers.InstanceManager	InstanceManager: Loaded instance reenter times for 0 players.
2025.12.17 17:12:14,687	INFO	3	org.l2jmobius.gameserver.managers.CastleManager	CastleManager: Loaded 2 castles.
2025.12.17 17:12:14,693	INFO	3	org.l2jmobius.gameserver.data.SchemeBufferTable	SchemeBufferTable: Loaded 0 players schemes and 60 available buffs.
2025.12.17 17:12:14,697	INFO	3	org.l2jmobius.gameserver.managers.GrandBossManager	GrandBossManager: 巨蟻女王(29001) status is 0
2025.12.17 17:12:14,697	INFO	3	org.l2jmobius.gameserver.managers.GrandBossManager	GrandBossManager: 核心(29006) status is 0
2025.12.17 17:12:14,697	INFO	3	org.l2jmobius.gameserver.managers.GrandBossManager	GrandBossManager: 奧爾芬(29014) status is 0
2025.12.17 17:12:14,698	INFO	3	org.l2jmobius.gameserver.managers.GrandBossManager	GrandBossManager: 巴溫(29020) status is 0
2025.12.17 17:12:14,698	INFO	3	org.l2jmobius.gameserver.managers.GrandBossManager	GrandBossManager: 札肯(29022) status is 0
2025.12.17 17:12:14,698	INFO	3	org.l2jmobius.gameserver.managers.GrandBossManager	GrandBossManager: Loaded 5 instances.
2025.12.17 17:12:14,700	INFO	3	org.l2jmobius.gameserver.GameServer	------------------------------------------------=[ Instance ]
2025.12.17 17:12:14,700	INFO	3	org.l2jmobius.gameserver.GameServer	------------------------------------------------=[ Olympiad ]
2025.12.17 17:12:14,704	INFO	3	org.l2jmobius.gameserver.model.olympiad.Olympiad	Disabled.
2025.12.17 17:12:14,705	INFO	3	org.l2jmobius.gameserver.GameServer	---------------------------------------------------=[ Cache ]
2025.12.17 17:12:14,705	INFO	3	org.l2jmobius.gameserver.cache.HtmCache	Cache[HTML]: Running lazy cache.
2025.12.17 17:12:14,706	INFO	3	org.l2jmobius.gameserver.data.sql.CrestTable	CrestTable: Loaded 0 Crests.
2025.12.17 17:12:14,711	INFO	3	org.l2jmobius.gameserver.data.xml.TeleportListData	TeleportListData: Loaded 215 teleports.
2025.12.17 17:12:14,712	INFO	3	org.l2jmobius.gameserver.managers.SharedTeleportManager	SharedTeleportManager: initialized.
2025.12.17 17:12:17,341	INFO	3	org.l2jmobius.gameserver.data.xml.TeleporterData	TeleporterData: Loaded 112 npc teleporters.
2025.12.17 17:12:17,344	INFO	3	org.l2jmobius.gameserver.data.xml.TimedHuntingZoneData	TimedHuntingZoneData: Loaded 6 timed hunting zones.
2025.12.17 17:12:17,349	INFO	3	org.l2jmobius.gameserver.data.BotReportTable	BotReportTable: Loaded 0 bot reports
2025.12.17 17:12:17,352	INFO	3	org.l2jmobius.gameserver.GameServer	-------------------------------------------------=[ Scripts ]
2025.12.17 17:12:17,367	INFO	3	org.l2jmobius.gameserver.data.xml.NewQuestData	NewQuestData: Loaded 387 new quest data.
2025.12.17 17:12:17,370	INFO	3	org.l2jmobius.gameserver.managers.AirShipManager	AirShipManager: Loaded 0 private airships
2025.12.17 17:12:17,374	INFO	3	org.l2jmobius.gameserver.data.xml.ShuttleData	ShuttleData: Loaded 3 shuttles.
2025.12.17 17:12:17,375	INFO	3	org.l2jmobius.gameserver.GameServer	GameServer: Loading server scripts:
2025.12.17 17:12:18,551	INFO	3	handlers.MasterHandler	Loading Handlers...
2025.12.17 17:12:18,608	INFO	3	handlers.MasterHandler	ActionHandler: Loaded 10 handlers.
2025.12.17 17:12:18,608	INFO	3	handlers.MasterHandler	ActionShiftHandler: Loaded 6 handlers.
2025.12.17 17:12:18,608	INFO	3	handlers.MasterHandler	AdminCommandHandler: Loaded 465 handlers.
2025.12.17 17:12:18,608	INFO	3	handlers.MasterHandler	BypassHandler: Loaded 33 handlers.
2025.12.17 17:12:18,608	INFO	3	handlers.MasterHandler	ChatHandler: Loaded 15 handlers.
2025.12.17 17:12:18,608	INFO	3	handlers.MasterHandler	CommunityBoardHandler: Loaded 24 handlers.
2025.12.17 17:12:18,608	INFO	3	handlers.MasterHandler	ItemHandler: Loaded 41 handlers.
2025.12.17 17:12:18,608	INFO	3	handlers.MasterHandler	PunishmentHandler: Loaded 3 handlers.
2025.12.17 17:12:18,608	INFO	3	handlers.MasterHandler	UserCommandHandler: Loaded 16 handlers.
2025.12.17 17:12:18,608	INFO	3	handlers.MasterHandler	VoicedCommandHandler: Loaded 14 handlers.
2025.12.17 17:12:18,608	INFO	3	handlers.MasterHandler	TargetHandler: Loaded 24 handlers.
2025.12.17 17:12:18,608	INFO	3	handlers.MasterHandler	AffectObjectHandler: Loaded 11 handlers.
2025.12.17 17:12:18,608	INFO	3	handlers.MasterHandler	AffectScopeHandler: Loaded 19 handlers.
2025.12.17 17:12:18,608	INFO	3	handlers.MasterHandler	PlayerActionHandler: Loaded 24 handlers.
2025.12.17 17:12:18,608	INFO	3	handlers.MasterHandler	Handlers Loaded...
2025.12.17 17:12:21,347	INFO	3	ai.areas.FairyInvadedLands.FairyInvadedLands	精靈入侵領地: 設定的檢查時間點 - 06:00, 12:00, 18:00, 00:00
2025.12.17 17:12:21,347	INFO	3	ai.areas.FairyInvadedLands.FairyInvadedLands	精靈入侵領地: 每 60 秒檢查一次時間
2025.12.17 17:12:21,480	INFO	3	org.l2jmobius.gameserver.managers.GrandBossManager	GrandBossManager: Updated 札肯(29022) status to 0.
2025.12.17 17:12:21,499	INFO	3	ai.others.ClassMaster.ClassMaster	ClassMaster: Loaded 3 class change options.
2025.12.17 17:12:21,556	INFO	3	custom.RunMerchant.RunMerchant	[RunMerchant] 已加載城市倍率
2025.12.17 17:12:21,556	INFO	3	custom.RunMerchant.RunMerchant	[RunMerchant] 跑商系統已啟動
2025.12.17 17:12:21,562	SEVERE	3	org.l2jmobius.gameserver.model.script.Quest	Transmog: Found addStartNpc for non existing NPC: 9000009!
2025.12.17 17:12:21,562	SEVERE	3	org.l2jmobius.gameserver.model.script.Quest	Transmog: Found addTalkId for non existing NPC: 9000009!
2025.12.17 17:12:21,562	SEVERE	3	org.l2jmobius.gameserver.model.script.Quest	Transmog: Found addFirstTalkId for non existing NPC: 9000009!
2025.12.17 17:12:21,576	INFO	3	org.l2jmobius.gameserver.model.script.Quest	Event Balthus Festival has passed... Ignored 
2025.12.17 17:12:21,585	INFO	3	org.l2jmobius.gameserver.model.script.Quest	Event Battle With Keber has passed... Ignored 
2025.12.17 17:12:21,587	INFO	3	org.l2jmobius.gameserver.model.script.Quest	Event Black Coupon has passed... Ignored 
2025.12.17 17:12:21,590	INFO	3	org.l2jmobius.gameserver.model.script.Quest	Event Blossom Festival has passed... Ignored 
2025.12.17 17:12:21,592	INFO	3	org.l2jmobius.gameserver.model.script.Quest	Event Chef Monkey Event has passed... Ignored 
2025.12.17 17:12:21,596	INFO	3	org.l2jmobius.gameserver.model.script.Quest	Event Cross Event has passed... Ignored 
2025.12.17 17:12:21,600	INFO	3	org.l2jmobius.gameserver.model.script.Quest	Event DefeatTheQueen has passed... Ignored 
2025.12.17 17:12:21,602	INFO	3	org.l2jmobius.gameserver.model.script.Quest	Event Eve the Fortune Teller has passed... Ignored 
2025.12.17 17:12:21,604	INFO	3	org.l2jmobius.gameserver.model.script.Quest	Event Blossom Festival has passed... Ignored 
2025.12.17 17:12:21,606	INFO	3	org.l2jmobius.gameserver.model.script.Quest	Event 世界掉落 has passed... Ignored 
2025.12.17 17:12:21,606	SEVERE	3	org.l2jmobius.gameserver.model.script.Quest	GlobalDrop: Found addStartNpc for non existing NPC: 4306!
2025.12.17 17:12:21,606	SEVERE	3	org.l2jmobius.gameserver.model.script.Quest	GlobalDrop: Found addFirstTalkId for non existing NPC: 4306!
2025.12.17 17:12:21,606	SEVERE	3	org.l2jmobius.gameserver.model.script.Quest	GlobalDrop: Found addTalkId for non existing NPC: 4306!
2025.12.17 17:12:21,609	INFO	3	org.l2jmobius.gameserver.model.script.Quest	Event Golden Wheel has passed... Ignored 
2025.12.17 17:12:21,611	INFO	3	org.l2jmobius.gameserver.model.script.Quest	Event Holiday out of Schedule has passed... Ignored 
2025.12.17 17:12:21,614	INFO	3	org.l2jmobius.gameserver.model.script.Quest	Event LegendOfTheWaterTemple has passed... Ignored 
2025.12.17 17:12:21,615	INFO	3	org.l2jmobius.gameserver.model.script.Quest	Event Leona's Dungeon Event has passed... Ignored 
2025.12.17 17:12:21,618	INFO	3	org.l2jmobius.gameserver.model.script.Quest	Event Letter Collector has passed... Ignored 
2025.12.17 17:12:21,621	INFO	3	org.l2jmobius.gameserver.model.script.Quest	Event Merry Squashmas Event has passed... Ignored 
2025.12.17 17:12:21,627	INFO	3	events.SecretShop.SecretShop	Added time period: 18:00 - 23:59
2025.12.17 17:12:21,628	WARNING	3	events.SecretShop.SecretShop	SecretShop: Loaded 7 secret shop entries with 1 time periods.
2025.12.17 17:12:21,629	WARNING	3	org.l2jmobius.gameserver.managers.events.SecretShopEventManager	SecretShopEventManager: Activated
2025.12.17 17:12:21,629	WARNING	3	org.l2jmobius.gameserver.managers.events.SecretShopEventManager	SecretShopEventManager: Scheduled start in 2858371 ms.
2025.12.17 17:12:21,634	INFO	3	org.l2jmobius.gameserver.model.script.Quest	Event Secret Shop active till Tue Dec 01 00:00:00 CST 2026
2025.12.17 17:12:21,637	INFO	3	org.l2jmobius.gameserver.model.script.Quest	Event Squash Event has passed... Ignored 
2025.12.17 17:12:21,640	INFO	3	org.l2jmobius.gameserver.model.script.Quest	Event The Power Of Love has passed... Ignored 
2025.12.17 17:12:21,643	INFO	3	org.l2jmobius.gameserver.model.script.Quest	Event Total Recall has passed... Ignored 
2025.12.17 17:12:21,645	INFO	3	org.l2jmobius.gameserver.model.script.Quest	Event Unique Gacha has passed... Ignored 
2025.12.17 17:12:21,649	INFO	3	org.l2jmobius.gameserver.model.script.Quest	Event Watermelon Ninja has passed... Ignored 
2025.12.17 17:12:21,897	INFO	3	org.l2jmobius.gameserver.data.xml.SpawnData	SpawnData: Initializing spawns...
2025.12.17 17:12:22,450	INFO	3	org.l2jmobius.gameserver.managers.DatabaseSpawnManager	DatabaseSpawnManager: Loaded 35 instances.
2025.12.17 17:12:22,450	INFO	3	org.l2jmobius.gameserver.managers.DatabaseSpawnManager	DatabaseSpawnManager: Scheduled 0 instances.
2025.12.17 17:12:23,915	INFO	3	org.l2jmobius.gameserver.data.xml.SpawnData	SpawnData: All spawns has been initialized!
2025.12.17 17:12:23,915	INFO	3	org.l2jmobius.gameserver.GameServer	---------------------------------------------------=[ Siege ]
2025.12.17 17:12:23,920	INFO	3	org.l2jmobius.gameserver.data.xml.SiegeScheduleData	SiegeScheduleData: Loaded 2 siege schedulers.
2025.12.17 17:12:23,920	INFO	3	org.l2jmobius.gameserver.model.siege.Siege	Siege of Giran: Sun Dec 28 20:00:00 CST 2025
2025.12.17 17:12:23,922	INFO	3	org.l2jmobius.gameserver.model.siege.Siege	Siege of Goddard: Sun Dec 28 20:00:00 CST 2025
2025.12.17 17:12:23,928	INFO	3	org.l2jmobius.gameserver.managers.FortManager	FortManager: Loaded 1 fortress.
2025.12.17 17:12:23,935	INFO	3	org.l2jmobius.gameserver.managers.CastleManorManager	CastleManorManager: Manor system is deactivated.
2025.12.17 17:12:23,937	INFO	3	org.l2jmobius.gameserver.managers.SiegeGuardManager	SiegeGuardManager: Loaded 0 siege guards tickets.
2025.12.17 17:12:23,937	INFO	3	org.l2jmobius.gameserver.managers.ScriptManager	ScriptManager: Loaded 300 quests.
2025.12.17 17:12:23,938	INFO	3	org.l2jmobius.gameserver.managers.ScriptManager	ScriptManager: Loaded 237 scripts.
2025.12.17 17:12:23,941	INFO	3	org.l2jmobius.gameserver.managers.DailyResetManager	DailyResetManager: Next schedule at 18/12/2025 06:30:00.
2025.12.17 17:12:23,945	INFO	3	org.l2jmobius.gameserver.managers.MailManager	MailManager: Loaded 0 messages.
2025.12.17 17:12:23,946	INFO	3	org.l2jmobius.gameserver.managers.PunishmentManager	PunishmentManager: Loaded 0 active and 0 expired punishments.
2025.12.17 17:12:23,949	INFO	3	org.l2jmobius.gameserver.GameServer	IdManager: Free ObjectID's remaining: 1878981727
2025.12.17 17:12:23,950	INFO	3	org.l2jmobius.gameserver.data.sql.OfflineTraderTable	OfflineTraderTable: Loading offline traders...
2025.12.17 17:12:23,950	INFO	3	org.l2jmobius.gameserver.data.sql.OfflineTraderTable	OfflineTraderTable: Loaded 0 offline traders.
2025.12.17 17:12:23,951	INFO	180	org.l2jmobius.commons.util.DeadlockWatcher	DeadlockWatcher: Thread started.
2025.12.17 17:12:25,929	INFO	3	org.l2jmobius.gameserver.GameServer	GameServer: Started, using 1350 of 6144 MB total memory.
2025.12.17 17:12:25,929	INFO	3	org.l2jmobius.gameserver.GameServer	GameServer: Maximum number of connected players is 2000.
2025.12.17 17:12:25,929	INFO	3	org.l2jmobius.gameserver.GameServer	GameServer: Server loaded in 22 seconds.
2025.12.17 17:12:25,941	INFO	190	org.l2jmobius.gameserver.LoginServerThread	LoginServerThread: Connecting to login on 127.0.0.1:9014
2025.12.17 17:12:25,974	INFO	190	org.l2jmobius.gameserver.LoginServerThread	LoginServerThread: Registered on login as Server 112: Server #112
2025.12.17 17:12:48,425	INFO	196	org.l2jmobius.gameserver.network.PacketLogger	[C] ProtocolVersion
2025.12.17 17:12:48,433	INFO	197	org.l2jmobius.gameserver.network.PacketLogger	[S] KeyPacket
2025.12.17 17:12:48,449	INFO	200	org.l2jmobius.gameserver.network.PacketLogger	[C] AuthLogin
2025.12.17 17:12:48,451	INFO	190	org.l2jmobius.gameserver.network.PacketLogger	[S] LoginFail
2025.12.17 17:12:48,457	INFO	190	org.l2jmobius.gameserver.network.PacketLogger	[S] CharSelectionInfo
2025.12.17 17:12:48,549	INFO	203	org.l2jmobius.gameserver.network.PacketLogger	[C EX] RequestBRVersion
2025.12.17 17:12:48,549	INFO	206	org.l2jmobius.gameserver.network.PacketLogger	[S EX] ExBRVersion
2025.12.17 17:12:52,931	INFO	211	org.l2jmobius.gameserver.network.PacketLogger	[C] CharacterSelect
2025.12.17 17:12:52,957	WARNING	212	org.l2jmobius.gameserver.model.actor.Creature	Master access level set for character 測試人員! Just a warning to be careful ;)
2025.12.17 17:12:52,987	INFO	212	org.l2jmobius.gameserver.network.PacketLogger	[S] CharSelected
2025.12.17 17:12:53,259	INFO	131	org.l2jmobius.gameserver.network.PacketLogger	[S] SkillList
2025.12.17 17:12:53,976	INFO	73	org.l2jmobius.gameserver.network.PacketLogger	[S EX] ExItemScore
2025.12.17 17:12:56,641	INFO	225	org.l2jmobius.gameserver.network.PacketLogger	[C EX] RequestKeyMapping
2025.12.17 17:12:56,642	INFO	226	org.l2jmobius.gameserver.network.PacketLogger	[S EX] ExUISetting
2025.12.17 17:12:57,373	INFO	245	org.l2jmobius.gameserver.network.PacketLogger	[C] EnterWorld
2025.12.17 17:12:57,377	INFO	247	org.l2jmobius.gameserver.network.PacketLogger	[S] EtcStatusUpdate
2025.12.17 17:12:57,379	INFO	249	org.l2jmobius.gameserver.network.PacketLogger	[S EX] ExUserViewInfoParameter
2025.12.17 17:12:57,379	INFO	251	org.l2jmobius.gameserver.network.PacketLogger	[C] RequestPledgeInfo
2025.12.17 17:12:57,380	INFO	254	org.l2jmobius.gameserver.network.PacketLogger	[S] CreatureSay
2025.12.17 17:12:57,380	INFO	255	org.l2jmobius.gameserver.network.PacketLogger	[S] CreatureSay
2025.12.17 17:12:57,380	INFO	256	org.l2jmobius.gameserver.network.PacketLogger	[S] CreatureSay
2025.12.17 17:12:57,381	INFO	257	org.l2jmobius.gameserver.network.PacketLogger	[S EX] ExPledgeContributionList
2025.12.17 17:12:57,381	INFO	258	org.l2jmobius.gameserver.network.PacketLogger	[S EX] ExEnterWorld
2025.12.17 17:12:57,381	INFO	259	org.l2jmobius.gameserver.network.PacketLogger	[S] SendMacroList
2025.12.17 17:12:57,382	INFO	260	org.l2jmobius.gameserver.network.PacketLogger	[S] SendMacroList
2025.12.17 17:12:57,382	INFO	261	org.l2jmobius.gameserver.network.PacketLogger	[S EX] ExGetBookMarkInfoPacket
2025.12.17 17:12:57,382	INFO	262	org.l2jmobius.gameserver.network.PacketLogger	[S] ItemList
2025.12.17 17:12:57,382	INFO	263	org.l2jmobius.gameserver.network.PacketLogger	[S] ItemList
2025.12.17 17:12:57,384	INFO	264	org.l2jmobius.gameserver.network.PacketLogger	[S EX] ExQuestItemList
2025.12.17 17:12:57,384	INFO	264	org.l2jmobius.gameserver.network.PacketLogger	[S EX] ExQuestItemList
2025.12.17 17:12:57,384	INFO	264	org.l2jmobius.gameserver.network.PacketLogger	[S] ShortcutInit
2025.12.17 17:12:57,384	INFO	264	org.l2jmobius.gameserver.network.PacketLogger	[S EX] ExBasicActionList
2025.12.17 17:12:57,385	INFO	264	org.l2jmobius.gameserver.network.PacketLogger	[S] SkillList
2025.12.17 17:12:57,385	INFO	264	org.l2jmobius.gameserver.network.PacketLogger	[S] HennaInfo
2025.12.17 17:12:57,385	INFO	264	org.l2jmobius.gameserver.network.PacketLogger	[S] PledgeInfo
2025.12.17 17:12:57,385	INFO	264	org.l2jmobius.gameserver.network.PacketLogger	[S] EtcStatusUpdate
2025.12.17 17:12:57,385	INFO	264	org.l2jmobius.gameserver.network.PacketLogger	[S] PledgeShowMemberListUpdate
2025.12.17 17:12:57,385	INFO	264	org.l2jmobius.gameserver.network.PacketLogger	[S] PledgeShowMemberListAll
2025.12.17 17:12:57,385	INFO	264	org.l2jmobius.gameserver.network.PacketLogger	[S EX] ExPledgeCount
2025.12.17 17:12:57,386	INFO	264	org.l2jmobius.gameserver.network.PacketLogger	[S EX] PledgeSkillList
2025.12.17 17:12:57,386	INFO	264	org.l2jmobius.gameserver.network.PacketLogger	[S EX] ExSubjobInfo
2025.12.17 17:12:57,386	INFO	264	org.l2jmobius.gameserver.network.PacketLogger	[S EX] ExUserInfoInvenWeight
2025.12.17 17:12:57,386	INFO	264	org.l2jmobius.gameserver.network.PacketLogger	[S EX] ExAdenaInvenCount
2025.12.17 17:12:57,386	INFO	264	org.l2jmobius.gameserver.network.PacketLogger	[S EX] ExBloodyCoinCount
2025.12.17 17:12:57,386	INFO	264	org.l2jmobius.gameserver.network.PacketLogger	[S EX] ExPledgeCoinInfo
2025.12.17 17:12:57,386	INFO	264	org.l2jmobius.gameserver.network.PacketLogger	[S EX] ExBrPremiumState
2025.12.17 17:12:57,386	INFO	264	org.l2jmobius.gameserver.network.PacketLogger	[S EX] ExEnchantChallengePointInfo
2025.12.17 17:12:57,390	INFO	264	org.l2jmobius.gameserver.network.PacketLogger	[S EX] ExSetCompassZoneCode
2025.12.17 17:12:57,390	INFO	264	org.l2jmobius.gameserver.network.PacketLogger	[S EX] ExRotation
2025.12.17 17:12:57,390	INFO	264	org.l2jmobius.gameserver.network.PacketLogger	[S] L2FriendList
2025.12.17 17:12:57,391	INFO	264	org.l2jmobius.gameserver.network.PacketLogger	[S] SystemMessage
2025.12.17 17:12:57,391	INFO	264	org.l2jmobius.gameserver.network.PacketLogger	[S] CreatureSay
2025.12.17 17:12:57,391	INFO	264	org.l2jmobius.gameserver.network.PacketLogger	[S] CreatureSay
2025.12.17 17:12:57,391	INFO	264	org.l2jmobius.gameserver.network.PacketLogger	[S] CreatureSay
2025.12.17 17:12:57,391	INFO	264	org.l2jmobius.gameserver.network.PacketLogger	[S] CreatureSay
2025.12.17 17:12:57,391	INFO	264	org.l2jmobius.gameserver.network.PacketLogger	[S] CreatureSay
2025.12.17 17:12:57,391	INFO	264	org.l2jmobius.gameserver.network.PacketLogger	[S] CreatureSay
2025.12.17 17:12:57,392	INFO	264	org.l2jmobius.gameserver.network.PacketLogger	[S] CreatureSay
2025.12.17 17:12:57,392	INFO	264	org.l2jmobius.gameserver.network.PacketLogger	[S] CreatureSay
2025.12.17 17:12:57,392	INFO	264	org.l2jmobius.gameserver.network.PacketLogger	[S] CreatureSay
2025.12.17 17:12:57,392	INFO	264	org.l2jmobius.gameserver.network.PacketLogger	[S] CreatureSay
2025.12.17 17:12:57,392	INFO	263	org.l2jmobius.gameserver.network.PacketLogger	[S] CreatureSay
2025.12.17 17:12:57,392	INFO	263	org.l2jmobius.gameserver.network.PacketLogger	[S] CreatureSay
2025.12.17 17:12:57,394	INFO	246	org.l2jmobius.gameserver.model.actor.Creature	玩家 測試人員 收藏品封包發送完成：成功 0 個，跳過 0 個
2025.12.17 17:12:57,394	INFO	246	org.l2jmobius.gameserver.network.PacketLogger	[S EX] ExCollectionSummary
2025.12.17 17:12:57,395	INFO	263	org.l2jmobius.gameserver.network.PacketLogger	[S EX] ExVoteSystemInfo
2025.12.17 17:12:57,395	INFO	263	org.l2jmobius.gameserver.network.PacketLogger	[S EX] ExShowScreenMessage
2025.12.17 17:12:57,395	INFO	135	org.l2jmobius.gameserver.network.PacketLogger	[S EX] ExFestivalBmTopItemInfo
2025.12.17 17:12:57,396	INFO	246	org.l2jmobius.gameserver.network.PacketLogger	[S EX] ExOlympiadInfo
2025.12.17 17:12:57,397	INFO	263	org.l2jmobius.gameserver.network.PacketLogger	[S] SystemMessage
2025.12.17 17:12:57,397	INFO	263	org.l2jmobius.gameserver.network.PacketLogger	[S] SystemMessage
2025.12.17 17:12:57,397	INFO	263	org.l2jmobius.gameserver.network.PacketLogger	[S EX] ExUserViewInfoParameter
2025.12.17 17:12:57,397	INFO	263	org.l2jmobius.gameserver.network.PacketLogger	[S EX] ExBeautyItemList
2025.12.17 17:12:57,397	INFO	263	org.l2jmobius.gameserver.network.PacketLogger	[S EX] ExWorldChatCnt
2025.12.17 17:12:57,415	INFO	246	org.l2jmobius.gameserver.network.PacketLogger	[S EX] ExConnectedTimeAndGettableReward
2025.12.17 17:12:57,442	INFO	246	org.l2jmobius.gameserver.network.PacketLogger	[S EX] ExOneDayReceiveRewardList
2025.12.17 17:12:57,452	INFO	264	org.l2jmobius.gameserver.network.PacketLogger	[S EX] ExAutoPlaySettingSend
2025.12.17 17:12:57,453	INFO	246	org.l2jmobius.gameserver.network.PacketLogger	[S EX] ExItemAnnounceSetting
2025.12.17 17:12:57,453	INFO	264	org.l2jmobius.gameserver.network.PacketLogger	[S EX] ExChatBackgroundList
2025.12.17 17:12:57,453	INFO	264	org.l2jmobius.gameserver.network.PacketLogger	[S EX] ExChatBackGroundSettingNotification
2025.12.17 17:12:57,453	INFO	264	org.l2jmobius.gameserver.network.PacketLogger	[S EX] ExVitalityEffectInfo
2025.12.17 17:12:57,453	INFO	264	org.l2jmobius.gameserver.network.PacketLogger	[S EX] ExMagicLampInfo
2025.12.17 17:12:57,453	INFO	264	org.l2jmobius.gameserver.network.PacketLogger	[S EX] ExCraftInfo
2025.12.17 17:12:57,453	INFO	264	org.l2jmobius.gameserver.network.PacketLogger	[S EX] ExSteadyBoxUiInit
2025.12.17 17:12:57,455	INFO	264	org.l2jmobius.gameserver.network.PacketLogger	[S EX] ExCollectionActiveEvent
2025.12.17 17:12:57,455	INFO	264	org.l2jmobius.gameserver.network.PacketLogger	[S EX] ExSubjugationSidebar
2025.12.17 17:12:57,455	INFO	264	org.l2jmobius.gameserver.network.PacketLogger	[S EX] ExRelicsList
2025.12.17 17:12:57,455	INFO	264	org.l2jmobius.gameserver.network.PacketLogger	[S EX] ExRelicsCollectionInfo
2025.12.17 17:12:57,455	INFO	264	org.l2jmobius.gameserver.network.PacketLogger	[S EX] ItemDeletionInfo
2025.12.17 17:12:57,455	INFO	264	org.l2jmobius.gameserver.network.PacketLogger	[S EX] ExDualInventorySwap
2025.12.17 17:12:57,490	INFO	263	org.l2jmobius.gameserver.network.PacketLogger	[C EX] ExAutoPlaySetting
2025.12.17 17:12:57,499	INFO	263	org.l2jmobius.gameserver.network.PacketLogger	[C] RequestSkillCoolTime
2025.12.17 17:12:57,500	INFO	263	org.l2jmobius.gameserver.network.PacketLogger	[C] RequestSkillCoolTime
2025.12.17 17:12:57,500	INFO	263	org.l2jmobius.gameserver.network.PacketLogger	[C EX] RequestGetPledgeCrestPreset
2025.12.17 17:12:57,500	INFO	268	org.l2jmobius.gameserver.network.PacketLogger	[S EX] GetPledgeCrestPreset
2025.12.17 17:12:57,501	INFO	263	org.l2jmobius.gameserver.network.PacketLogger	[C EX] RequestExPledgeDonationInfo
2025.12.17 17:12:57,502	INFO	269	org.l2jmobius.gameserver.network.PacketLogger	[S EX] ExPledgeDonationInfo
2025.12.17 17:12:57,507	INFO	263	org.l2jmobius.gameserver.network.PacketLogger	[C EX] ExRequestClassChangeVerifying
2025.12.17 17:12:57,679	INFO	263	org.l2jmobius.gameserver.network.PacketLogger	[S EX] ExVitalityEffectInfo
2025.12.17 17:12:57,683	INFO	81	org.l2jmobius.gameserver.network.PacketLogger	[S] SkillList
2025.12.17 17:12:57,709	INFO	263	org.l2jmobius.gameserver.network.PacketLogger	[C] RequestSkillCoolTime
2025.12.17 17:12:58,384	INFO	79	org.l2jmobius.gameserver.network.PacketLogger	[S EX] ExItemScore
2025.12.17 17:13:01,455	INFO	97	org.l2jmobius.gameserver.network.PacketLogger	[S EX] ElementalSpiritInfo
2025.12.17 17:13:01,455	INFO	263	org.l2jmobius.gameserver.network.PacketLogger	[S EX] ExElementalSpiritAttackType
2025.12.17 17:13:03,633	INFO	263	org.l2jmobius.gameserver.network.PacketLogger	[S] SystemMessage
2025.12.17 17:13:04,338	INFO	263	org.l2jmobius.gameserver.network.PacketLogger	[C] RequestItemList
2025.12.17 17:13:04,590	INFO	79	org.l2jmobius.gameserver.network.PacketLogger	[S] ItemList
2025.12.17 17:13:04,590	INFO	263	org.l2jmobius.gameserver.network.PacketLogger	[S] ItemList
2025.12.17 17:13:04,590	INFO	263	org.l2jmobius.gameserver.network.PacketLogger	[S EX] ExQuestItemList
2025.12.17 17:13:04,590	INFO	263	org.l2jmobius.gameserver.network.PacketLogger	[S EX] ExQuestItemList
2025.12.17 17:13:04,616	INFO	263	org.l2jmobius.gameserver.network.PacketLogger	[C EX] RequestNewHennaList
2025.12.17 17:13:04,617	INFO	277	org.l2jmobius.gameserver.network.PacketLogger	[S EX] NewHennaList
2025.12.17 17:13:05,391	INFO	126	org.l2jmobius.gameserver.network.PacketLogger	[S EX] ExAdenaInvenCount
2025.12.17 17:13:05,391	INFO	263	org.l2jmobius.gameserver.network.PacketLogger	[S EX] ExUserInfoInvenWeight
2025.12.17 17:13:05,699	INFO	263	org.l2jmobius.gameserver.network.PacketLogger	[C EX] RequestMultisellList
2025.12.17 17:13:05,701	INFO	263	org.l2jmobius.gameserver.network.PacketLogger	[C EX] RequestSaveInventoryOrder
2025.12.17 17:13:05,702	INFO	278	org.l2jmobius.gameserver.network.PacketLogger	[S] MultiSellList
2025.12.17 17:13:07,043	INFO	263	org.l2jmobius.gameserver.network.PacketLogger	[C EX] RequestMultisellList
2025.12.17 17:13:07,044	INFO	280	org.l2jmobius.gameserver.network.PacketLogger	[S] MultiSellList
2025.12.17 17:13:11,735	INFO	263	org.l2jmobius.gameserver.network.PacketLogger	[C EX] 0x222
2025.12.17 17:13:14,316	INFO	263	org.l2jmobius.gameserver.network.PacketLogger	[C EX] RequestSaveInventoryOrder
2025.12.17 17:21:00,767	INFO	263	org.l2jmobius.gameserver.network.PacketLogger	[C EX] RequestCreateItemProbList
2025.12.17 17:21:00,768	INFO	310	org.l2jmobius.gameserver.network.PacketLogger	[S EX] CreateItemProbList
2025.12.17 17:21:01,739	INFO	264	org.l2jmobius.gameserver.network.PacketLogger	[C EX] RequestCreateItemProbList
2025.12.17 17:21:01,739	INFO	311	org.l2jmobius.gameserver.network.PacketLogger	[S EX] CreateItemProbList
2025.12.17 17:21:03,110	INFO	264	org.l2jmobius.gameserver.network.PacketLogger	[C EX] RequestCreateItemProbList
2025.12.17 17:21:03,111	INFO	312	org.l2jmobius.gameserver.network.PacketLogger	[S EX] CreateItemProbList
2025.12.17 17:26:36,135	INFO	263	org.l2jmobius.gameserver.network.PacketLogger	[C] SendBypassBuildCmd
2025.12.17 17:26:36,140	INFO	149	org.l2jmobius.gameserver.network.PacketLogger	[S] CreatureSay
2025.12.17 17:26:36,141	INFO	149	org.l2jmobius.gameserver.network.PacketLogger	[S] NpcHtmlMessage
2025.12.17 17:26:36,798	INFO	263	org.l2jmobius.gameserver.network.PacketLogger	[C] RequestBypassToServer
2025.12.17 17:26:36,800	INFO	153	org.l2jmobius.gameserver.network.PacketLogger	[S] CreatureSay
2025.12.17 17:26:36,801	INFO	263	org.l2jmobius.gameserver.network.PacketLogger	[S] NpcHtmlMessage
2025.12.17 17:26:37,392	INFO	263	org.l2jmobius.gameserver.network.PacketLogger	[C] RequestBypassToServer
2025.12.17 17:26:37,394	INFO	151	org.l2jmobius.gameserver.network.PacketLogger	[S] CreatureSay
2025.12.17 17:26:37,395	INFO	263	org.l2jmobius.gameserver.network.PacketLogger	[S] NpcHtmlMessage
2025.12.17 17:26:41,347	INFO	263	org.l2jmobius.gameserver.network.PacketLogger	[C] RequestBypassToServer
2025.12.17 17:26:41,349	INFO	154	org.l2jmobius.gameserver.network.PacketLogger	[S] ActionFailed
2025.12.17 17:26:41,349	INFO	263	org.l2jmobius.gameserver.network.PacketLogger	[S] ActionFailed
2025.12.17 17:26:41,352	INFO	263	org.l2jmobius.gameserver.network.PacketLogger	[S] TeleportToLocation
2025.12.17 17:26:41,352	INFO	263	org.l2jmobius.gameserver.network.PacketLogger	[S EX] ExTeleportToLocationActivate
2025.12.17 17:26:41,352	INFO	263	org.l2jmobius.gameserver.network.PacketLogger	[S] CreatureSay
2025.12.17 17:26:42,678	INFO	263	org.l2jmobius.gameserver.network.PacketLogger	[C] Appearing
2025.12.17 17:26:42,683	INFO	322	org.l2jmobius.gameserver.network.PacketLogger	[S EX] ExAutoPlaySettingSend
2025.12.17 17:26:42,684	INFO	263	org.l2jmobius.gameserver.network.PacketLogger	[S EX] ExUserViewInfoParameter
2025.12.17 17:26:42,986	INFO	264	org.l2jmobius.gameserver.network.PacketLogger	[S EX] ExVitalityEffectInfo
2025.12.17 17:30:36,271	INFO	263	org.l2jmobius.gameserver.network.PacketLogger	[C EX] RequestSubjugationRanking
2025.12.17 17:30:36,272	INFO	263	org.l2jmobius.gameserver.network.PacketLogger	[C EX] RequestSubjugationList
2025.12.17 17:30:36,273	INFO	284	org.l2jmobius.gameserver.network.PacketLogger	[S EX] ExSubjugationList
2025.12.17 17:30:36,274	INFO	283	org.l2jmobius.gameserver.network.PacketLogger	[S EX] ExSubjugationRanking
2025.12.17 17:30:36,294	INFO	264	org.l2jmobius.gameserver.network.PacketLogger	[C EX] RequestSubjugationRanking
2025.12.17 17:30:36,294	INFO	285	org.l2jmobius.gameserver.network.PacketLogger	[S EX] ExSubjugationRanking
2025.12.17 17:30:37,196	INFO	264	org.l2jmobius.gameserver.network.PacketLogger	[C EX] RequestSubjugationGachaUI
2025.12.17 17:30:37,196	INFO	286	org.l2jmobius.gameserver.network.PacketLogger	[S EX] ExSubjugationGachaUI
2025.12.17 17:30:37,197	INFO	286	org.l2jmobius.gameserver.network.serverpackets.subjugation.ExSubjugationGachaUI	[ExSubjugationGachaUI] Category: 11, KeyCount: 0
2025.12.17 17:30:37,197	INFO	286	org.l2jmobius.gameserver.network.serverpackets.subjugation.ExSubjugationGachaUI	[ExSubjugationGachaUI] Writing 6 items
2025.12.17 17:30:37,201	INFO	286	org.l2jmobius.gameserver.network.serverpackets.subjugation.ExSubjugationGachaUI	[ExSubjugationGachaUI] ItemId: 97623, Chance: 10.0 -> 100000
2025.12.17 17:30:37,201	INFO	286	org.l2jmobius.gameserver.network.serverpackets.subjugation.ExSubjugationGachaUI	[ExSubjugationGachaUI] ItemId: 97628, Chance: 10.0 -> 100000
2025.12.17 17:30:37,201	INFO	286	org.l2jmobius.gameserver.network.serverpackets.subjugation.ExSubjugationGachaUI	[ExSubjugationGachaUI] ItemId: 102837, Chance: 10.0 -> 100000
2025.12.17 17:30:37,201	INFO	286	org.l2jmobius.gameserver.network.serverpackets.subjugation.ExSubjugationGachaUI	[ExSubjugationGachaUI] ItemId: 102847, Chance: 20.0 -> 200000
2025.12.17 17:30:37,201	INFO	286	org.l2jmobius.gameserver.network.serverpackets.subjugation.ExSubjugationGachaUI	[ExSubjugationGachaUI] ItemId: 102857, Chance: 20.0 -> 200000
2025.12.17 17:30:37,201	INFO	286	org.l2jmobius.gameserver.network.serverpackets.subjugation.ExSubjugationGachaUI	[ExSubjugationGachaUI] ItemId: 102867, Chance: 20.0 -> 200000
2025.12.17 17:32:15,357	INFO	263	org.l2jmobius.gameserver.network.PacketLogger	[C EX] RequestSubjugationList
2025.12.17 17:32:15,357	INFO	294	org.l2jmobius.gameserver.network.PacketLogger	[S EX] ExSubjugationList
2025.12.17 17:32:15,374	INFO	264	org.l2jmobius.gameserver.network.PacketLogger	[C EX] RequestSubjugationRanking
2025.12.17 17:32:15,375	INFO	295	org.l2jmobius.gameserver.network.PacketLogger	[S EX] ExSubjugationRanking
2025.12.17 17:32:15,821	INFO	263	org.l2jmobius.gameserver.network.PacketLogger	[C EX] RequestSubjugationRanking
2025.12.17 17:32:15,822	INFO	310	org.l2jmobius.gameserver.network.PacketLogger	[S EX] ExSubjugationRanking
2025.12.17 17:32:16,418	INFO	264	org.l2jmobius.gameserver.network.PacketLogger	[C EX] RequestSubjugationGachaUI
2025.12.17 17:32:16,418	INFO	311	org.l2jmobius.gameserver.network.PacketLogger	[S EX] ExSubjugationGachaUI
2025.12.17 17:32:16,418	INFO	311	org.l2jmobius.gameserver.network.serverpackets.subjugation.ExSubjugationGachaUI	[ExSubjugationGachaUI] Category: 15, KeyCount: 0
2025.12.17 17:32:16,418	INFO	311	org.l2jmobius.gameserver.network.serverpackets.subjugation.ExSubjugationGachaUI	[ExSubjugationGachaUI] Writing 6 items
2025.12.17 17:32:16,418	INFO	311	org.l2jmobius.gameserver.network.serverpackets.subjugation.ExSubjugationGachaUI	[ExSubjugationGachaUI] ItemId: 97236, Chance: 10.0 -> 100000
2025.12.17 17:32:16,418	INFO	311	org.l2jmobius.gameserver.network.serverpackets.subjugation.ExSubjugationGachaUI	[ExSubjugationGachaUI] ItemId: 97238, Chance: 10.0 -> 100000
2025.12.17 17:32:16,418	INFO	311	org.l2jmobius.gameserver.network.serverpackets.subjugation.ExSubjugationGachaUI	[ExSubjugationGachaUI] ItemId: 95481, Chance: 20.0 -> 200000
2025.12.17 17:32:16,418	INFO	311	org.l2jmobius.gameserver.network.serverpackets.subjugation.ExSubjugationGachaUI	[ExSubjugationGachaUI] ItemId: 97228, Chance: 20.0 -> 200000
2025.12.17 17:32:16,418	INFO	311	org.l2jmobius.gameserver.network.serverpackets.subjugation.ExSubjugationGachaUI	[ExSubjugationGachaUI] ItemId: 97227, Chance: 20.0 -> 200000
2025.12.17 17:32:16,418	INFO	311	org.l2jmobius.gameserver.network.serverpackets.subjugation.ExSubjugationGachaUI	[ExSubjugationGachaUI] ItemId: 97226, Chance: 20.0 -> 200000
2025.12.17 17:42:14,620	INFO	263	org.l2jmobius.gameserver.network.PacketLogger	[C EX] RequestCreateItemProbList
2025.12.17 17:42:14,621	INFO	325	org.l2jmobius.gameserver.network.PacketLogger	[S EX] CreateItemProbList
2025.12.17 17:42:15,223	INFO	263	org.l2jmobius.gameserver.network.PacketLogger	[C EX] RequestCreateItemProbList
2025.12.17 17:42:15,223	INFO	326	org.l2jmobius.gameserver.network.PacketLogger	[S EX] CreateItemProbList
2025.12.17 17:42:15,405	INFO	263	org.l2jmobius.gameserver.network.PacketLogger	[C EX] RequestCreateItemProbList
2025.12.17 17:42:15,405	INFO	327	org.l2jmobius.gameserver.network.PacketLogger	[S EX] CreateItemProbList
2025.12.17 17:42:15,544	INFO	264	org.l2jmobius.gameserver.network.PacketLogger	[C EX] RequestCreateItemProbList
2025.12.17 17:42:15,544	INFO	328	org.l2jmobius.gameserver.network.PacketLogger	[S EX] CreateItemProbList
2025.12.17 17:42:18,053	INFO	264	org.l2jmobius.gameserver.network.PacketLogger	[C] MoveToward
2025.12.17 17:42:18,061	INFO	264	org.l2jmobius.gameserver.network.PacketLogger	[C] MoveToward
2025.12.17 17:42:18,132	INFO	264	org.l2jmobius.gameserver.network.PacketLogger	[C] StopMoveToward
2025.12.17 17:42:18,132	INFO	333	org.l2jmobius.gameserver.network.PacketLogger	[S] StopMove
2025.12.17 17:42:23,949	INFO	84	org.l2jmobius.gameserver.managers.GlobalVariablesManager	GlobalVariablesManager: Stored 10 variables.
2025.12.17 17:42:52,982	INFO	82	org.l2jmobius.gameserver.network.PacketLogger	[S] PledgeShowMemberListUpdate
2025.12.17 17:43:42,312	INFO	263	org.l2jmobius.gameserver.network.PacketLogger	[C EX] RequestSaveInventoryOrder
2025.12.17 17:43:42,312	INFO	263	org.l2jmobius.gameserver.network.PacketLogger	[C] Logout
2025.12.17 17:43:44,194	WARNING	59	org.l2jmobius.gameserver.Shutdown	Server scheduled restart issued shutdown command. Shutdown in 1 seconds!
2025.12.17 17:43:45,196	WARNING	370	org.l2jmobius.gameserver.Shutdown	GM shutdown countdown is over. shutting down NOW!
2025.12.17 17:43:45,197	INFO	370	org.l2jmobius.gameserver.Shutdown	All players disconnected and saved(0ms).
2025.12.17 17:43:45,197	INFO	370	org.l2jmobius.gameserver.Shutdown	Black Coupon Manager: Destroyed items saved(1ms).
2025.12.17 17:43:45,197	INFO	370	org.l2jmobius.gameserver.Shutdown	Game Time Task Manager: Thread interruped(0ms).
2025.12.17 17:43:45,197	INFO	370	org.l2jmobius.commons.threads.ThreadPool	ThreadPool: Shutting down all thread pools.
2025.12.17 17:43:45,200	INFO	370	org.l2jmobius.gameserver.Shutdown	Thread Pool Manager: Manager has been shut down(3ms).
2025.12.17 17:43:45,200	INFO	370	org.l2jmobius.gameserver.Shutdown	Login Server Thread: Thread interruped(0ms).
2025.12.17 17:43:45,200	INFO	370	org.l2jmobius.gameserver.Shutdown	GM shutdown received. Shutting down NOW!
2025.12.17 17:43:45,215	INFO	370	org.l2jmobius.gameserver.Shutdown	RaidBossSpawnManager: All raidboss info saved(14ms).
2025.12.17 17:43:45,216	INFO	370	org.l2jmobius.gameserver.Shutdown	GrandBossManager: All Grand Boss info saved(2ms).
2025.12.17 17:43:45,216	INFO	370	org.l2jmobius.gameserver.Shutdown	Item Auction Manager: All tasks stopped(0ms).
2025.12.17 17:43:45,216	INFO	370	org.l2jmobius.gameserver.Shutdown	Olympiad System: Data saved(0ms).
2025.12.17 17:43:45,217	INFO	370	org.l2jmobius.gameserver.Shutdown	Hero System: Data saved(1ms).
2025.12.17 17:43:45,218	INFO	370	org.l2jmobius.gameserver.Shutdown	Clan System: Data saved(1ms).
2025.12.17 17:43:45,226	INFO	370	org.l2jmobius.gameserver.Shutdown	Revenge History Manager: Data saved(7ms).
2025.12.17 17:43:45,226	INFO	370	org.l2jmobius.gameserver.Shutdown	Cursed Weapons Manager: Data saved(1ms).
2025.12.17 17:43:45,227	INFO	370	org.l2jmobius.gameserver.Shutdown	Castle Manor Manager: Data saved(1ms).
2025.12.17 17:43:45,227	INFO	370	org.l2jmobius.gameserver.Shutdown	Script Manager: Data saved(0ms).
2025.12.17 17:43:45,234	INFO	370	org.l2jmobius.gameserver.managers.GlobalVariablesManager	GlobalVariablesManager: Stored 10 variables.
2025.12.17 17:43:45,234	INFO	370	org.l2jmobius.gameserver.Shutdown	Global Variables Manager: Variables saved(7ms).
2025.12.17 17:43:45,235	INFO	370	org.l2jmobius.gameserver.Shutdown	Party Matching History Table: Data saved(1ms).
2025.12.17 17:43:45,240	INFO	370	org.l2jmobius.gameserver.Shutdown	SchemeBufferTable data has been saved.
2025.12.17 17:43:45,240	INFO	370	org.l2jmobius.gameserver.Shutdown	World Exchange Manager: Data saved(5ms).
2025.12.17 17:43:45,241	INFO	370	org.l2jmobius.gameserver.Shutdown	Bot Report Table: Successfully saved reports to database!
2025.12.17 17:43:45,806	WARNING	190	org.l2jmobius.gameserver.LoginServerThread	LoginServerThread: LoginServer not available, trying to reconnect...
2025.12.17 17:43:50,243	INFO	370	org.l2jmobius.commons.database.DatabaseFactory	Database: HikariCP pool closed successfully.
2025.12.17 17:43:50,243	INFO	370	org.l2jmobius.gameserver.Shutdown	Database Factory: Database connection has been shut down(2ms).
2025.12.17 17:43:50,243	INFO	370	org.l2jmobius.gameserver.Shutdown	The server has been successfully shut down in 5seconds.
