2025.12.23 23:04:19,748	INFO	3	org.l2jmobius.commons.util.IXmlReader	Network Config: ipconfig.xml exists, using manual configuration...
2025.12.23 23:04:19,840	INFO	3	org.l2jmobius.gameserver.config.ServerConfig	Loaded 6 Filter Words.
2025.12.23 23:04:19,869	INFO	3	org.l2jmobius.gameserver.config.RatesConfig	金幣掉落區間 1: 等級1-10, 金幣200-400, 機率80.0%
2025.12.23 23:04:19,869	INFO	3	org.l2jmobius.gameserver.config.RatesConfig	金幣掉落區間 2: 等級11-20, 金幣350-600, 機率80.0%
2025.12.23 23:04:19,869	INFO	3	org.l2jmobius.gameserver.config.RatesConfig	金幣掉落區間 3: 等級21-30, 金幣550-900, 機率80.0%
2025.12.23 23:04:19,869	INFO	3	org.l2jmobius.gameserver.config.RatesConfig	金幣掉落區間 4: 等級31-40, 金幣800-1300, 機率80.0%
2025.12.23 23:04:19,869	INFO	3	org.l2jmobius.gameserver.config.RatesConfig	金幣掉落區間 5: 等級41-50, 金幣1200-1800, 機率80.0%
2025.12.23 23:04:19,870	INFO	3	org.l2jmobius.gameserver.config.RatesConfig	金幣掉落區間 6: 等級51-60, 金幣1600-2400, 機率80.0%
2025.12.23 23:04:19,870	INFO	3	org.l2jmobius.gameserver.config.RatesConfig	金幣掉落區間 7: 等級61-70, 金幣2200-3200, 機率80.0%
2025.12.23 23:04:19,870	INFO	3	org.l2jmobius.gameserver.config.RatesConfig	金幣掉落區間 8: 等級71-80, 金幣3000-4500, 機率80.0%
2025.12.23 23:04:19,870	INFO	3	org.l2jmobius.gameserver.config.RatesConfig	金幣掉落區間 9: 等級81-90, 金幣4200-6300, 機率80.0%
2025.12.23 23:04:19,870	INFO	3	org.l2jmobius.gameserver.config.RatesConfig	金幣掉落區間 10: 等級91-99, 金幣6000-8600, 機率80.0%
2025.12.23 23:04:19,870	WARNING	3	org.l2jmobius.commons.util.ConfigReader	Config 'AdenaDropRange.11' not found in file 'Rates.ini', using default: null.
2025.12.23 23:04:19,892	WARNING	3	org.l2jmobius.commons.util.ConfigReader	Config 'bufftime' not found in file 'Custom.ini', using default: 14400.
2025.12.23 23:04:19,892	INFO	3	org.l2jmobius.gameserver.GameServer	------------------------------------------------=[ Database ]
2025.12.23 23:04:19,990	INFO	3	org.l2jmobius.commons.database.DatabaseFactory	Database: HikariCP pool initialized successfully.
2025.12.23 23:04:20,130	INFO	3	org.l2jmobius.commons.database.DatabaseFactory	Database: Initialized with a valid connection.
2025.12.23 23:04:20,138	INFO	3	org.l2jmobius.gameserver.GameServer	----------------------------------------------=[ ThreadPool ]
2025.12.23 23:04:20,138	INFO	3	org.l2jmobius.commons.threads.ThreadPool	ThreadPool: Initializing.
2025.12.23 23:04:20,139	INFO	3	org.l2jmobius.commons.threads.ThreadPool	...scheduled pool executor with 16 high priority threads.
2025.12.23 23:04:20,146	INFO	3	org.l2jmobius.commons.threads.ThreadPool	...scheduled pool executor with 64 total threads.
2025.12.23 23:04:20,146	INFO	3	org.l2jmobius.commons.threads.ThreadPool	...instant pool executor with 32 total threads.
2025.12.23 23:04:20,147	INFO	3	org.l2jmobius.gameserver.GameServer	-----------------------------------------------=[ IdManager ]
2025.12.23 23:04:20,169	INFO	3	org.l2jmobius.gameserver.managers.DatabaseIdManager	DatabaseIdManager: Cleaned 0 elements in 0 seconds.
2025.12.23 23:04:20,171	INFO	3	org.l2jmobius.gameserver.managers.DatabaseIdManager	DatabaseIdManager: Updated character online status.
2025.12.23 23:04:20,176	INFO	3	org.l2jmobius.gameserver.managers.DatabaseIdManager	DatabaseIdManager: Cleaned 0 expired timestamps.
2025.12.23 23:04:20,191	INFO	3	org.l2jmobius.gameserver.managers.IdManager	IdManager: 102912 ids available.
2025.12.23 23:04:20,192	INFO	3	org.l2jmobius.gameserver.GameServer	----------------------------------------=[ Scripting Engine ]
2025.12.23 23:04:20,243	INFO	3	org.l2jmobius.gameserver.scripting.ScriptEngine	Loaded 921 files to exclude.
2025.12.23 23:04:20,243	INFO	3	org.l2jmobius.gameserver.GameServer	---------------------------------------------------=[ World ]
2025.12.23 23:04:20,394	INFO	3	org.l2jmobius.gameserver.managers.MapRegionManager	MapRegionManager: Loaded 60 map regions.
2025.12.23 23:04:20,397	INFO	3	org.l2jmobius.gameserver.managers.ZoneManager	ZoneManager 19 by 18 Zone Region Grid set up.
2025.12.23 23:04:20,730	INFO	3	org.l2jmobius.gameserver.managers.ZoneManager	ZoneManager: Loaded 35 zone classes and 2794 zones.
2025.12.23 23:04:20,736	INFO	3	org.l2jmobius.gameserver.managers.ZoneManager	ZoneManager: Last static id 202209.
2025.12.23 23:04:20,902	INFO	3	org.l2jmobius.gameserver.data.xml.DoorData	DoorData: Loaded 1257 doors.
2025.12.23 23:04:20,908	INFO	3	FenceData	FenceData: Loaded 1 fences.
2025.12.23 23:04:20,914	INFO	3	org.l2jmobius.gameserver.managers.GlobalVariablesManager	GlobalVariablesManager: Loaded 10 variables.
2025.12.23 23:04:20,916	INFO	3	org.l2jmobius.gameserver.GameServer	----------------------------------------------------=[ Data ]
2025.12.23 23:04:20,921	INFO	3	org.l2jmobius.gameserver.data.xml.ActionData	ActionData: Loaded 222 player actions.
2025.12.23 23:04:20,928	INFO	3	org.l2jmobius.gameserver.data.xml.CategoryData	CategoryData: Loaded 44 categories.
2025.12.23 23:04:20,936	INFO	3	org.l2jmobius.gameserver.data.xml.SecondaryAuthData	SecondaryAuthData: Loaded 328 forbidden passwords.
2025.12.23 23:04:20,939	INFO	3	org.l2jmobius.gameserver.data.xml.SayuneData	SayuneData: Loaded 0 maps.
2025.12.23 23:04:20,949	INFO	3	org.l2jmobius.gameserver.data.xml.ClanRewardData	ClanRewardData: Loaded 4 rewards for members online.
2025.12.23 23:04:20,950	INFO	3	org.l2jmobius.gameserver.data.xml.ClanRewardData	ClanRewardData: Loaded 4 rewards for hunting monsters.
2025.12.23 23:04:20,956	INFO	3	org.l2jmobius.gameserver.data.xml.MissionLevel	MissionLevel: Loaded 1 seasons.
2025.12.23 23:04:21,529	INFO	3	handlers.DailyMissionMasterHandler	DailyMissionMasterHandler: Loaded 14 handlers.
2025.12.23 23:04:21,541	INFO	3	org.l2jmobius.gameserver.data.xml.DailyMissionData	DailyMissionData: Loaded 76 one day rewards.
2025.12.23 23:04:21,547	INFO	3	org.l2jmobius.gameserver.data.xml.ElementalSpiritData	ElementalSpiritData: Loaded 4 elemental spirit templates.
2025.12.23 23:04:21,554	INFO	3	org.l2jmobius.gameserver.data.xml.SubjugationData	SubjugationData: Loaded 9 data.
2025.12.23 23:04:21,557	INFO	3	org.l2jmobius.gameserver.data.xml.SubjugationGacha	SubjugationGacha: Loaded 6 data.
2025.12.23 23:04:21,558	INFO	3	org.l2jmobius.gameserver.GameServer	-----------------------------------------=[ Aden Laboratory ]
2025.12.23 23:04:21,569	INFO	3	org.l2jmobius.gameserver.data.xml.AdenLaboratoryData	AdenLaboratoryData: Loaded 1 boss and 27 stages.
2025.12.23 23:04:21,589	INFO	3	org.l2jmobius.gameserver.GameServer	--------------------------------------------------=[ Skills ]
2025.12.23 23:04:23,273	INFO	3	handlers.EffectMasterHandler	EffectMasterHandler: Loaded 457 effect handlers.
2025.12.23 23:04:23,384	INFO	3	org.l2jmobius.gameserver.data.xml.TransformData	TransformData: Loaded 60 transform templates.
2025.12.23 23:04:23,510	INFO	3	org.l2jmobius.gameserver.data.xml.SkillEnchantData	SkillEnchantData: Loaded 4 star levels.
2025.12.23 23:04:23,510	INFO	3	org.l2jmobius.gameserver.data.xml.SkillEnchantData	SkillEnchantData: Loaded 5 enchant items.
2025.12.23 23:04:23,510	INFO	3	org.l2jmobius.gameserver.data.xml.SkillEnchantData	SkillEnchantData: Loaded 99 skill enchants.
2025.12.23 23:04:23,521	INFO	3	org.l2jmobius.gameserver.data.xml.EnchantSkillGroupsData	EnchantSkillGroupsData: Loaded 30 enchant routes, max enchant set to 30.
2025.12.23 23:04:25,276	INFO	3	org.l2jmobius.gameserver.data.xml.SkillData	SkillData: Loaded 80205 Skills.
2025.12.23 23:04:25,625	INFO	3	org.l2jmobius.gameserver.data.xml.SkillTreeData	SkillTreeData: Loaded 20212 Class skills for 147 class skill trees.
2025.12.23 23:04:25,625	INFO	3	org.l2jmobius.gameserver.data.xml.SkillTreeData	SkillTreeData: Loaded 0 sub-class skills.
2025.12.23 23:04:25,625	INFO	3	org.l2jmobius.gameserver.data.xml.SkillTreeData	SkillTreeData: Loaded 0 dual-class skills.
2025.12.23 23:04:25,625	INFO	3	org.l2jmobius.gameserver.data.xml.SkillTreeData	SkillTreeData: Loaded 0 transfer skills for 0 transfer skill trees.
2025.12.23 23:04:25,625	INFO	3	org.l2jmobius.gameserver.data.xml.SkillTreeData	SkillTreeData: Loaded 0 race skills for 0 race skill trees.
2025.12.23 23:04:25,625	INFO	3	org.l2jmobius.gameserver.data.xml.SkillTreeData	SkillTreeData: Loaded 18 fishing skills, 8 Dwarven only fishing skills.
2025.12.23 23:04:25,625	INFO	3	org.l2jmobius.gameserver.data.xml.SkillTreeData	SkillTreeData: Loaded 0 collect skills.
2025.12.23 23:04:25,627	INFO	3	org.l2jmobius.gameserver.data.xml.SkillTreeData	SkillTreeData: Loaded 78 clan skills, 47 for clan and 31 residential.
2025.12.23 23:04:25,627	INFO	3	org.l2jmobius.gameserver.data.xml.SkillTreeData	SkillTreeData: Loaded 18 sub-pledge skills.
2025.12.23 23:04:25,627	INFO	3	org.l2jmobius.gameserver.data.xml.SkillTreeData	SkillTreeData: Loaded 0 transform skills.
2025.12.23 23:04:25,627	INFO	3	org.l2jmobius.gameserver.data.xml.SkillTreeData	SkillTreeData: Loaded 1 noble skills.
2025.12.23 23:04:25,627	INFO	3	org.l2jmobius.gameserver.data.xml.SkillTreeData	SkillTreeData: Loaded 1 hero skills.
2025.12.23 23:04:25,627	INFO	3	org.l2jmobius.gameserver.data.xml.SkillTreeData	SkillTreeData: Loaded 34 game master skills.
2025.12.23 23:04:25,627	INFO	3	org.l2jmobius.gameserver.data.xml.SkillTreeData	SkillTreeData: Loaded 1 game master aura skills.
2025.12.23 23:04:25,627	INFO	3	org.l2jmobius.gameserver.data.xml.SkillTreeData	SkillTreeData: Loaded 0 ability skills.
2025.12.23 23:04:25,627	INFO	3	org.l2jmobius.gameserver.data.xml.SkillTreeData	SkillTreeData: Loaded 0 alchemy skills.
2025.12.23 23:04:25,628	INFO	3	org.l2jmobius.gameserver.data.xml.SkillTreeData	SkillTreeData: Loaded 0 class awaken save skills.
2025.12.23 23:04:25,628	INFO	3	org.l2jmobius.gameserver.data.xml.SkillTreeData	SkillTreeData: Loaded 0 Revelation skills.
2025.12.23 23:04:25,635	INFO	3	org.l2jmobius.gameserver.data.xml.PetSkillData	PetSkillData: Loaded 898 skills.
2025.12.23 23:04:25,642	INFO	3	org.l2jmobius.gameserver.data.xml.PetAcquireList	PetAcquireList: Loaded 10 pet skills.
2025.12.23 23:04:25,642	INFO	3	org.l2jmobius.gameserver.GameServer	---------------------------------------------------=[ Items ]
2025.12.23 23:04:26,287	INFO	3	org.l2jmobius.gameserver.data.xml.ItemData	ItemData: Highest item id used: 110000
2025.12.23 23:04:26,292	INFO	3	org.l2jmobius.gameserver.data.xml.ItemData	ItemData: Loaded 19165 etc items.
2025.12.23 23:04:26,293	INFO	3	org.l2jmobius.gameserver.data.xml.ItemData	ItemData: Loaded 3416 armor items.
2025.12.23 23:04:26,293	INFO	3	org.l2jmobius.gameserver.data.xml.ItemData	ItemData: Loaded 2582 weapon items.
2025.12.23 23:04:26,293	INFO	3	org.l2jmobius.gameserver.data.xml.ItemData	ItemData: Loaded 25163 items in total.
2025.12.23 23:04:26,297	INFO	3	org.l2jmobius.gameserver.data.xml.EnchantItemGroupsData	EnchantItemGroupsData: Loaded 33 item group templates.
2025.12.23 23:04:26,298	INFO	3	org.l2jmobius.gameserver.data.xml.EnchantItemGroupsData	EnchantItemGroupsData: Loaded 5 scroll group templates.
2025.12.23 23:04:26,298	INFO	3	org.l2jmobius.gameserver.data.xml.EnchantItemGroupsData	EnchantItemGroupsData: Max weapon enchant is set to 30.
2025.12.23 23:04:26,298	INFO	3	org.l2jmobius.gameserver.data.xml.EnchantItemGroupsData	EnchantItemGroupsData: Max armor enchant is set to 10.
2025.12.23 23:04:26,298	INFO	3	org.l2jmobius.gameserver.data.xml.EnchantItemGroupsData	EnchantItemGroupsData: Max accessory enchant is set to 10.
2025.12.23 23:04:26,303	INFO	3	org.l2jmobius.gameserver.data.xml.EnchantItemData	EnchantItemData: Loaded 137 enchant scrolls.
2025.12.23 23:04:26,303	INFO	3	org.l2jmobius.gameserver.data.xml.EnchantItemData	EnchantItemData: Loaded 0 support items.
2025.12.23 23:04:26,695	INFO	3	org.l2jmobius.gameserver.data.xml.OptionData	OptionData: Loaded 20909 options.
2025.12.23 23:04:26,700	INFO	3	org.l2jmobius.gameserver.data.xml.EnchantItemOptionsData	EnchantItemOptionsData: Loaded 56 items and 598 options.
2025.12.23 23:04:26,703	INFO	3	org.l2jmobius.gameserver.data.xml.EnchantChallengePointData	EnchantChallengePointData: Loaded 3 groups and 6 options.
2025.12.23 23:04:26,705	INFO	3	org.l2jmobius.commons.util.IXmlReader	ElementalAttributeData: Loaded 0 elemental attribute items.
2025.12.23 23:04:26,708	INFO	3	org.l2jmobius.gameserver.data.xml.ItemCrystallizationData	ItemCrystallizationData: Loaded 12 crystallization templates.
2025.12.23 23:04:26,764	INFO	3	VariationData	VariationData: Loaded 34 item groups.
2025.12.23 23:04:26,764	INFO	3	VariationData	VariationData: Loaded 37 variations.
2025.12.23 23:04:26,764	INFO	3	VariationData	VariationData: Loaded 1617 fees.
2025.12.23 23:04:26,787	INFO	3	org.l2jmobius.gameserver.data.xml.EnsoulData	EnsoulData: Loaded 265 fees.
2025.12.23 23:04:26,787	INFO	3	org.l2jmobius.gameserver.data.xml.EnsoulData	EnsoulData: Loaded 965 options.
2025.12.23 23:04:26,787	INFO	3	org.l2jmobius.gameserver.data.xml.EnsoulData	EnsoulData: Loaded 265 stones.
2025.12.23 23:04:26,789	INFO	3	org.l2jmobius.gameserver.data.xml.EnchantItemHPBonusData	EnchantItemHPBonusData: Loaded 11 enchant HP bonuses.
2025.12.23 23:04:27,071	INFO	3	org.l2jmobius.gameserver.data.xml.BuyListData	BuyListData: Loaded 458 buyLists.
2025.12.23 23:04:27,642	INFO	3	org.l2jmobius.gameserver.data.xml.MultisellData	MultisellData: Loaded 811 multisell lists.
2025.12.23 23:04:27,662	INFO	3	org.l2jmobius.gameserver.data.xml.CombinationItemsData	CombinationItemsData: Loaded 1891 combinations.
2025.12.23 23:04:27,665	INFO	3	org.l2jmobius.gameserver.data.xml.EquipmentUpgradeData	EquipmentUpgradeData: Loaded 74 upgrade equipment data.
2025.12.23 23:04:27,689	INFO	3	org.l2jmobius.gameserver.data.xml.EquipmentUpgradeNormalData	EquipmentUpgradeNormalData: Loaded 1140 upgrade-normal equipment data. Adena commission is 100.
2025.12.23 23:04:27,694	INFO	3	org.l2jmobius.gameserver.data.xml.AgathionData	AgathionData: Loaded 60 agathion data.
2025.12.23 23:04:27,697	INFO	3	org.l2jmobius.gameserver.data.xml.RaidTeleportListData	RaidTeleportListData: Loaded 47 teleports.
2025.12.23 23:04:27,711	INFO	3	org.l2jmobius.gameserver.data.xml.RecipeData	RecipeData: Loaded 594 recipes.
2025.12.23 23:04:27,721	INFO	3	org.l2jmobius.gameserver.data.xml.ArmorSetData	ArmorSetData: Loaded 51 armor sets.
2025.12.23 23:04:27,724	INFO	3	org.l2jmobius.gameserver.data.xml.FishingData	FishingData: Loaded 2 bait and 2 rod data.
2025.12.23 23:04:27,736	INFO	3	org.l2jmobius.gameserver.data.xml.HennaData	HennaData: Loaded 578 henna data.
2025.12.23 23:04:27,745	INFO	3	org.l2jmobius.gameserver.data.xml.HennaCombinationData	HennaCombinationData: Loaded 721 henna combinations.
2025.12.23 23:04:27,748	INFO	3	org.l2jmobius.gameserver.data.xml.HennaPatternPotentialData	HennaPatternPotentialData: Loaded 1 dye pattern fee data.
2025.12.23 23:04:27,750	INFO	3	org.l2jmobius.gameserver.data.xml.PrimeShopData	PrimeShopData: System is disabled.
2025.12.23 23:04:27,753	INFO	3	org.l2jmobius.gameserver.data.xml.LimitShopData	LimitShopData: Loaded 101 items.
2025.12.23 23:04:27,755	INFO	3	org.l2jmobius.gameserver.data.xml.LimitShopData	LimitShopCraftData: System is disabled.
2025.12.23 23:04:27,757	INFO	3	org.l2jmobius.gameserver.data.xml.LimitShopClanData	LimitShopClanData: System is disabled.
2025.12.23 23:04:27,762	INFO	3	org.l2jmobius.gameserver.data.xml.CollectionData	CollectionData: Loaded 528 collections.
2025.12.23 23:04:27,768	INFO	3	org.l2jmobius.gameserver.data.xml.RelicData	RelicData: Loaded 181 relics.
2025.12.23 23:04:27,769	INFO	3	org.l2jmobius.gameserver.data.xml.RelicCollectionData	RelicCollectionData: Loaded 90 relic collections.
2025.12.23 23:04:27,778	INFO	3	org.l2jmobius.gameserver.data.xml.RelicCouponData	RelicCouponData: Loaded 230 relic coupon data.
2025.12.23 23:04:27,780	INFO	3	org.l2jmobius.gameserver.data.xml.RaidDropAnnounceData	RaidDropAnnounceData: Loaded 258 raid drop announce data.
2025.12.23 23:04:27,783	INFO	3	org.l2jmobius.gameserver.data.xml.AppearanceItemData	AppearanceItemData: Loaded 2 stones.
2025.12.23 23:04:27,791	INFO	3	org.l2jmobius.gameserver.managers.PrivateStoreHistoryManager	PrivateStoreHistoryManager: Loaded 0 items history.
2025.12.23 23:04:27,795	INFO	3	org.l2jmobius.commons.util.IXmlReader	LuckyGameData: Loaded 2 lucky game data.
2025.12.23 23:04:27,797	INFO	3	org.l2jmobius.gameserver.data.xml.MableGameData	MableGameData: Disabled
2025.12.23 23:04:27,798	INFO	3	org.l2jmobius.gameserver.data.xml.AttendanceRewardData	AttendanceRewardData: Disabled.
2025.12.23 23:04:27,800	INFO	3	org.l2jmobius.gameserver.data.xml.MagicLampData	MagicLampData: Loaded 20 magic lamps exp types.
2025.12.23 23:04:27,809	INFO	3	org.l2jmobius.commons.util.IXmlReader	RandomCraftData: Loaded 1931 extraction data.
2025.12.23 23:04:27,814	INFO	3	org.l2jmobius.commons.util.IXmlReader	RandomCraftData: Loaded 922 rewards.
2025.12.23 23:04:27,819	INFO	3	org.l2jmobius.gameserver.data.xml.VipData	VipData: Loaded 11 vips.
2025.12.23 23:04:27,819	INFO	3	org.l2jmobius.gameserver.GameServer	----------------------------------------------=[ Characters ]
2025.12.23 23:04:27,822	INFO	3	org.l2jmobius.gameserver.data.xml.ClassListData	ClassListData: Loaded 147 class data.
2025.12.23 23:04:27,825	INFO	3	org.l2jmobius.gameserver.data.xml.InitialEquipmentData	InitialEquipmentData: Loaded 22 initial equipment data.
2025.12.23 23:04:27,828	INFO	3	org.l2jmobius.gameserver.data.xml.InitialShortcutData	InitialShortcutData: Loaded 6 initial global shortcut data.
2025.12.23 23:04:27,828	INFO	3	org.l2jmobius.gameserver.data.xml.InitialShortcutData	InitialShortcutData: Loaded 6 initial shortcut data.
2025.12.23 23:04:27,828	INFO	3	org.l2jmobius.gameserver.data.xml.InitialShortcutData	InitialShortcutData: Loaded 1 macro presets.
2025.12.23 23:04:27,830	INFO	3	org.l2jmobius.gameserver.data.xml.ExperienceData	ExperienceData: Loaded 100 levels.
2025.12.23 23:04:27,830	INFO	3	org.l2jmobius.gameserver.data.xml.ExperienceData	ExperienceData: Max Player Level is 99.
2025.12.23 23:04:27,830	INFO	3	org.l2jmobius.gameserver.data.xml.ExperienceData	ExperienceData: Max Pet Level is 99.
2025.12.23 23:04:27,833	INFO	3	org.l2jmobius.gameserver.data.xml.ExperienceLossData	ExperienceLossData: Loaded 99 levels.
2025.12.23 23:04:27,835	INFO	3	org.l2jmobius.gameserver.data.xml.KarmaLossData	KarmaLossData: Loaded 99 modifiers.
2025.12.23 23:04:27,836	INFO	3	org.l2jmobius.gameserver.data.xml.HitConditionBonusData	HitConditionBonusData: Loaded hit condition bonuses.
2025.12.23 23:04:28,038	INFO	3	org.l2jmobius.gameserver.data.xml.PlayerTemplateData	PlayerTemplateData: Loaded 147 player templates.
2025.12.23 23:04:28,038	INFO	3	org.l2jmobius.gameserver.data.xml.PlayerTemplateData	PlayerTemplateData: Loaded 87318 level up gain records.
2025.12.23 23:04:28,040	INFO	3	org.l2jmobius.gameserver.data.sql.CharInfoTable	CharInfoTable: Loaded 0 char names.
2025.12.23 23:04:28,041	INFO	3	org.l2jmobius.gameserver.data.sql.PartyMatchingHistoryTable	PartyMatchingHistoryTable: Loaded 0 party matching history data.
2025.12.23 23:04:28,044	INFO	3	org.l2jmobius.gameserver.data.xml.AdminData	AdminData: Loaded 10 access levels.
2025.12.23 23:04:28,046	INFO	3	org.l2jmobius.gameserver.data.xml.AdminData	AdminData: Loaded 469 access commands.
2025.12.23 23:04:28,234	INFO	3	org.l2jmobius.gameserver.data.xml.PetDataTable	PetDataTable: Loaded 54 pets.
2025.12.23 23:04:28,237	INFO	3	org.l2jmobius.gameserver.data.xml.PetTypeData	PetTypeData: Loaded 323 pet types.
2025.12.23 23:04:28,241	INFO	3	org.l2jmobius.gameserver.data.xml.PetExtractData	PetExtractData: Loaded 7 pet extraction data.
2025.12.23 23:04:28,262	INFO	3	org.l2jmobius.gameserver.data.xml.CubicData	CubicData: Loaded 24 cubics.
2025.12.23 23:04:28,274	INFO	3	org.l2jmobius.commons.util.IXmlReader	CharacterStylesData: Loaded 4 Character Styles.
2025.12.23 23:04:28,274	INFO	3	org.l2jmobius.commons.util.IXmlReader	CharacterStylesData:   APPEARANCE_WEAPON -> 115 styles.
2025.12.23 23:04:28,275	INFO	3	org.l2jmobius.commons.util.IXmlReader	CharacterStylesData:   APPEARANCE_ARMOR -> 5 styles.
2025.12.23 23:04:28,275	INFO	3	org.l2jmobius.commons.util.IXmlReader	CharacterStylesData:   CHAT_BACKGROUND -> 4 styles.
2025.12.23 23:04:28,275	INFO	3	org.l2jmobius.commons.util.IXmlReader	CharacterStylesData:   KILL_EFFECT -> 12 styles.
2025.12.23 23:04:28,275	INFO	3	org.l2jmobius.commons.util.IXmlReader	CharacterStylesData: Cached 115 Weapon Styles.
2025.12.23 23:04:28,275	INFO	3	org.l2jmobius.commons.util.IXmlReader	CharacterStylesData: Cached 12 Kill Effect Styles.
2025.12.23 23:04:28,276	INFO	3	org.l2jmobius.gameserver.data.xml.WuxianData	無限成長系統: 已載入 0 筆人物加成數據.
2025.12.23 23:04:28,276	INFO	3	org.l2jmobius.gameserver.GameServer	---------------------------------------------------=[ Clans ]
2025.12.23 23:04:28,278	INFO	3	org.l2jmobius.gameserver.data.xml.ClanLevelData	ClanLevelData: Loaded 15 clan level data.
2025.12.23 23:04:28,286	INFO	3	org.l2jmobius.gameserver.communitybbs.Manager.ForumsBBSManager	ForumsBBSManager: Loaded 4 forums. Last forum id used: 4
2025.12.23 23:04:28,286	INFO	3	org.l2jmobius.gameserver.data.sql.ClanTable	ClanTable: Restored 0 clans from the database.
2025.12.23 23:04:28,290	INFO	3	org.l2jmobius.gameserver.data.xml.ResidenceFunctionsData	ResidenceFunctionsData: Loaded 8 functions.
2025.12.23 23:04:28,356	INFO	3	org.l2jmobius.gameserver.data.xml.ClanHallData	ClanHallData: Succesfully loaded 46 clan halls.
2025.12.23 23:04:28,357	INFO	3	org.l2jmobius.gameserver.managers.ClanHallAuctionManager	ClanHallAuctionManager: Clan Hall Auction has started!
2025.12.23 23:04:28,370	INFO	3	org.l2jmobius.gameserver.managers.ClanEntryManager	ClanEntryManager: Loaded 0 clan entries.
2025.12.23 23:04:28,370	INFO	3	org.l2jmobius.gameserver.managers.ClanEntryManager	ClanEntryManager: Loaded 0 players in waiting list.
2025.12.23 23:04:28,370	INFO	3	org.l2jmobius.gameserver.managers.ClanEntryManager	ClanEntryManager: Loaded 0 player applications.
2025.12.23 23:04:28,370	INFO	3	org.l2jmobius.gameserver.GameServer	-------------------------------------------------=[ Geodata ]
2025.12.23 23:04:28,377	INFO	3	org.l2jmobius.gameserver.geoengine.GeoEngine	GeoEngine: Loaded 0 regions.
2025.12.23 23:04:28,377	INFO	3	org.l2jmobius.gameserver.geoengine.GeoEngine	GeoEngine: Pathfinding is disabled.
2025.12.23 23:04:28,377	INFO	3	org.l2jmobius.gameserver.GameServer	----------------------------------------------------=[ NPCs ]
2025.12.23 23:04:29,226	INFO	3	org.l2jmobius.gameserver.data.xml.NpcData	NpcData: Loaded 9723 NPCs.
2025.12.23 23:04:29,251	INFO	3	org.l2jmobius.gameserver.data.xml.NpcData	NpcData: Loaded 77 custom NPCs.
2025.12.23 23:04:29,573	INFO	3	org.l2jmobius.gameserver.data.xml.SpawnData	SpawnData: Loaded 40755 spawns
2025.12.23 23:04:29,576	INFO	3	org.l2jmobius.gameserver.managers.WalkingManager	WalkingManager: Loaded 1 walking routes.
2025.12.23 23:04:29,582	INFO	3	org.l2jmobius.gameserver.data.xml.StaticObjectData	StaticObjectData: Loaded 86 static object templates.
2025.12.23 23:04:29,583	INFO	3	org.l2jmobius.gameserver.managers.ItemAuctionManager	ItemAuctionManager: Disabled.
2025.12.23 23:04:29,606	INFO	3	org.l2jmobius.gameserver.managers.InstanceManager	InstanceManager: Loaded 117 instance names.
2025.12.23 23:04:29,650	WARNING	3	org.l2jmobius.gameserver.managers.InstanceManager	InstanceManager: Instance template with ID 229 already exists
2025.12.23 23:04:29,652	WARNING	3	org.l2jmobius.gameserver.managers.InstanceManager	InstanceManager: Instance template with ID 1032 already exists
2025.12.23 23:04:29,661	INFO	3	org.l2jmobius.gameserver.managers.InstanceManager	InstanceManager: Loaded 26 instance templates.
2025.12.23 23:04:29,662	INFO	3	org.l2jmobius.gameserver.managers.InstanceManager	InstanceManager: Loaded instance reenter times for 0 players.
2025.12.23 23:04:29,665	INFO	3	org.l2jmobius.gameserver.managers.CastleManager	CastleManager: Loaded 2 castles.
2025.12.23 23:04:29,670	INFO	3	org.l2jmobius.gameserver.data.SchemeBufferTable	SchemeBufferTable: Loaded 0 players schemes and 60 available buffs.
2025.12.23 23:04:29,672	INFO	3	org.l2jmobius.gameserver.managers.GrandBossManager	GrandBossManager: 巨蟻女王(29001) status is 0
2025.12.23 23:04:29,672	INFO	3	org.l2jmobius.gameserver.managers.GrandBossManager	GrandBossManager: 核心(29006) status is 0
2025.12.23 23:04:29,672	INFO	3	org.l2jmobius.gameserver.managers.GrandBossManager	GrandBossManager: 奧爾芬(29014) status is 0
2025.12.23 23:04:29,672	INFO	3	org.l2jmobius.gameserver.managers.GrandBossManager	GrandBossManager: 巴溫(29020) status is 0
2025.12.23 23:04:29,672	INFO	3	org.l2jmobius.gameserver.managers.GrandBossManager	GrandBossManager: 札肯(29022) status is 0
2025.12.23 23:04:29,672	INFO	3	org.l2jmobius.gameserver.managers.GrandBossManager	GrandBossManager: Loaded 5 instances.
2025.12.23 23:04:29,674	INFO	3	org.l2jmobius.gameserver.GameServer	------------------------------------------------=[ Instance ]
2025.12.23 23:04:29,674	INFO	3	org.l2jmobius.gameserver.GameServer	------------------------------------------------=[ Olympiad ]
2025.12.23 23:04:29,677	INFO	3	org.l2jmobius.gameserver.model.olympiad.Olympiad	Disabled.
2025.12.23 23:04:29,678	INFO	3	org.l2jmobius.gameserver.GameServer	---------------------------------------------------=[ Cache ]
2025.12.23 23:04:29,678	INFO	3	org.l2jmobius.gameserver.cache.HtmCache	Cache[HTML]: Running lazy cache.
2025.12.23 23:04:29,679	INFO	3	org.l2jmobius.gameserver.data.sql.CrestTable	CrestTable: Loaded 0 Crests.
2025.12.23 23:04:29,683	INFO	3	org.l2jmobius.gameserver.data.xml.TeleportListData	TeleportListData: Loaded 215 teleports.
2025.12.23 23:04:29,683	INFO	3	org.l2jmobius.gameserver.managers.SharedTeleportManager	SharedTeleportManager: initialized.
2025.12.23 23:04:32,322	INFO	3	org.l2jmobius.gameserver.data.xml.TeleporterData	TeleporterData: Loaded 112 npc teleporters.
2025.12.23 23:04:32,324	INFO	3	org.l2jmobius.gameserver.data.xml.TimedHuntingZoneData	TimedHuntingZoneData: Loaded 6 timed hunting zones.
2025.12.23 23:04:32,329	INFO	3	org.l2jmobius.gameserver.data.BotReportTable	BotReportTable: Loaded 0 bot reports
2025.12.23 23:04:32,332	INFO	3	org.l2jmobius.gameserver.GameServer	-------------------------------------------------=[ Scripts ]
2025.12.23 23:04:32,347	INFO	3	org.l2jmobius.gameserver.data.xml.NewQuestData	NewQuestData: Loaded 387 new quest data.
2025.12.23 23:04:32,350	INFO	3	org.l2jmobius.gameserver.managers.AirShipManager	AirShipManager: Loaded 0 private airships
2025.12.23 23:04:32,355	INFO	3	org.l2jmobius.gameserver.data.xml.ShuttleData	ShuttleData: Loaded 3 shuttles.
2025.12.23 23:04:32,355	INFO	3	org.l2jmobius.gameserver.GameServer	GameServer: Loading server scripts:
2025.12.23 23:04:33,492	INFO	3	handlers.MasterHandler	Loading Handlers...
2025.12.23 23:04:33,552	INFO	3	handlers.MasterHandler	ActionHandler: Loaded 10 handlers.
2025.12.23 23:04:33,552	INFO	3	handlers.MasterHandler	ActionShiftHandler: Loaded 6 handlers.
2025.12.23 23:04:33,552	INFO	3	handlers.MasterHandler	AdminCommandHandler: Loaded 465 handlers.
2025.12.23 23:04:33,553	INFO	3	handlers.MasterHandler	BypassHandler: Loaded 33 handlers.
2025.12.23 23:04:33,553	INFO	3	handlers.MasterHandler	ChatHandler: Loaded 15 handlers.
2025.12.23 23:04:33,553	INFO	3	handlers.MasterHandler	CommunityBoardHandler: Loaded 24 handlers.
2025.12.23 23:04:33,553	INFO	3	handlers.MasterHandler	ItemHandler: Loaded 41 handlers.
2025.12.23 23:04:33,553	INFO	3	handlers.MasterHandler	PunishmentHandler: Loaded 3 handlers.
2025.12.23 23:04:33,553	INFO	3	handlers.MasterHandler	UserCommandHandler: Loaded 16 handlers.
2025.12.23 23:04:33,553	INFO	3	handlers.MasterHandler	VoicedCommandHandler: Loaded 22 handlers.
2025.12.23 23:04:33,553	INFO	3	handlers.MasterHandler	TargetHandler: Loaded 24 handlers.
2025.12.23 23:04:33,553	INFO	3	handlers.MasterHandler	AffectObjectHandler: Loaded 11 handlers.
2025.12.23 23:04:33,553	INFO	3	handlers.MasterHandler	AffectScopeHandler: Loaded 19 handlers.
2025.12.23 23:04:33,553	INFO	3	handlers.MasterHandler	PlayerActionHandler: Loaded 24 handlers.
2025.12.23 23:04:33,553	INFO	3	handlers.MasterHandler	Handlers Loaded...
2025.12.23 23:04:36,143	INFO	3	ai.areas.FairyInvadedLands.FairyInvadedLands	精靈入侵領地: 設定的檢查時間點 - 06:00, 12:00, 18:00, 00:00
2025.12.23 23:04:36,143	INFO	3	ai.areas.FairyInvadedLands.FairyInvadedLands	精靈入侵領地: 每 60 秒檢查一次時間
2025.12.23 23:04:36,281	INFO	3	org.l2jmobius.gameserver.managers.GrandBossManager	GrandBossManager: Updated 札肯(29022) status to 0.
2025.12.23 23:04:36,299	INFO	3	ai.others.ClassMaster.ClassMaster	ClassMaster: Loaded 3 class change options.
2025.12.23 23:04:36,347	SEVERE	3	org.l2jmobius.gameserver.model.script.Quest	PromotionRewardNpc: Found addStartNpc for non existing NPC: 900012!
2025.12.23 23:04:36,348	SEVERE	3	org.l2jmobius.gameserver.model.script.Quest	PromotionRewardNpc: Found addFirstTalkId for non existing NPC: 900012!
2025.12.23 23:04:36,348	SEVERE	3	org.l2jmobius.gameserver.model.script.Quest	PromotionRewardNpc: Found addTalkId for non existing NPC: 900012!
2025.12.23 23:04:36,351	INFO	3	custom.RunMerchant.RunMerchant	[RunMerchant] 已加載城市倍率
2025.12.23 23:04:36,352	INFO	3	custom.RunMerchant.RunMerchant	[RunMerchant] 跑商系統已啟動
2025.12.23 23:04:36,355	SEVERE	3	org.l2jmobius.gameserver.model.script.Quest	Transmog: Found addStartNpc for non existing NPC: 9000009!
2025.12.23 23:04:36,356	SEVERE	3	org.l2jmobius.gameserver.model.script.Quest	Transmog: Found addTalkId for non existing NPC: 9000009!
2025.12.23 23:04:36,356	SEVERE	3	org.l2jmobius.gameserver.model.script.Quest	Transmog: Found addFirstTalkId for non existing NPC: 9000009!
2025.12.23 23:04:36,365	INFO	3	org.l2jmobius.gameserver.model.script.Quest	Event Balthus Festival has passed... Ignored 
2025.12.23 23:04:36,375	INFO	3	org.l2jmobius.gameserver.model.script.Quest	Event Battle With Keber has passed... Ignored 
2025.12.23 23:04:36,378	INFO	3	org.l2jmobius.gameserver.model.script.Quest	Event Black Coupon has passed... Ignored 
2025.12.23 23:04:36,380	INFO	3	org.l2jmobius.gameserver.model.script.Quest	Event Blossom Festival has passed... Ignored 
2025.12.23 23:04:36,383	INFO	3	org.l2jmobius.gameserver.model.script.Quest	Event Chef Monkey Event has passed... Ignored 
2025.12.23 23:04:36,385	INFO	3	org.l2jmobius.gameserver.model.script.Quest	Event Cross Event has passed... Ignored 
2025.12.23 23:04:36,388	INFO	3	org.l2jmobius.gameserver.model.script.Quest	Event DefeatTheQueen has passed... Ignored 
2025.12.23 23:04:36,390	INFO	3	org.l2jmobius.gameserver.model.script.Quest	Event Eve the Fortune Teller has passed... Ignored 
2025.12.23 23:04:36,392	INFO	3	org.l2jmobius.gameserver.model.script.Quest	Event Blossom Festival has passed... Ignored 
2025.12.23 23:04:36,393	INFO	3	org.l2jmobius.gameserver.model.script.Quest	Event 世界掉落 has passed... Ignored 
2025.12.23 23:04:36,394	SEVERE	3	org.l2jmobius.gameserver.model.script.Quest	GlobalDrop: Found addStartNpc for non existing NPC: 4306!
2025.12.23 23:04:36,394	SEVERE	3	org.l2jmobius.gameserver.model.script.Quest	GlobalDrop: Found addFirstTalkId for non existing NPC: 4306!
2025.12.23 23:04:36,394	SEVERE	3	org.l2jmobius.gameserver.model.script.Quest	GlobalDrop: Found addTalkId for non existing NPC: 4306!
2025.12.23 23:04:36,397	INFO	3	org.l2jmobius.gameserver.model.script.Quest	Event Golden Wheel has passed... Ignored 
2025.12.23 23:04:36,399	INFO	3	org.l2jmobius.gameserver.model.script.Quest	Event Holiday out of Schedule has passed... Ignored 
2025.12.23 23:04:36,401	INFO	3	org.l2jmobius.gameserver.model.script.Quest	Event LegendOfTheWaterTemple has passed... Ignored 
2025.12.23 23:04:36,404	INFO	3	org.l2jmobius.gameserver.model.script.Quest	Event Leona's Dungeon Event has passed... Ignored 
2025.12.23 23:04:36,407	INFO	3	org.l2jmobius.gameserver.model.script.Quest	Event Letter Collector has passed... Ignored 
2025.12.23 23:04:36,410	INFO	3	org.l2jmobius.gameserver.model.script.Quest	Event Merry Squashmas Event has passed... Ignored 
2025.12.23 23:04:36,414	INFO	3	org.l2jmobius.gameserver.model.script.Quest	Event Secret Shop has passed... Ignored 
2025.12.23 23:04:36,416	INFO	3	org.l2jmobius.gameserver.model.script.Quest	Event Squash Event has passed... Ignored 
2025.12.23 23:04:36,418	INFO	3	org.l2jmobius.gameserver.model.script.Quest	Event The Power Of Love has passed... Ignored 
2025.12.23 23:04:36,419	INFO	3	org.l2jmobius.gameserver.model.script.Quest	Event Total Recall has passed... Ignored 
2025.12.23 23:04:36,421	INFO	3	org.l2jmobius.gameserver.model.script.Quest	Event Unique Gacha has passed... Ignored 
2025.12.23 23:04:36,423	INFO	3	org.l2jmobius.gameserver.model.script.Quest	Event Watermelon Ninja has passed... Ignored 
2025.12.23 23:04:36,670	INFO	3	org.l2jmobius.gameserver.data.xml.SpawnData	SpawnData: Initializing spawns...
2025.12.23 23:04:38,842	INFO	3	org.l2jmobius.gameserver.managers.DatabaseSpawnManager	DatabaseSpawnManager: Loaded 35 instances.
2025.12.23 23:04:38,843	INFO	3	org.l2jmobius.gameserver.managers.DatabaseSpawnManager	DatabaseSpawnManager: Scheduled 0 instances.
2025.12.23 23:04:39,929	INFO	3	org.l2jmobius.gameserver.data.xml.SpawnData	SpawnData: All spawns has been initialized!
2025.12.23 23:04:39,929	INFO	3	org.l2jmobius.gameserver.GameServer	---------------------------------------------------=[ Siege ]
2025.12.23 23:04:39,937	INFO	3	org.l2jmobius.gameserver.data.xml.SiegeScheduleData	SiegeScheduleData: Loaded 2 siege schedulers.
2025.12.23 23:04:39,943	INFO	3	org.l2jmobius.gameserver.model.siege.Siege	Siege of 奇岩: Sun Dec 28 20:00:00 CST 2025
2025.12.23 23:04:39,946	INFO	3	org.l2jmobius.gameserver.model.siege.Siege	Siege of 高達特: Sun Dec 28 20:00:00 CST 2025
2025.12.23 23:04:39,955	INFO	3	org.l2jmobius.gameserver.managers.FortManager	FortManager: Loaded 1 fortress.
2025.12.23 23:04:39,970	INFO	3	org.l2jmobius.gameserver.managers.CastleManorManager	CastleManorManager: Manor system is deactivated.
2025.12.23 23:04:39,976	INFO	3	org.l2jmobius.gameserver.managers.SiegeGuardManager	SiegeGuardManager: Loaded 0 siege guards tickets.
2025.12.23 23:04:39,976	INFO	3	org.l2jmobius.gameserver.managers.ScriptManager	ScriptManager: Loaded 300 quests.
2025.12.23 23:04:39,977	INFO	3	org.l2jmobius.gameserver.managers.ScriptManager	ScriptManager: Loaded 239 scripts.
2025.12.23 23:04:39,980	INFO	3	org.l2jmobius.gameserver.managers.DailyResetManager	DailyResetManager: Next schedule at 24/12/2025 06:30:00.
2025.12.23 23:04:39,985	INFO	3	org.l2jmobius.gameserver.managers.MailManager	MailManager: Loaded 0 messages.
2025.12.23 23:04:39,987	INFO	3	org.l2jmobius.gameserver.managers.PunishmentManager	PunishmentManager: Loaded 0 active and 0 expired punishments.
2025.12.23 23:04:39,990	INFO	3	org.l2jmobius.gameserver.GameServer	IdManager: Free ObjectID's remaining: 1878981732
2025.12.23 23:04:39,992	INFO	3	org.l2jmobius.gameserver.data.sql.OfflineTraderTable	OfflineTraderTable: Loading offline traders...
2025.12.23 23:04:39,992	INFO	3	org.l2jmobius.gameserver.data.sql.OfflineTraderTable	OfflineTraderTable: Loaded 0 offline traders.
2025.12.23 23:04:39,994	INFO	176	org.l2jmobius.commons.util.DeadlockWatcher	DeadlockWatcher: Thread started.
2025.12.23 23:04:42,055	INFO	3	org.l2jmobius.gameserver.GameServer	GameServer: Started, using 1356 of 6144 MB total memory.
2025.12.23 23:04:42,056	INFO	3	org.l2jmobius.gameserver.GameServer	GameServer: Maximum number of connected players is 2000.
2025.12.23 23:04:42,056	INFO	3	org.l2jmobius.gameserver.GameServer	GameServer: Server loaded in 22 seconds.
2025.12.23 23:04:42,073	INFO	186	org.l2jmobius.gameserver.LoginServerThread	LoginServerThread: Connecting to login on 127.0.0.1:9015
2025.12.23 23:04:42,119	INFO	186	org.l2jmobius.gameserver.LoginServerThread	LoginServerThread: Registered on login as Server 112: Server #112
2025.12.23 23:06:24,885	WARNING	59	org.l2jmobius.gameserver.Shutdown	Server scheduled restart issued shutdown command. Shutdown in 1 seconds!
2025.12.23 23:06:25,886	WARNING	195	org.l2jmobius.gameserver.Shutdown	GM shutdown countdown is over. shutting down NOW!
2025.12.23 23:06:25,888	INFO	195	org.l2jmobius.gameserver.Shutdown	All players disconnected and saved(0ms).
2025.12.23 23:06:25,888	INFO	195	org.l2jmobius.gameserver.Shutdown	Black Coupon Manager: Destroyed items saved(1ms).
2025.12.23 23:06:25,888	INFO	195	org.l2jmobius.gameserver.Shutdown	Game Time Task Manager: Thread interruped(0ms).
2025.12.23 23:06:25,888	INFO	195	org.l2jmobius.commons.threads.ThreadPool	ThreadPool: Shutting down all thread pools.
2025.12.23 23:06:25,889	INFO	195	org.l2jmobius.gameserver.Shutdown	Thread Pool Manager: Manager has been shut down(1ms).
2025.12.23 23:06:25,889	INFO	195	org.l2jmobius.gameserver.Shutdown	Login Server Thread: Thread interruped(0ms).
2025.12.23 23:06:25,889	INFO	195	org.l2jmobius.gameserver.Shutdown	GM shutdown received. Shutting down NOW!
2025.12.23 23:06:25,898	INFO	195	org.l2jmobius.gameserver.Shutdown	RaidBossSpawnManager: All raidboss info saved(9ms).
2025.12.23 23:06:25,899	INFO	195	org.l2jmobius.gameserver.Shutdown	GrandBossManager: All Grand Boss info saved(1ms).
2025.12.23 23:06:25,899	INFO	195	org.l2jmobius.gameserver.Shutdown	Item Auction Manager: All tasks stopped(0ms).
2025.12.23 23:06:25,900	INFO	195	org.l2jmobius.gameserver.Shutdown	Olympiad System: Data saved(1ms).
2025.12.23 23:06:25,901	INFO	195	org.l2jmobius.gameserver.Shutdown	Hero System: Data saved(1ms).
2025.12.23 23:06:25,901	INFO	195	org.l2jmobius.gameserver.Shutdown	Clan System: Data saved(0ms).
2025.12.23 23:06:25,909	INFO	195	org.l2jmobius.gameserver.Shutdown	Revenge History Manager: Data saved(7ms).
2025.12.23 23:06:25,909	INFO	195	org.l2jmobius.gameserver.Shutdown	Cursed Weapons Manager: Data saved(1ms).
2025.12.23 23:06:25,909	INFO	195	org.l2jmobius.gameserver.Shutdown	Castle Manor Manager: Data saved(0ms).
2025.12.23 23:06:25,911	INFO	195	org.l2jmobius.gameserver.Shutdown	Script Manager: Data saved(2ms).
2025.12.23 23:06:25,917	INFO	195	org.l2jmobius.gameserver.managers.GlobalVariablesManager	GlobalVariablesManager: Stored 10 variables.
2025.12.23 23:06:25,917	INFO	195	org.l2jmobius.gameserver.Shutdown	Global Variables Manager: Variables saved(6ms).
2025.12.23 23:06:25,917	INFO	195	org.l2jmobius.gameserver.Shutdown	Party Matching History Table: Data saved(0ms).
2025.12.23 23:06:25,923	INFO	195	org.l2jmobius.gameserver.Shutdown	SchemeBufferTable data has been saved.
2025.12.23 23:06:25,924	INFO	195	org.l2jmobius.gameserver.Shutdown	World Exchange Manager: Data saved(7ms).
2025.12.23 23:06:25,924	INFO	195	org.l2jmobius.gameserver.Shutdown	Bot Report Table: Successfully saved reports to database!
2025.12.23 23:06:26,581	WARNING	186	org.l2jmobius.gameserver.LoginServerThread	LoginServerThread: LoginServer not available, trying to reconnect...
2025.12.23 23:06:30,934	INFO	195	org.l2jmobius.commons.database.DatabaseFactory	Database: HikariCP pool closed successfully.
2025.12.23 23:06:30,935	INFO	195	org.l2jmobius.gameserver.Shutdown	Database Factory: Database connection has been shut down(10ms).
2025.12.23 23:06:30,935	INFO	195	org.l2jmobius.gameserver.Shutdown	The server has been successfully shut down in 5seconds.
